#
# A fatal error has been detected by the Java Runtime Environment:
#
#  EXCEPTION_ACCESS_VIOLATION (0xc0000005) at pc=0x61a0ee09, pid=8984, tid=7760
#
# JRE version: 7.0_10-b18
# Java VM: Java HotSpot(TM) Client VM (23.6-b04 mixed mode, sharing windows-x86 )
# Problematic frame:
# C  [opencv_java249.dll+0x6ee09]  Java_org_opencv_contrib_Contrib_chamerMatching_11+0x2a859
#
# Failed to write core dump. Minidumps are not enabled by default on client versions of Windows
#
# If you would like to submit a bug report, please visit:
#   http://bugreport.sun.com/bugreport/crash.jsp
# The crash happened outside the Java Virtual Machine in native code.
# See problematic frame for where to report the bug.
#

---------------  T H R E A D  ---------------

Current thread (0x0094b000):  JavaThread "Finalizer" daemon [_thread_in_native, id=7760, stack(0x00d10000,0x00d60000)]

siginfo: ExceptionCode=0xc0000005, writing address 0x01010101

Registers:
EAX=0xffffffff, EBX=0x00000000, ECX=0x01010101, EDX=0x0094b128
ESP=0x00d5f170, EBP=0x00d5f170, ESI=0x04a93898, EDI=0x00000000
EIP=0x61a0ee09, EFLAGS=0x00010202

Top of Stack: (sp=0x00d5f170)
0x00d5f170:   00d5f188 619ac14d 01010101 ffffffff
0x00d5f180:   0094b000 00d5f1a8 00d5f1b8 023e1e6b
0x00d5f190:   0094b128 00d5f1a8 04a93898 00000000
0x00d5f1a0:   3863205c 00d5f1c4 299cf4c0 00000000
0x00d5f1b0:   3913c360 00000000 00d5f210 023e1bf4
0x00d5f1c0:   04a93898 00000000 00d5f1c8 3862ed91
0x00d5f1d0:   24841650 39137ba8 00d5f210 022e03d7
0x00d5f1e0:   00000000 00d5f1f0 00d5f210 022e03d7 

Instructions: (pc=0x61a0ee09)
0x61a0ede9:   7c cc 40 00 83 c4 04 c7 06 00 00 00 00 5e c3 cc
0x61a0edf9:   cc cc cc cc cc cc cc 55 8b ec 8b 45 0c 8b 4d 08
0x61a0ee09:   f0 0f c1 01 5d c3 cc 55 8b ec 6a ff 68 2b 0d ea
0x61a0ee19:   61 64 a1 00 00 00 00 50 51 56 57 a1 10 44 10 62 


Register to memory mapping:

EAX=0xffffffff is an unknown value
EBX=0x00000000 is an unknown value
ECX=0x01010101 is an unknown value
EDX=0x0094b128 is an unknown value
ESP=0x00d5f170 is pointing into the stack for thread: 0x0094b000
EBP=0x00d5f170 is pointing into the stack for thread: 0x0094b000
ESI=0x04a93898 is an unknown value
EDI=0x00000000 is an unknown value


Stack: [0x00d10000,0x00d60000],  sp=0x00d5f170,  free space=316k
Native frames: (J=compiled Java code, j=interpreted, Vv=VM code, C=native code)
C  [opencv_java249.dll+0x6ee09]  Java_org_opencv_contrib_Contrib_chamerMatching_11+0x2a859
C  [opencv_java249.dll+0xc14d]  Java_org_opencv_core_Mat_n_1delete+0x1d
J  org.opencv.core.Mat.n_delete(J)V
J  org.opencv.core.Mat.finalize()V
V  [jvm.dll+0x12a3ba]
V  [jvm.dll+0x1d97de]
V  [jvm.dll+0x12a43d]
V  [jvm.dll+0xaf12a]
V  [jvm.dll+0xb283f]
C  [java.dll+0x20f5]  Java_java_lang_ref_Finalizer_invokeFinalizeMethod+0x39
J  java.lang.ref.Finalizer.runFinalizer()V
v  ~StubRoutines::call_stub
V  [jvm.dll+0x12a3ba]
V  [jvm.dll+0x1d97de]
V  [jvm.dll+0x12a5a3]
V  [jvm.dll+0x12a607]
V  [jvm.dll+0xd315f]
V  [jvm.dll+0x14a6b7]
V  [jvm.dll+0x14a820]
V  [jvm.dll+0x17f009]
C  [msvcr100.dll+0x10fac]  freefls+0x130
C  [msvcr100.dll+0x110b1]  __fls_getvalue+0x58
C  [kernel32.dll+0x1338a]  BaseThreadInitThunk+0x12
C  [ntdll.dll+0x39f72]  RtlInitializeExceptionChain+0x63
C  [ntdll.dll+0x39f45]  RtlInitializeExceptionChain+0x36

Java frames: (J=compiled Java code, j=interpreted, Vv=VM code)
J  org.opencv.core.Mat.n_delete(J)V
J  org.opencv.core.Mat.finalize()V
v  ~StubRoutines::call_stub
J  java.lang.ref.Finalizer.invokeFinalizeMethod(Ljava/lang/Object;)V
J  java.lang.ref.Finalizer.runFinalizer()V
J  java.lang.ref.Finalizer.access$100(Ljava/lang/ref/Finalizer;)V
j  java.lang.ref.Finalizer$FinalizerThread.run()V+11
v  ~StubRoutines::call_stub

---------------  P R O C E S S  ---------------

Java Threads: ( => current thread )
  0x04949000 JavaThread "TimerQueue" daemon [_thread_blocked, id=6112, stack(0x09190000,0x091e0000)]
  0x04910000 JavaThread "D3D Screen Updater" daemon [_thread_blocked, id=4156, stack(0x09610000,0x09660000)]
  0x0490b800 JavaThread "Thread-4" [_thread_in_Java, id=7276, stack(0x08c60000,0x08cb0000)]
  0x04900c00 JavaThread "Thread-2" [_thread_blocked, id=4736, stack(0x05f90000,0x05fe0000)]
  0x00a6b800 JavaThread "DestroyJavaVM" [_thread_blocked, id=8316, stack(0x00ba0000,0x00bf0000)]
  0x0486e800 JavaThread "AWT-EventQueue-0" [_thread_in_native, id=2784, stack(0x05dd0000,0x05e20000)]
  0x047f5800 JavaThread "AWT-Windows" daemon [_thread_in_native, id=6620, stack(0x04de0000,0x04e30000)]
  0x047f5000 JavaThread "AWT-Shutdown" [_thread_blocked, id=4948, stack(0x04560000,0x045b0000)]
  0x047e7400 JavaThread "Java2D Disposer" daemon [_thread_blocked, id=6016, stack(0x04cb0000,0x04d00000)]
  0x00970800 JavaThread "Service Thread" daemon [_thread_blocked, id=9032, stack(0x04470000,0x044c0000)]
  0x00962c00 JavaThread "C1 CompilerThread0" daemon [_thread_blocked, id=3688, stack(0x04610000,0x04660000)]
  0x00961800 JavaThread "Attach Listener" daemon [_thread_blocked, id=2600, stack(0x04510000,0x04560000)]
  0x0095e400 JavaThread "Signal Dispatcher" daemon [_thread_blocked, id=7212, stack(0x042f0000,0x04340000)]
=>0x0094b000 JavaThread "Finalizer" daemon [_thread_in_native, id=7760, stack(0x00d10000,0x00d60000)]
  0x00946400 JavaThread "Reference Handler" daemon [_thread_blocked, id=5316, stack(0x00e60000,0x00eb0000)]

Other Threads:
  0x00944c00 VMThread [stack: 0x00d70000,0x00dc0000] [id=7260]
  0x00982c00 WatcherThread [stack: 0x04780000,0x047d0000] [id=8784]

VM state:not at safepoint (normal execution)

VM Mutex/Monitor currently owned by a thread: None

Heap
 def new generation   total 4992K, used 2556K [0x243e0000, 0x24940000, 0x29930000)
  eden space 4480K,  56% used [0x243e0000, 0x2465dfd8, 0x24840000)
  from space 512K,   0% used [0x248c0000, 0x248c10e8, 0x24940000)
  to   space 512K,   0% used [0x24840000, 0x24840000, 0x248c0000)
 tenured generation   total 10948K, used 3746K [0x29930000, 0x2a3e1000, 0x343e0000)
   the space 10948K,  34% used [0x29930000, 0x29cd88e8, 0x29cd8a00, 0x2a3e1000)
 compacting perm gen  total 12288K, used 2580K [0x343e0000, 0x34fe0000, 0x383e0000)
   the space 12288K,  20% used [0x343e0000, 0x34665170, 0x34665200, 0x34fe0000)
    ro space 10240K,  45% used [0x383e0000, 0x38865e50, 0x38866000, 0x38de0000)
    rw space 12288K,  54% used [0x38de0000, 0x39468f78, 0x39469000, 0x399e0000)

Card table byte_map: [0x00a80000,0x00b30000] byte_map_base: 0x0095e100

Polling page: 0x00130000

Code Cache  [0x022e0000, 0x02498000, 0x042e0000)
 total_blobs=1145 nmethods=752 adapters=327 free_code_cache=31029Kb largest_free_block=31773888

Compilation events (10 events):
Event: 31.938 Thread 0x00962c00  748             sun.java2d.loops.Blit::getFromCache (132 bytes)
Event: 31.942 Thread 0x00962c00 nmethod 748 0x0248ea88 code [0x0248ece0, 0x0248fa30]
Event: 32.567 Thread 0x00962c00  749             java.util.IdentityHashMap$IdentityHashMapIterator::nextIndex (72 bytes)
Event: 32.568 Thread 0x00962c00 nmethod 749 0x02490548 code [0x02490670, 0x02490834]
Event: 32.702 Thread 0x00962c00  750   !         java.awt.color.ColorSpace::getInstance (305 bytes)
Event: 32.704 Thread 0x00962c00 nmethod 750 0x02490988 code [0x02490b70, 0x024917a4]
Event: 32.993 Thread 0x00962c00  751             java.awt.image.Raster::<init> (220 bytes)
Event: 32.995 Thread 0x00962c00 nmethod 751 0x02491ec8 code [0x02492060, 0x02492530]
Event: 33.441 Thread 0x00962c00  752             java.awt.Rectangle::<init> (21 bytes)
Event: 33.442 Thread 0x00962c00 nmethod 752 0x02492948 code [0x02492a40, 0x02492ae0]

GC Heap History (10 events):
Event: 33.129 GC heap before
{Heap before GC invocations=328 (full 33):
 def new generation   total 4992K, used 4888K [0x243e0000, 0x24940000, 0x29930000)
  eden space 4480K,  98% used [0x243e0000, 0x2482b3f8, 0x24840000)
  from space 512K,  95% used [0x248c0000, 0x2493ac98, 0x24940000)
  to   space 512K,   0% used [0x24840000, 0x24840000, 0x248c0000)
 tenured generation   total 10948K, used 8493K [0x29930000, 0x2a3e1000, 0x343e0000)
   the space 10948K,  77% used [0x29930000, 0x2a17b420, 0x2a17b600, 0x2a3e1000)
 compacting perm gen  total 12288K, used 2580K [0x343e0000, 0x34fe0000, 0x383e0000)
   the space 12288K,  20% used [0x343e0000, 0x34665170, 0x34665200, 0x34fe0000)
    ro space 10240K,  45% used [0x383e0000, 0x38865e50, 0x38866000, 0x38de0000)
    rw space 12288K,  54% used [0x38de0000, 0x39468f78, 0x39469000, 0x399e0000)
Event: 33.131 GC heap after
Heap after GC invocations=329 (full 33):
 def new generation   total 4992K, used 4K [0x243e0000, 0x24940000, 0x29930000)
  eden space 4480K,   0% used [0x243e0000, 0x243e0000, 0x24840000)
  from space 512K,   0% used [0x24840000, 0x24841058, 0x248c0000)
  to   space 512K,   0% used [0x248c0000, 0x248c0000, 0x24940000)
 tenured generation   total 10948K, used 9168K [0x29930000, 0x2a3e1000, 0x343e0000)
   the space 10948K,  83% used [0x29930000, 0x2a224228, 0x2a224400, 0x2a3e1000)
 compacting perm gen  total 12288K, used 2580K [0x343e0000, 0x34fe0000, 0x383e0000)
   the space 12288K,  20% used [0x343e0000, 0x34665170, 0x34665200, 0x34fe0000)
    ro space 10240K,  45% used [0x383e0000, 0x38865e50, 0x38866000, 0x38de0000)
    rw space 12288K,  54% used [0x38de0000, 0x39468f78, 0x39469000, 0x399e0000)
}
Event: 33.238 GC heap before
{Heap before GC invocations=329 (full 33):
 def new generation   total 4992K, used 4484K [0x243e0000, 0x24940000, 0x29930000)
  eden space 4480K, 100% used [0x243e0000, 0x24840000, 0x24840000)
  from space 512K,   0% used [0x24840000, 0x24841058, 0x248c0000)
  to   space 512K,   0% used [0x248c0000, 0x248c0000, 0x24940000)
 tenured generation   total 10948K, used 9168K [0x29930000, 0x2a3e1000, 0x343e0000)
   the space 10948K,  83% used [0x29930000, 0x2a224228, 0x2a224400, 0x2a3e1000)
 compacting perm gen  total 12288K, used 2580K [0x343e0000, 0x34fe0000, 0x383e0000)
   the space 12288K,  20% used [0x343e0000, 0x34665170, 0x34665200, 0x34fe0000)
    ro space 10240K,  45% used [0x383e0000, 0x38865e50, 0x38866000, 0x38de0000)
    rw space 12288K,  54% used [0x38de0000, 0x39468f78, 0x39469000, 0x399e0000)
Event: 33.241 GC heap after
Heap after GC invocations=330 (full 33):
 def new generation   total 4992K, used 27K [0x243e0000, 0x24940000, 0x29930000)
  eden space 4480K,   0% used [0x243e0000, 0x243e0000, 0x24840000)
  from space 512K,   5% used [0x248c0000, 0x248c6db8, 0x24940000)
  to   space 512K,   0% used [0x24840000, 0x24840000, 0x248c0000)
 tenured generation   total 10948K, used 10518K [0x29930000, 0x2a3e1000, 0x343e0000)
   the space 10948K,  96% used [0x29930000, 0x2a375a48, 0x2a375c00, 0x2a3e1000)
 compacting perm gen  total 12288K, used 2580K [0x343e0000, 0x34fe0000, 0x383e0000)
   the space 12288K,  20% used [0x343e0000, 0x34665170, 0x34665200, 0x34fe0000)
    ro space 10240K,  45% used [0x383e0000, 0x38865e50, 0x38866000, 0x38de0000)
    rw space 12288K,  54% used [0x38de0000, 0x39468f78, 0x39469000, 0x399e0000)
}
Event: 33.350 GC heap before
{Heap before GC invocations=330 (full 33):
 def new generation   total 4992K, used 4507K [0x243e0000, 0x24940000, 0x29930000)
  eden space 4480K, 100% used [0x243e0000, 0x24840000, 0x24840000)
  from space 512K,   5% used [0x248c0000, 0x248c6db8, 0x24940000)
  to   space 512K,   0% used [0x24840000, 0x24840000, 0x248c0000)
 tenured generation   total 10948K, used 10518K [0x29930000, 0x2a3e1000, 0x343e0000)
   the space 10948K,  96% used [0x29930000, 0x2a375a48, 0x2a375c00, 0x2a3e1000)
 compacting perm gen  total 12288K, used 2580K [0x343e0000, 0x34fe0000, 0x383e0000)
   the space 12288K,  20% used [0x343e0000, 0x34665170, 0x34665200, 0x34fe0000)
    ro space 10240K,  45% used [0x383e0000, 0x38865e50, 0x38866000, 0x38de0000)
    rw space 12288K,  54% used [0x38de0000, 0x39468f78, 0x39469000, 0x399e0000)
Event: 33.407 GC heap after
Heap after GC invocations=331 (full 34):
 def new generation   total 4992K, used 0K [0x243e0000, 0x24940000, 0x29930000)
  eden space 4480K,   0% used [0x243e0000, 0x243e0000, 0x24840000)
  from space 512K,   0% used [0x24840000, 0x24840000, 0x248c0000)
  to   space 512K,   0% used [0x248c0000, 0x248c0000, 0x24940000)
 tenured generation   total 10948K, used 1721K [0x29930000, 0x2a3e1000, 0x343e0000)
   the space 10948K,  15% used [0x29930000, 0x29ade4b8, 0x29ade600, 0x2a3e1000)
 compacting perm gen  total 12288K, used 2580K [0x343e0000, 0x34fe0000, 0x383e0000)
   the space 12288K,  20% used [0x343e0000, 0x34665170, 0x34665200, 0x34fe0000)
    ro space 10240K,  45% used [0x383e0000, 0x38865e50, 0x38866000, 0x38de0000)
    rw space 12288K,  54% used [0x38de0000, 0x39468f78, 0x39469000, 0x399e0000)
}
Event: 33.480 GC heap before
{Heap before GC invocations=331 (full 34):
 def new generation   total 4992K, used 4480K [0x243e0000, 0x24940000, 0x29930000)
  eden space 4480K, 100% used [0x243e0000, 0x24840000, 0x24840000)
  from space 512K,   0% used [0x24840000, 0x24840000, 0x248c0000)
  to   space 512K,   0% used [0x248c0000, 0x248c0000, 0x24940000)
 tenured generation   total 10948K, used 1721K [0x29930000, 0x2a3e1000, 0x343e0000)
   the space 10948K,  15% used [0x29930000, 0x29ade4b8, 0x29ade600, 0x2a3e1000)
 compacting perm gen  total 12288K, used 2580K [0x343e0000, 0x34fe0000, 0x383e0000)
   the space 12288K,  20% used [0x343e0000, 0x34665170, 0x34665200, 0x34fe0000)
    ro space 10240K,  45% used [0x383e0000, 0x38865e50, 0x38866000, 0x38de0000)
    rw space 12288K,  54% used [0x38de0000, 0x39468f78, 0x39469000, 0x399e0000)
Event: 33.482 GC heap after
Heap after GC invocations=332 (full 34):
 def new generation   total 4992K, used 3K [0x243e0000, 0x24940000, 0x29930000)
  eden space 4480K,   0% used [0x243e0000, 0x243e0000, 0x24840000)
  from space 512K,   0% used [0x248c0000, 0x248c0d38, 0x24940000)
  to   space 512K,   0% used [0x24840000, 0x24840000, 0x248c0000)
 tenured generation   total 10948K, used 2396K [0x29930000, 0x2a3e1000, 0x343e0000)
   the space 10948K,  21% used [0x29930000, 0x29b870c8, 0x29b87200, 0x2a3e1000)
 compacting perm gen  total 12288K, used 2580K [0x343e0000, 0x34fe0000, 0x383e0000)
   the space 12288K,  20% used [0x343e0000, 0x34665170, 0x34665200, 0x34fe0000)
    ro space 10240K,  45% used [0x383e0000, 0x38865e50, 0x38866000, 0x38de0000)
    rw space 12288K,  54% used [0x38de0000, 0x39468f78, 0x39469000, 0x399e0000)
}
Event: 33.567 GC heap before
{Heap before GC invocations=332 (full 34):
 def new generation   total 4992K, used 4450K [0x243e0000, 0x24940000, 0x29930000)
  eden space 4480K,  99% used [0x243e0000, 0x24837eb8, 0x24840000)
  from space 512K,   0% used [0x248c0000, 0x248c0d38, 0x24940000)
  to   space 512K,   0% used [0x24840000, 0x24840000, 0x248c0000)
 tenured generation   total 10948K, used 2396K [0x29930000, 0x2a3e1000, 0x343e0000)
   the space 10948K,  21% used [0x29930000, 0x29b870c8, 0x29b87200, 0x2a3e1000)
 compacting perm gen  total 12288K, used 2580K [0x343e0000, 0x34fe0000, 0x383e0000)
   the space 12288K,  20% used [0x343e0000, 0x34665170, 0x34665200, 0x34fe0000)
    ro space 10240K,  45% used [0x383e0000, 0x38865e50, 0x38866000, 0x38de0000)
    rw space 12288K,  54% used [0x38de0000, 0x39468f78, 0x39469000, 0x399e0000)
Event: 33.569 GC heap after
Heap after GC invocations=333 (full 34):
 def new generation   total 4992K, used 5K [0x243e0000, 0x24940000, 0x29930000)
  eden space 4480K,   0% used [0x243e0000, 0x243e0000, 0x24840000)
  from space 512K,   1% used [0x24840000, 0x24841748, 0x248c0000)
  to   space 512K,   0% used [0x248c0000, 0x248c0000, 0x24940000)
 tenured generation   total 10948K, used 3071K [0x29930000, 0x2a3e1000, 0x343e0000)
   the space 10948K,  28% used [0x29930000, 0x29c2fcd8, 0x29c2fe00, 0x2a3e1000)
 compacting perm gen  total 12288K, used 2580K [0x343e0000, 0x34fe0000, 0x383e0000)
   the space 12288K,  20% used [0x343e0000, 0x34665170, 0x34665200, 0x34fe0000)
    ro space 10240K,  45% used [0x383e0000, 0x38865e50, 0x38866000, 0x38de0000)
    rw space 12288K,  54% used [0x38de0000, 0x39468f78, 0x39469000, 0x399e0000)
}

Deoptimization events (0 events):
No events

Internal exceptions (10 events):
Event: 1.966 Thread 0x0486e800 Threw 0x244b79e0 at C:\jdk7u2_32P\jdk7u10\hotspot\src\share\vm\prims\jvm.cpp:1166
Event: 1.967 Thread 0x0486e800 Threw 0x244bac18 at C:\jdk7u2_32P\jdk7u10\hotspot\src\share\vm\prims\jvm.cpp:1166
Event: 1.969 Thread 0x0486e800 Threw 0x244beb78 at C:\jdk7u2_32P\jdk7u10\hotspot\src\share\vm\prims\jvm.cpp:1166
Event: 1.981 Thread 0x0486e800 Threw 0x2458f4a0 at C:\jdk7u2_32P\jdk7u10\hotspot\src\share\vm\prims\jvm.cpp:1166
Event: 1.993 Thread 0x0486e800 Threw 0x24592bc8 at C:\jdk7u2_32P\jdk7u10\hotspot\src\share\vm\prims\jvm.cpp:1166
Event: 2.008 Thread 0x0486e800 Threw 0x247dc510 at C:\jdk7u2_32P\jdk7u10\hotspot\src\share\vm\prims\jvm.cpp:1166
Event: 2.010 Thread 0x0486e800 Threw 0x247e0750 at C:\jdk7u2_32P\jdk7u10\hotspot\src\share\vm\prims\jvm.cpp:1166
Event: 2.013 Thread 0x0486e800 Threw 0x247fcfc0 at C:\jdk7u2_32P\jdk7u10\hotspot\src\share\vm\prims\jvm.cpp:1166
Event: 19.916 Thread 0x0486e800 Threw 0x24408a78 at C:\jdk7u2_32P\jdk7u10\hotspot\src\share\vm\prims\jni.cpp:742
Event: 22.177 Thread 0x0490b400 Threw 0x246f3e70 at C:\jdk7u2_32P\jdk7u10\hotspot\src\share\vm\prims\jni.cpp:742

Events (10 events):
Event: 33.129 Executing VM operation: GenCollectForAllocation
Event: 33.131 Executing VM operation: GenCollectForAllocation done
Event: 33.238 Executing VM operation: GenCollectForAllocation
Event: 33.241 Executing VM operation: GenCollectForAllocation done
Event: 33.349 Executing VM operation: GenCollectForAllocation
Event: 33.407 Executing VM operation: GenCollectForAllocation done
Event: 33.480 Executing VM operation: GenCollectForAllocation
Event: 33.482 Executing VM operation: GenCollectForAllocation done
Event: 33.567 Executing VM operation: GenCollectForAllocation
Event: 33.569 Executing VM operation: GenCollectForAllocation done


Dynamic libraries:
0x00eb0000 - 0x00edf000 	C:\Program Files (x86)\Java\jdk1.7.0_10\bin\java.exe
0x77830000 - 0x779b0000 	C:\Windows\SysWOW64\ntdll.dll
0x753f0000 - 0x75500000 	C:\Windows\syswow64\kernel32.dll
0x77260000 - 0x772a7000 	C:\Windows\syswow64\KERNELBASE.dll
0x75a40000 - 0x75ae0000 	C:\Windows\syswow64\ADVAPI32.dll
0x75ae0000 - 0x75b8c000 	C:\Windows\syswow64\msvcrt.dll
0x76800000 - 0x76819000 	C:\Windows\SysWOW64\sechost.dll
0x76b20000 - 0x76c10000 	C:\Windows\syswow64\RPCRT4.dll
0x75220000 - 0x75280000 	C:\Windows\syswow64\SspiCli.dll
0x75210000 - 0x7521c000 	C:\Windows\syswow64\CRYPTBASE.dll
0x758b0000 - 0x759b0000 	C:\Windows\syswow64\USER32.dll
0x759b0000 - 0x75a40000 	C:\Windows\syswow64\GDI32.dll
0x76c10000 - 0x76c1a000 	C:\Windows\syswow64\LPK.dll
0x76850000 - 0x768ed000 	C:\Windows\syswow64\USP10.dll
0x74910000 - 0x74aae000 	C:\Windows\WinSxS\x86_microsoft.windows.common-controls_6595b64144ccf1df_6.0.7601.17514_none_41e6975e2bd6f2b2\COMCTL32.dll
0x75610000 - 0x75667000 	C:\Windows\syswow64\SHLWAPI.dll
0x772b0000 - 0x77310000 	C:\Windows\system32\IMM32.DLL
0x76e40000 - 0x76f0c000 	C:\Windows\syswow64\MSCTF.dll
0x737e0000 - 0x7389d000 	C:\Program Files (x86)\Java\jdk1.7.0_10\jre\bin\msvcr100.dll
0x71980000 - 0x71ccc000 	C:\Program Files (x86)\Java\jdk1.7.0_10\jre\bin\client\jvm.dll
0x74820000 - 0x74827000 	C:\Windows\system32\WSOCK32.dll
0x75280000 - 0x752b5000 	C:\Windows\syswow64\WS2_32.dll
0x76c20000 - 0x76c26000 	C:\Windows\syswow64\NSI.dll
0x74480000 - 0x744b2000 	C:\Windows\system32\WINMM.dll
0x76840000 - 0x76845000 	C:\Windows\syswow64\PSAPI.DLL
0x74030000 - 0x7403c000 	C:\Program Files (x86)\Java\jdk1.7.0_10\jre\bin\verify.dll
0x739d0000 - 0x739f0000 	C:\Program Files (x86)\Java\jdk1.7.0_10\jre\bin\java.dll
0x739b0000 - 0x739c3000 	C:\Program Files (x86)\Java\jdk1.7.0_10\jre\bin\zip.dll
0x72780000 - 0x728c2000 	C:\Program Files (x86)\Java\jdk1.7.0_10\jre\bin\awt.dll
0x76c30000 - 0x76cbf000 	C:\Windows\syswow64\OLEAUT32.dll
0x76ce0000 - 0x76e3c000 	C:\Windows\syswow64\ole32.dll
0x619a0000 - 0x621ef000 	C:\OpenCV\opencv\build\java\x86\opencv_java249.dll
0x738b0000 - 0x738c9000 	C:\Windows\system32\AVIFIL32.dll
0x709b0000 - 0x709c4000 	C:\Windows\system32\MSACM32.dll
0x74430000 - 0x74451000 	C:\Windows\system32\MSVFW32.dll
0x75bb0000 - 0x767fa000 	C:\Windows\syswow64\SHELL32.dll
0x73ab0000 - 0x73ac3000 	C:\Windows\system32\AVICAP32.dll
0x746a0000 - 0x746a9000 	C:\Windows\system32\VERSION.dll
0x71cd0000 - 0x71d50000 	C:\Windows\system32\uxtheme.dll
0x72020000 - 0x72033000 	C:\Windows\system32\dwmapi.dll
0x73910000 - 0x7393a000 	C:\Program Files (x86)\Java\jdk1.7.0_10\jre\bin\fontmanager.dll
0x73da0000 - 0x73f63000 	C:\Windows\system32\d3d9.dll
0x74800000 - 0x74806000 	C:\Windows\system32\d3d8thk.dll
0x73610000 - 0x736d4000 	C:\Windows\system32\aticfx32.dll
0x739a0000 - 0x739ab000 	C:\Windows\system32\atiu9pag.dll
0x63300000 - 0x638ae000 	C:\Windows\system32\atiumdag.dll
0x6a7f0000 - 0x6abfc000 	C:\Windows\system32\atiumdva.dll
0x67d00000 - 0x67d36000 	C:\Program Files\WIDCOMM\Bluetooth Software\SysWOW64\BtMmHook.dll
0x73940000 - 0x73954000 	C:\Program Files (x86)\Java\jdk1.7.0_10\jre\bin\net.dll
0x72ed0000 - 0x72f0c000 	C:\Windows\system32\mswsock.dll
0x711a0000 - 0x711a6000 	C:\Windows\System32\wship6.dll
0x73aa0000 - 0x73aaf000 	C:\Program Files (x86)\Java\jdk1.7.0_10\jre\bin\nio.dll
0x738d0000 - 0x73901000 	C:\Program Files (x86)\Java\jdk1.7.0_10\jre\bin\t2k.dll
0x75670000 - 0x756f3000 	C:\Windows\syswow64\CLBCatQ.DLL
0x735c0000 - 0x735c8000 	C:\Program Files (x86)\DonJohnston\CoWriter\Resources\Libraries\CWTextService.dll
0x74850000 - 0x748f3000 	C:\Windows\WinSxS\x86_microsoft.vc90.crt_1fc8b3b9a1e18e3b_9.0.30729.6161_none_50934f2ebcb7eb57\MSVCR90.dll
0x73140000 - 0x73198000 	C:\Program Files (x86)\Common Files\microsoft shared\ink\tiptsf.dll
0x72920000 - 0x72936000 	C:\Windows\system32\CRYPTSP.dll
0x728e0000 - 0x7291b000 	C:\Windows\system32\rsaenh.dll
0x728d0000 - 0x728de000 	C:\Windows\system32\RpcRtRemote.dll
0x6fb50000 - 0x6fb74000 	C:\Program Files (x86)\Java\jdk1.7.0_10\jre\bin\dcpr.dll
0x76cc0000 - 0x76cd7000 	C:\Windows\syswow64\USERENV.dll
0x76820000 - 0x7682b000 	C:\Windows\syswow64\profapi.dll
0x71540000 - 0x71550000 	C:\Windows\system32\NLAapi.dll
0x71530000 - 0x71540000 	C:\Windows\system32\napinsp.dll
0x71510000 - 0x71522000 	C:\Windows\system32\pnrpnsp.dll
0x717f0000 - 0x71834000 	C:\Windows\system32\DNSAPI.dll
0x71500000 - 0x71508000 	C:\Windows\System32\winrnr.dll
0x71270000 - 0x71297000 	C:\Program Files (x86)\Common Files\Microsoft Shared\Windows Live\WLIDNSP.DLL
0x71260000 - 0x7126d000 	C:\Windows\system32\wshbth.dll
0x71230000 - 0x71251000 	C:\Program Files (x86)\Bonjour\mdnsNSP.dll
0x72960000 - 0x7297c000 	C:\Windows\system32\Iphlpapi.DLL
0x72950000 - 0x72957000 	C:\Windows\system32\WINNSI.DLL
0x043d0000 - 0x043d8000 	C:\Program Files (x86)\National Instruments\Shared\mDNS Responder\nimdnsNSP.dll
0x04440000 - 0x0444b000 	C:\Windows\system32\nimdnsResponder.dll
0x72ec0000 - 0x72ec5000 	C:\Windows\System32\wshtcpip.dll
0x714b0000 - 0x714b6000 	C:\Windows\system32\rasadhlp.dll
0x714c0000 - 0x714f8000 	C:\Windows\System32\fwpuclnt.dll
0x737b0000 - 0x737d5000 	C:\Program Files (x86)\Java\jdk1.7.0_10\jre\bin\jpeg.dll
0x6f3b0000 - 0x6f49b000 	C:\Windows\system32\dbghelp.dll

VM Arguments:
jvm_args: -Dfile.encoding=UTF-8 -Djava.library.path=C:\OpenCV\opencv\build\java\x86 
java_command: opencvhello.NewJFrame
Launcher Type: SUN_STANDARD

Environment Variables:
JAVA_HOME=C:\Program Files\Java\jdk1.7.0_07
PATH=C:\PROGRAM FILES\BROADCOM\BROADCOM 802.11\DRIVER;C:\PROGRAM FILES (X86)\AMD APP\BIN\X86_64;C:\PROGRAM FILES (X86)\AMD APP\BIN\X86;C:\PROGRAM FILES\COMMON FILES\MICROSOFT SHARED\WINDOWS LIVE;C:\PROGRAM FILES (X86)\COMMON FILES\MICROSOFT SHARED\WINDOWS LIVE;C:\Windows\SYSTEM32;C:\Windows;C:\Windows\SYSTEM32\WBEM;C:\Windows\SYSTEM32\WINDOWSPOWERSHELL\V1.0\;C:\PROGRAM FILES (X86)\WINDOWS LIVE\SHARED;C:\PROGRAM FILES (X86)\ATI TECHNOLOGIES\ATI.ACE\CORE-STATIC;C:\PROGRAM FILES (X86)\HEWLETT-PACKARD\HP SIMPLEPASS IDENTITY PROTECTION\X64;C:\PROGRAM FILES (X86)\IVI FOUNDATION\VISA\WINNT\BIN;C:\PROGRA~2\IVIFOU~1\VISA\WINNT\BIN;C:\PROGRAM FILES (X86)\LEJOS NXJ\BIN;C:\PROGRAM FILES\TORTOISEGIT\BIN;C:\PROGRAM FILES\MICROSOFT SQL SERVER\110\TOOLS\BINN\;;C:\PROGRAM FILES (X86)\GTKSHARP\2.12\BIN;C:\PROGRAM FILES\MICROSOFT\WEB PLATFORM INSTALLER\;C:\PROGRAM FILES (X86)\MICROSOFT ASP.NET\ASP.NET WEB PAGES\V1.0\;C:\Program Files\WIDCOMM\Bluetooth Software\;C:\Program Files\WIDCOMM\Bluetooth Software\syswow64;;.\Common\Libraries;C:\python2;C:\Program Files (x86)\Nmap
USERNAME=Alex
OS=Windows_NT
PROCESSOR_IDENTIFIER=AMD64 Family 20 Model 2 Stepping 0, AuthenticAMD



---------------  S Y S T E M  ---------------

OS: Windows 7 , 64 bit Build 7601 Service Pack 1

CPU:total 2 (2 cores per cpu, 1 threads per core) family 20 model 2 stepping 0, cmov, cx8, fxsr, mmx, sse, sse2, sse3, ssse3, popcnt, mmxext, lzcnt, sse4a, tsc, tscinvbit, tscinv

Memory: 4k page, physical 7971192k(4930312k free), swap 15940520k(12659960k free)

vm_info: Java HotSpot(TM) Client VM (23.6-b04) for windows-x86 JRE (1.7.0_10-b18), built on Nov 28 2012 08:34:29 by "java_re" with unknown MS VC++:1600

time: Thu Sep 25 15:49:42 2014
elapsed time: 33 seconds

