#
# A fatal error has been detected by the Java Runtime Environment:
#
#  EXCEPTION_ACCESS_VIOLATION (0xc0000005) at pc=0x5cebc16b, pid=4016, tid=2540
#
# JRE version: 7.0_10-b18
# Java VM: Java HotSpot(TM) Client VM (23.6-b04 mixed mode, sharing windows-x86 )
# Problematic frame:
# C  [opencv_java249.dll+0xc16b]  Java_org_opencv_core_Mat_n_1delete+0x3b
#
# Failed to write core dump. Minidumps are not enabled by default on client versions of Windows
#
# If you would like to submit a bug report, please visit:
#   http://bugreport.sun.com/bugreport/crash.jsp
# The crash happened outside the Java Virtual Machine in native code.
# See problematic frame for where to report the bug.
#

---------------  T H R E A D  ---------------

Current thread (0x0211b000):  JavaThread "Finalizer" daemon [_thread_in_native, id=2540, stack(0x04730000,0x04780000)]

siginfo: ExceptionCode=0xc0000005, writing address 0x00000168

Registers:
EAX=0x00000168, EBX=0x00000000, ECX=0x0c30a26c, EDX=0x0211b128
ESP=0x0477f4e0, EBP=0x0477f4e8, ESI=0x0b600890, EDI=0x00000000
EIP=0x5cebc16b, EFLAGS=0x00010202

Top of Stack: (sp=0x0477f4e0)
0x0477f4e0:   0211b000 0477f508 0477f518 025024ab
0x0477f4f0:   0211b128 0477f508 0b600890 00000000
0x0477f500:   00000000 39138328 299b7380 0477f524
0x0477f510:   0477f548 023f32c7 0477f570 02502234
0x0477f520:   0b600890 00000000 0477f528 3862ed91
0x0477f530:   24889c50 39137ba8 0477f570 023f03d7
0x0477f540:   00000000 0477f550 0477f570 023f03d7
0x0477f550:   24889c50 0477f5a4 0477f580 6b979c82 

Instructions: (pc=0x5cebc16b)
0x5cebc14b:   06 00 83 c4 08 83 f8 01 75 07 8b ce e8 b4 86 03
0x5cebc15b:   00 8b 46 28 89 7e 20 89 7e 1c 89 7e 18 89 7e 10
0x5cebc16b:   89 38 8b 46 2c 8d 4e 30 89 7e 14 3b c1 74 09 50
0x5cebc17b:   e8 c0 3f 06 00 83 c4 04 56 e8 da ec 46 00 83 c4 


Register to memory mapping:

EAX=0x00000168 is an unknown value
EBX=0x00000000 is an unknown value
ECX=0x0c30a26c is an unknown value
EDX=0x0211b128 is an unknown value
ESP=0x0477f4e0 is pointing into the stack for thread: 0x0211b000
EBP=0x0477f4e8 is pointing into the stack for thread: 0x0211b000
ESI=0x0b600890 is an unknown value
EDI=0x00000000 is an unknown value


Stack: [0x04730000,0x04780000],  sp=0x0477f4e0,  free space=317k
Native frames: (J=compiled Java code, j=interpreted, Vv=VM code, C=native code)
C  [opencv_java249.dll+0xc16b]  Java_org_opencv_core_Mat_n_1delete+0x3b
J  org.opencv.core.Mat.n_delete(J)V
J  org.opencv.core.Mat.finalize()V
V  [jvm.dll+0x12a3ba]
V  [jvm.dll+0x1d97de]
V  [jvm.dll+0x12a43d]
V  [jvm.dll+0xaf12a]
V  [jvm.dll+0xb283f]
C  [java.dll+0x20f5]  Java_java_lang_ref_Finalizer_invokeFinalizeMethod+0x39
J  java.lang.ref.Finalizer.runFinalizer()V
V  [jvm.dll+0x12a3ba]
V  [jvm.dll+0x1d97de]
V  [jvm.dll+0x12a5a3]
V  [jvm.dll+0x12a607]
V  [jvm.dll+0xd315f]
V  [jvm.dll+0x14a6b7]
V  [jvm.dll+0x14a820]
V  [jvm.dll+0x17f009]
C  [msvcr100.dll+0x10fac]  freefls+0x130
C  [msvcr100.dll+0x110b1]  __fls_getvalue+0x58
C  [kernel32.dll+0x1338a]  BaseThreadInitThunk+0x12
C  [ntdll.dll+0x39f72]  RtlInitializeExceptionChain+0x63
C  [ntdll.dll+0x39f45]  RtlInitializeExceptionChain+0x36

Java frames: (J=compiled Java code, j=interpreted, Vv=VM code)
J  org.opencv.core.Mat.n_delete(J)V
J  org.opencv.core.Mat.finalize()V
v  ~StubRoutines::call_stub
J  java.lang.ref.Finalizer.invokeFinalizeMethod(Ljava/lang/Object;)V
J  java.lang.ref.Finalizer.runFinalizer()V
J  java.lang.ref.Finalizer$FinalizerThread.run()V
v  ~StubRoutines::call_stub

---------------  P R O C E S S  ---------------

Java Threads: ( => current thread )
  0x04ca7c00 JavaThread "TimerQueue" daemon [_thread_blocked, id=2652, stack(0x09cd0000,0x09d20000)]
  0x04c6ec00 JavaThread "D3D Screen Updater" daemon [_thread_blocked, id=6140, stack(0x09fa0000,0x09ff0000)]
  0x04c57800 JavaThread "Thread-5" [_thread_blocked, id=5472, stack(0x086f0000,0x08740000)]
  0x04c57000 JavaThread "Thread-4" [_thread_in_native, id=6436, stack(0x06a40000,0x06a90000)]
  0x04c55800 JavaThread "Thread-2" [_thread_blocked, id=3176, stack(0x09b20000,0x09b70000)]
  0x0220b800 JavaThread "DestroyJavaVM" [_thread_blocked, id=4592, stack(0x02230000,0x02280000)]
  0x04bc2c00 JavaThread "AWT-EventQueue-0" [_thread_in_native, id=7032, stack(0x05920000,0x05970000)]
  0x04b36400 JavaThread "AWT-Windows" daemon [_thread_in_native, id=4252, stack(0x05890000,0x058e0000)]
  0x04b35c00 JavaThread "AWT-Shutdown" [_thread_blocked, id=6192, stack(0x05750000,0x057a0000)]
  0x04b33000 JavaThread "Java2D Disposer" daemon [_thread_blocked, id=6288, stack(0x05700000,0x05750000)]
  0x0214e400 JavaThread "Service Thread" daemon [_thread_blocked, id=4140, stack(0x04ac0000,0x04b10000)]
  0x02132c00 JavaThread "C1 CompilerThread0" daemon [_thread_blocked, id=5036, stack(0x04870000,0x048c0000)]
  0x02131800 JavaThread "Attach Listener" daemon [_thread_blocked, id=4680, stack(0x044d0000,0x04520000)]
  0x0212e400 JavaThread "Signal Dispatcher" daemon [_thread_blocked, id=1496, stack(0x04800000,0x04850000)]
=>0x0211b000 JavaThread "Finalizer" daemon [_thread_in_native, id=2540, stack(0x04730000,0x04780000)]
  0x02116400 JavaThread "Reference Handler" daemon [_thread_blocked, id=5684, stack(0x04540000,0x04590000)]

Other Threads:
  0x02114c00 VMThread [stack: 0x04470000,0x044c0000] [id=4224]
  0x02160400 WatcherThread [stack: 0x046e0000,0x04730000] [id=4580]

VM state:not at safepoint (normal execution)

VM Mutex/Monitor currently owned by a thread: None

Heap
 def new generation   total 4992K, used 1215K [0x243e0000, 0x24940000, 0x29930000)
  eden space 4480K,  20% used [0x243e0000, 0x244c5660, 0x24840000)
  from space 512K,  58% used [0x24840000, 0x2488a808, 0x248c0000)
  to   space 512K,   0% used [0x248c0000, 0x248c0000, 0x24940000)
 tenured generation   total 10948K, used 10045K [0x29930000, 0x2a3e1000, 0x343e0000)
   the space 10948K,  91% used [0x29930000, 0x2a2ff5a0, 0x2a2ff600, 0x2a3e1000)
 compacting perm gen  total 12288K, used 2560K [0x343e0000, 0x34fe0000, 0x383e0000)
   the space 12288K,  20% used [0x343e0000, 0x346600c8, 0x34660200, 0x34fe0000)
    ro space 10240K,  45% used [0x383e0000, 0x38865e50, 0x38866000, 0x38de0000)
    rw space 12288K,  54% used [0x38de0000, 0x39468f78, 0x39469000, 0x399e0000)

Card table byte_map: [0x02280000,0x02330000] byte_map_base: 0x0215e100

Polling page: 0x00290000

Code Cache  [0x023f0000, 0x025a0000, 0x043f0000)
 total_blobs=1063 nmethods=670 adapters=327 free_code_cache=31040Kb largest_free_block=31785920

Compilation events (10 events):
Event: 119.935 Thread 0x02132c00  663             java.util.concurrent.locks.ReentrantLock$Sync::isHeldExclusively (16 bytes)
Event: 119.935 Thread 0x02132c00 nmethod 663 0x0259e988 code [0x0259ea80, 0x0259eb20]
Event: 119.936 Thread 0x02132c00  664             javax.swing.GroupLayout$Spring::getMinimumSize (27 bytes)
Event: 119.937 Thread 0x02132c00 nmethod 664 0x0259eb88 code [0x0259ec90, 0x0259ed4c]
Event: 119.973 Thread 0x02132c00  665             javax.swing.plaf.synth.SynthLookAndFeel::getComponentState (23 bytes)
Event: 119.974 Thread 0x02132c00 nmethod 665 0x0259edc8 code [0x0259eee0, 0x0259efd4]
Event: 119.974 Thread 0x02132c00  666             javax.swing.JComponent::rectangleIsObscured (119 bytes)
Event: 119.976 Thread 0x02132c00 nmethod 666 0x0259f148 code [0x0259f2c0, 0x0259f500]
Event: 120.820 Thread 0x02132c00  667             sun.awt.AWTAccessor::getComponentAccessor (19 bytes)
Event: 120.820 Thread 0x02132c00 nmethod 667 0x0259f748 code [0x0259f850, 0x0259f8ec]

GC Heap History (10 events):
Event: 120.277 GC heap before
{Heap before GC invocations=835 (full 32):
 def new generation   total 4992K, used 4474K [0x243e0000, 0x24940000, 0x29930000)
  eden space 4480K,  96% used [0x243e0000, 0x248146b8, 0x24840000)
  from space 512K,  32% used [0x248c0000, 0x248ea360, 0x24940000)
  to   space 512K,   0% used [0x24840000, 0x24840000, 0x248c0000)
 tenured generation   total 10948K, used 10003K [0x29930000, 0x2a3e1000, 0x343e0000)
   the space 10948K,  91% used [0x29930000, 0x2a2f4d48, 0x2a2f4e00, 0x2a3e1000)
 compacting perm gen  total 12288K, used 2557K [0x343e0000, 0x34fe0000, 0x383e0000)
   the space 12288K,  20% used [0x343e0000, 0x3465f770, 0x3465f800, 0x34fe0000)
    ro space 10240K,  45% used [0x383e0000, 0x38865e50, 0x38866000, 0x38de0000)
    rw space 12288K,  54% used [0x38de0000, 0x39468f78, 0x39469000, 0x399e0000)
Event: 120.280 GC heap after
Heap after GC invocations=836 (full 32):
 def new generation   total 4992K, used 360K [0x243e0000, 0x24940000, 0x29930000)
  eden space 4480K,   0% used [0x243e0000, 0x243e0000, 0x24840000)
  from space 512K,  70% used [0x24840000, 0x2489a3b8, 0x248c0000)
  to   space 512K,   0% used [0x248c0000, 0x248c0000, 0x24940000)
 tenured generation   total 10948K, used 10003K [0x29930000, 0x2a3e1000, 0x343e0000)
   the space 10948K,  91% used [0x29930000, 0x2a2f4d48, 0x2a2f4e00, 0x2a3e1000)
 compacting perm gen  total 12288K, used 2557K [0x343e0000, 0x34fe0000, 0x383e0000)
   the space 12288K,  20% used [0x343e0000, 0x3465f770, 0x3465f800, 0x34fe0000)
    ro space 10240K,  45% used [0x383e0000, 0x38865e50, 0x38866000, 0x38de0000)
    rw space 12288K,  54% used [0x38de0000, 0x39468f78, 0x39469000, 0x399e0000)
}
Event: 120.553 GC heap before
{Heap before GC invocations=836 (full 32):
 def new generation   total 4992K, used 4561K [0x243e0000, 0x24940000, 0x29930000)
  eden space 4480K,  93% used [0x243e0000, 0x247fa2a8, 0x24840000)
  from space 512K,  70% used [0x24840000, 0x2489a3b8, 0x248c0000)
  to   space 512K,   0% used [0x248c0000, 0x248c0000, 0x24940000)
 tenured generation   total 10948K, used 10003K [0x29930000, 0x2a3e1000, 0x343e0000)
   the space 10948K,  91% used [0x29930000, 0x2a2f4d48, 0x2a2f4e00, 0x2a3e1000)
 compacting perm gen  total 12288K, used 2557K [0x343e0000, 0x34fe0000, 0x383e0000)
   the space 12288K,  20% used [0x343e0000, 0x3465f770, 0x3465f800, 0x34fe0000)
    ro space 10240K,  45% used [0x383e0000, 0x38865e50, 0x38866000, 0x38de0000)
    rw space 12288K,  54% used [0x38de0000, 0x39468f78, 0x39469000, 0x399e0000)
Event: 120.556 GC heap after
Heap after GC invocations=837 (full 32):
 def new generation   total 4992K, used 159K [0x243e0000, 0x24940000, 0x29930000)
  eden space 4480K,   0% used [0x243e0000, 0x243e0000, 0x24840000)
  from space 512K,  31% used [0x248c0000, 0x248e7f00, 0x24940000)
  to   space 512K,   0% used [0x24840000, 0x24840000, 0x248c0000)
 tenured generation   total 10948K, used 10045K [0x29930000, 0x2a3e1000, 0x343e0000)
   the space 10948K,  91% used [0x29930000, 0x2a2ff5a0, 0x2a2ff600, 0x2a3e1000)
 compacting perm gen  total 12288K, used 2557K [0x343e0000, 0x34fe0000, 0x383e0000)
   the space 12288K,  20% used [0x343e0000, 0x3465f770, 0x3465f800, 0x34fe0000)
    ro space 10240K,  45% used [0x383e0000, 0x38865e50, 0x38866000, 0x38de0000)
    rw space 12288K,  54% used [0x38de0000, 0x39468f78, 0x39469000, 0x399e0000)
}
Event: 120.717 GC heap before
{Heap before GC invocations=837 (full 32):
 def new generation   total 4992K, used 4487K [0x243e0000, 0x24940000, 0x29930000)
  eden space 4480K,  96% used [0x243e0000, 0x2481a0f0, 0x24840000)
  from space 512K,  31% used [0x248c0000, 0x248e7f00, 0x24940000)
  to   space 512K,   0% used [0x24840000, 0x24840000, 0x248c0000)
 tenured generation   total 10948K, used 10045K [0x29930000, 0x2a3e1000, 0x343e0000)
   the space 10948K,  91% used [0x29930000, 0x2a2ff5a0, 0x2a2ff600, 0x2a3e1000)
 compacting perm gen  total 12288K, used 2557K [0x343e0000, 0x34fe0000, 0x383e0000)
   the space 12288K,  20% used [0x343e0000, 0x3465f770, 0x3465f800, 0x34fe0000)
    ro space 10240K,  45% used [0x383e0000, 0x38865e50, 0x38866000, 0x38de0000)
    rw space 12288K,  54% used [0x38de0000, 0x39468f78, 0x39469000, 0x399e0000)
Event: 120.719 GC heap after
Heap after GC invocations=838 (full 32):
 def new generation   total 4992K, used 123K [0x243e0000, 0x24940000, 0x29930000)
  eden space 4480K,   0% used [0x243e0000, 0x243e0000, 0x24840000)
  from space 512K,  24% used [0x24840000, 0x2485ee50, 0x248c0000)
  to   space 512K,   0% used [0x248c0000, 0x248c0000, 0x24940000)
 tenured generation   total 10948K, used 10045K [0x29930000, 0x2a3e1000, 0x343e0000)
   the space 10948K,  91% used [0x29930000, 0x2a2ff5a0, 0x2a2ff600, 0x2a3e1000)
 compacting perm gen  total 12288K, used 2557K [0x343e0000, 0x34fe0000, 0x383e0000)
   the space 12288K,  20% used [0x343e0000, 0x3465f770, 0x3465f800, 0x34fe0000)
    ro space 10240K,  45% used [0x383e0000, 0x38865e50, 0x38866000, 0x38de0000)
    rw space 12288K,  54% used [0x38de0000, 0x39468f78, 0x39469000, 0x399e0000)
}
Event: 120.959 GC heap before
{Heap before GC invocations=838 (full 32):
 def new generation   total 4992K, used 4023K [0x243e0000, 0x24940000, 0x29930000)
  eden space 4480K,  87% used [0x243e0000, 0x247aee78, 0x24840000)
  from space 512K,  24% used [0x24840000, 0x2485ee50, 0x248c0000)
  to   space 512K,   0% used [0x248c0000, 0x248c0000, 0x24940000)
 tenured generation   total 10948K, used 10045K [0x29930000, 0x2a3e1000, 0x343e0000)
   the space 10948K,  91% used [0x29930000, 0x2a2ff5a0, 0x2a2ff600, 0x2a3e1000)
 compacting perm gen  total 12288K, used 2557K [0x343e0000, 0x34fe0000, 0x383e0000)
   the space 12288K,  20% used [0x343e0000, 0x3465f770, 0x3465f800, 0x34fe0000)
    ro space 10240K,  45% used [0x383e0000, 0x38865e50, 0x38866000, 0x38de0000)
    rw space 12288K,  54% used [0x38de0000, 0x39468f78, 0x39469000, 0x399e0000)
Event: 120.961 GC heap after
Heap after GC invocations=839 (full 32):
 def new generation   total 4992K, used 147K [0x243e0000, 0x24940000, 0x29930000)
  eden space 4480K,   0% used [0x243e0000, 0x243e0000, 0x24840000)
  from space 512K,  28% used [0x248c0000, 0x248e4db0, 0x24940000)
  to   space 512K,   0% used [0x24840000, 0x24840000, 0x248c0000)
 tenured generation   total 10948K, used 10045K [0x29930000, 0x2a3e1000, 0x343e0000)
   the space 10948K,  91% used [0x29930000, 0x2a2ff5a0, 0x2a2ff600, 0x2a3e1000)
 compacting perm gen  total 12288K, used 2557K [0x343e0000, 0x34fe0000, 0x383e0000)
   the space 12288K,  20% used [0x343e0000, 0x3465f770, 0x3465f800, 0x34fe0000)
    ro space 10240K,  45% used [0x383e0000, 0x38865e50, 0x38866000, 0x38de0000)
    rw space 12288K,  54% used [0x38de0000, 0x39468f78, 0x39469000, 0x399e0000)
}
Event: 121.481 GC heap before
{Heap before GC invocations=839 (full 32):
 def new generation   total 4992K, used 3973K [0x243e0000, 0x24940000, 0x29930000)
  eden space 4480K,  85% used [0x243e0000, 0x2479c858, 0x24840000)
  from space 512K,  28% used [0x248c0000, 0x248e4db0, 0x24940000)
  to   space 512K,   0% used [0x24840000, 0x24840000, 0x248c0000)
 tenured generation   total 10948K, used 10045K [0x29930000, 0x2a3e1000, 0x343e0000)
   the space 10948K,  91% used [0x29930000, 0x2a2ff5a0, 0x2a2ff600, 0x2a3e1000)
 compacting perm gen  total 12288K, used 2560K [0x343e0000, 0x34fe0000, 0x383e0000)
   the space 12288K,  20% used [0x343e0000, 0x346600b8, 0x34660200, 0x34fe0000)
    ro space 10240K,  45% used [0x383e0000, 0x38865e50, 0x38866000, 0x38de0000)
    rw space 12288K,  54% used [0x38de0000, 0x39468f78, 0x39469000, 0x399e0000)
Event: 121.483 GC heap after
Heap after GC invocations=840 (full 32):
 def new generation   total 4992K, used 298K [0x243e0000, 0x24940000, 0x29930000)
  eden space 4480K,   0% used [0x243e0000, 0x243e0000, 0x24840000)
  from space 512K,  58% used [0x24840000, 0x2488a808, 0x248c0000)
  to   space 512K,   0% used [0x248c0000, 0x248c0000, 0x24940000)
 tenured generation   total 10948K, used 10045K [0x29930000, 0x2a3e1000, 0x343e0000)
   the space 10948K,  91% used [0x29930000, 0x2a2ff5a0, 0x2a2ff600, 0x2a3e1000)
 compacting perm gen  total 12288K, used 2560K [0x343e0000, 0x34fe0000, 0x383e0000)
   the space 12288K,  20% used [0x343e0000, 0x346600b8, 0x34660200, 0x34fe0000)
    ro space 10240K,  45% used [0x383e0000, 0x38865e50, 0x38866000, 0x38de0000)
    rw space 12288K,  54% used [0x38de0000, 0x39468f78, 0x39469000, 0x399e0000)
}

Deoptimization events (0 events):
No events

Internal exceptions (10 events):
Event: 1.524 Thread 0x04bc2c00 Threw 0x245a4a68 at C:\jdk7u2_32P\jdk7u10\hotspot\src\share\vm\prims\jvm.cpp:1166
Event: 1.537 Thread 0x04bc2c00 Threw 0x245a8b60 at C:\jdk7u2_32P\jdk7u10\hotspot\src\share\vm\prims\jvm.cpp:1166
Event: 1.551 Thread 0x04bc2c00 Threw 0x245ac288 at C:\jdk7u2_32P\jdk7u10\hotspot\src\share\vm\prims\jvm.cpp:1166
Event: 1.555 Thread 0x04bc2c00 Threw 0x245cf560 at C:\jdk7u2_32P\jdk7u10\hotspot\src\share\vm\prims\jvm.cpp:1166
Event: 1.557 Thread 0x04bc2c00 Threw 0x245d2740 at C:\jdk7u2_32P\jdk7u10\hotspot\src\share\vm\prims\jvm.cpp:1166
Event: 1.559 Thread 0x04bc2c00 Threw 0x245d84f8 at C:\jdk7u2_32P\jdk7u10\hotspot\src\share\vm\prims\jvm.cpp:1166
Event: 4.979 Thread 0x04bc2c00 Threw 0x24716768 at C:\jdk7u2_32P\jdk7u10\hotspot\src\share\vm\prims\jvm.cpp:1166
Event: 22.202 Thread 0x04c5d800 Threw 0x247e4958 at C:\jdk7u2_32P\jdk7u10\hotspot\src\share\vm\prims\jni.cpp:742
Event: 121.015 Thread 0x04bc2c00 Threw 0x2452d2d8 at C:\jdk7u2_32P\jdk7u10\hotspot\src\share\vm\prims\jni.cpp:742
Event: 121.038 Thread 0x04bc2c00 Threw 0x2457f8c0 at C:\jdk7u2_32P\jdk7u10\hotspot\src\share\vm\prims\jni.cpp:742

Events (10 events):
Event: 120.717 Executing VM operation: GenCollectForAllocation
Event: 120.719 Executing VM operation: GenCollectForAllocation done
Event: 120.959 Executing VM operation: GenCollectForAllocation
Event: 120.962 Executing VM operation: GenCollectForAllocation done
Event: 121.015 loading class 0x399ed528
Event: 121.015 loading class 0x399ed6d0
Event: 121.015 loading class 0x399ed6d0 done
Event: 121.015 loading class 0x399ed528 done
Event: 121.481 Executing VM operation: GenCollectForAllocation
Event: 121.483 Executing VM operation: GenCollectForAllocation done


Dynamic libraries:
0x00130000 - 0x0015f000 	C:\Program Files (x86)\Java\jdk1.7.0_10\bin\java.exe
0x77830000 - 0x779b0000 	C:\Windows\SysWOW64\ntdll.dll
0x753f0000 - 0x75500000 	C:\Windows\syswow64\kernel32.dll
0x77260000 - 0x772a7000 	C:\Windows\syswow64\KERNELBASE.dll
0x75a40000 - 0x75ae0000 	C:\Windows\syswow64\ADVAPI32.dll
0x75ae0000 - 0x75b8c000 	C:\Windows\syswow64\msvcrt.dll
0x76800000 - 0x76819000 	C:\Windows\SysWOW64\sechost.dll
0x76b20000 - 0x76c10000 	C:\Windows\syswow64\RPCRT4.dll
0x75220000 - 0x75280000 	C:\Windows\syswow64\SspiCli.dll
0x75210000 - 0x7521c000 	C:\Windows\syswow64\CRYPTBASE.dll
0x758b0000 - 0x759b0000 	C:\Windows\syswow64\USER32.dll
0x759b0000 - 0x75a40000 	C:\Windows\syswow64\GDI32.dll
0x76c10000 - 0x76c1a000 	C:\Windows\syswow64\LPK.dll
0x76850000 - 0x768ed000 	C:\Windows\syswow64\USP10.dll
0x74910000 - 0x74aae000 	C:\Windows\WinSxS\x86_microsoft.windows.common-controls_6595b64144ccf1df_6.0.7601.17514_none_41e6975e2bd6f2b2\COMCTL32.dll
0x75610000 - 0x75667000 	C:\Windows\syswow64\SHLWAPI.dll
0x772b0000 - 0x77310000 	C:\Windows\system32\IMM32.DLL
0x76e40000 - 0x76f0c000 	C:\Windows\syswow64\MSCTF.dll
0x6fb70000 - 0x6fc2d000 	C:\Program Files (x86)\Java\jdk1.7.0_10\jre\bin\msvcr100.dll
0x6b850000 - 0x6bb9c000 	C:\Program Files (x86)\Java\jdk1.7.0_10\jre\bin\client\jvm.dll
0x74820000 - 0x74827000 	C:\Windows\system32\WSOCK32.dll
0x75280000 - 0x752b5000 	C:\Windows\syswow64\WS2_32.dll
0x76c20000 - 0x76c26000 	C:\Windows\syswow64\NSI.dll
0x74480000 - 0x744b2000 	C:\Windows\system32\WINMM.dll
0x76840000 - 0x76845000 	C:\Windows\syswow64\PSAPI.DLL
0x72300000 - 0x7230c000 	C:\Program Files (x86)\Java\jdk1.7.0_10\jre\bin\verify.dll
0x71990000 - 0x719b0000 	C:\Program Files (x86)\Java\jdk1.7.0_10\jre\bin\java.dll
0x71970000 - 0x71983000 	C:\Program Files (x86)\Java\jdk1.7.0_10\jre\bin\zip.dll
0x6e8d0000 - 0x6ea12000 	C:\Program Files (x86)\Java\jdk1.7.0_10\jre\bin\awt.dll
0x76c30000 - 0x76cbf000 	C:\Windows\syswow64\OLEAUT32.dll
0x76ce0000 - 0x76e3c000 	C:\Windows\syswow64\ole32.dll
0x5ceb0000 - 0x5d6ff000 	C:\OpenCV\opencv\build\java\x86\opencv_java249.dll
0x71a00000 - 0x71a19000 	C:\Windows\system32\AVIFIL32.dll
0x713c0000 - 0x713d4000 	C:\Windows\system32\MSACM32.dll
0x74430000 - 0x74451000 	C:\Windows\system32\MSVFW32.dll
0x75bb0000 - 0x767fa000 	C:\Windows\syswow64\SHELL32.dll
0x73ab0000 - 0x73ac3000 	C:\Windows\system32\AVICAP32.dll
0x746a0000 - 0x746a9000 	C:\Windows\system32\VERSION.dll
0x71cd0000 - 0x71d50000 	C:\Windows\system32\uxtheme.dll
0x72020000 - 0x72033000 	C:\Windows\system32\dwmapi.dll
0x716c0000 - 0x716ea000 	C:\Program Files (x86)\Java\jdk1.7.0_10\jre\bin\fontmanager.dll
0x73da0000 - 0x73f63000 	C:\Windows\system32\d3d9.dll
0x74800000 - 0x74806000 	C:\Windows\system32\d3d8thk.dll
0x737e0000 - 0x738a4000 	C:\Windows\system32\aticfx32.dll
0x72980000 - 0x7298b000 	C:\Windows\system32\atiu9pag.dll
0x5d9a0000 - 0x5df4e000 	C:\Windows\system32\atiumdag.dll
0x6bd80000 - 0x6c18c000 	C:\Windows\system32\atiumdva.dll
0x67d00000 - 0x67d36000 	C:\Program Files\WIDCOMM\Bluetooth Software\SysWOW64\BtMmHook.dll
0x71950000 - 0x71964000 	C:\Program Files (x86)\Java\jdk1.7.0_10\jre\bin\net.dll
0x72ed0000 - 0x72f0c000 	C:\Windows\system32\mswsock.dll
0x711a0000 - 0x711a6000 	C:\Windows\System32\wship6.dll
0x71d50000 - 0x71d5f000 	C:\Program Files (x86)\Java\jdk1.7.0_10\jre\bin\nio.dll
0x70db0000 - 0x70de1000 	C:\Program Files (x86)\Java\jdk1.7.0_10\jre\bin\t2k.dll
0x75670000 - 0x756f3000 	C:\Windows\syswow64\CLBCatQ.DLL
0x745b0000 - 0x745b8000 	C:\Program Files (x86)\DonJohnston\CoWriter\Resources\Libraries\CWTextService.dll
0x74850000 - 0x748f3000 	C:\Windows\WinSxS\x86_microsoft.vc90.crt_1fc8b3b9a1e18e3b_9.0.30729.6161_none_50934f2ebcb7eb57\MSVCR90.dll
0x735c0000 - 0x73618000 	C:\Program Files (x86)\Common Files\microsoft shared\ink\tiptsf.dll
0x72920000 - 0x72936000 	C:\Windows\system32\CRYPTSP.dll
0x728e0000 - 0x7291b000 	C:\Windows\system32\rsaenh.dll
0x728d0000 - 0x728de000 	C:\Windows\system32\RpcRtRemote.dll
0x70d80000 - 0x70da4000 	C:\Program Files (x86)\Java\jdk1.7.0_10\jre\bin\dcpr.dll
0x76cc0000 - 0x76cd7000 	C:\Windows\syswow64\USERENV.dll
0x76820000 - 0x7682b000 	C:\Windows\syswow64\profapi.dll
0x71540000 - 0x71550000 	C:\Windows\system32\NLAapi.dll
0x71530000 - 0x71540000 	C:\Windows\system32\napinsp.dll
0x71510000 - 0x71522000 	C:\Windows\system32\pnrpnsp.dll
0x717f0000 - 0x71834000 	C:\Windows\system32\DNSAPI.dll
0x71500000 - 0x71508000 	C:\Windows\System32\winrnr.dll
0x71270000 - 0x71297000 	C:\Program Files (x86)\Common Files\Microsoft Shared\Windows Live\WLIDNSP.DLL
0x71260000 - 0x7126d000 	C:\Windows\system32\wshbth.dll
0x71230000 - 0x71251000 	C:\Program Files (x86)\Bonjour\mdnsNSP.dll
0x72960000 - 0x7297c000 	C:\Windows\system32\Iphlpapi.DLL
0x72950000 - 0x72957000 	C:\Windows\system32\WINNSI.DLL
0x63560000 - 0x63568000 	C:\Program Files (x86)\National Instruments\Shared\mDNS Responder\nimdnsNSP.dll
0x63550000 - 0x6355b000 	C:\Windows\system32\nimdnsResponder.dll
0x72ec0000 - 0x72ec5000 	C:\Windows\System32\wshtcpip.dll
0x714b0000 - 0x714b6000 	C:\Windows\system32\rasadhlp.dll
0x714c0000 - 0x714f8000 	C:\Windows\System32\fwpuclnt.dll
0x6fcc0000 - 0x6fce5000 	C:\Program Files (x86)\Java\jdk1.7.0_10\jre\bin\jpeg.dll
0x6f3b0000 - 0x6f49b000 	C:\Windows\system32\dbghelp.dll

VM Arguments:
jvm_args: -Dfile.encoding=UTF-8 -Djava.library.path=C:\OpenCV\opencv\build\java\x86 
java_command: opencvhello.NewJFrame
Launcher Type: SUN_STANDARD

Environment Variables:
JAVA_HOME=C:\Program Files\Java\jdk1.7.0_07
PATH=C:\PROGRAM FILES\BROADCOM\BROADCOM 802.11\DRIVER;C:\PROGRAM FILES (X86)\AMD APP\BIN\X86_64;C:\PROGRAM FILES (X86)\AMD APP\BIN\X86;C:\PROGRAM FILES\COMMON FILES\MICROSOFT SHARED\WINDOWS LIVE;C:\PROGRAM FILES (X86)\COMMON FILES\MICROSOFT SHARED\WINDOWS LIVE;C:\Windows\SYSTEM32;C:\Windows;C:\Windows\SYSTEM32\WBEM;C:\Windows\SYSTEM32\WINDOWSPOWERSHELL\V1.0\;C:\PROGRAM FILES (X86)\WINDOWS LIVE\SHARED;C:\PROGRAM FILES (X86)\ATI TECHNOLOGIES\ATI.ACE\CORE-STATIC;C:\PROGRAM FILES (X86)\HEWLETT-PACKARD\HP SIMPLEPASS IDENTITY PROTECTION\X64;C:\PROGRAM FILES (X86)\IVI FOUNDATION\VISA\WINNT\BIN;C:\PROGRA~2\IVIFOU~1\VISA\WINNT\BIN;C:\PROGRAM FILES (X86)\LEJOS NXJ\BIN;C:\PROGRAM FILES\TORTOISEGIT\BIN;C:\PROGRAM FILES\MICROSOFT SQL SERVER\110\TOOLS\BINN\;;C:\PROGRAM FILES (X86)\GTKSHARP\2.12\BIN;C:\PROGRAM FILES\MICROSOFT\WEB PLATFORM INSTALLER\;C:\PROGRAM FILES (X86)\MICROSOFT ASP.NET\ASP.NET WEB PAGES\V1.0\;C:\Program Files\WIDCOMM\Bluetooth Software\;C:\Program Files\WIDCOMM\Bluetooth Software\syswow64;;.\Common\Libraries;C:\python2;C:\Program Files (x86)\Nmap
USERNAME=Alex
OS=Windows_NT
PROCESSOR_IDENTIFIER=AMD64 Family 20 Model 2 Stepping 0, AuthenticAMD



---------------  S Y S T E M  ---------------

OS: Windows 7 , 64 bit Build 7601 Service Pack 1

CPU:total 2 (2 cores per cpu, 1 threads per core) family 20 model 2 stepping 0, cmov, cx8, fxsr, mmx, sse, sse2, sse3, ssse3, popcnt, mmxext, lzcnt, sse4a, tsc, tscinvbit, tscinv

Memory: 4k page, physical 7971192k(4678820k free), swap 15940520k(12198512k free)

vm_info: Java HotSpot(TM) Client VM (23.6-b04) for windows-x86 JRE (1.7.0_10-b18), built on Nov 28 2012 08:34:29 by "java_re" with unknown MS VC++:1600

time: Tue Sep 16 21:28:30 2014
elapsed time: 121 seconds

