#
# A fatal error has been detected by the Java Runtime Environment:
#
#  EXCEPTION_ACCESS_VIOLATION (0xc0000005) at pc=0x000007feebd71099, pid=5992, tid=6044
#
# JRE version: Java(TM) SE Runtime Environment (8.0_25-b18) (build 1.8.0_25-b18)
# Java VM: Java HotSpot(TM) 64-Bit Server VM (25.25-b02 mixed mode windows-amd64 compressed oops)
# Problematic frame:
# C  [opencv_java2410.dll+0x1099]
#
# Failed to write core dump. Minidumps are not enabled by default on client versions of Windows
#
# If you would like to submit a bug report, please visit:
#   http://bugreport.sun.com/bugreport/crash.jsp
# The crash happened outside the Java Virtual Machine in native code.
# See problematic frame for where to report the bug.
#

---------------  T H R E A D  ---------------

Current thread (0x0000000056d2b800):  JavaThread "Finalizer" daemon [_thread_in_native, id=6044, stack(0x00000000579e0000,0x0000000057ae0000)]

siginfo: ExceptionCode=0xc0000005, reading address 0x00000069000000bc

Registers:
RAX=0x0000000016451b50, RBX=0x00000069000000a4, RCX=0x00000069000000a4, RDX=0x0000000057adf260
RSP=0x0000000057adf1b0, RBP=0x0000000057adf270, RSI=0x000000001641a8f0, RDI=0x00000000163f6040
R8 =0x00000069000000a4, R9 =0x0000000016451b50, R10=0x000007feebd7b850, R11=0x000000001641a8f0
R12=0x0000000000000000, R13=0x00000000027408d0, R14=0x0000000057adf260, R15=0x0000000056d2b800
RIP=0x000007feebd71099, EFLAGS=0x0000000000010202

Top of Stack: (sp=0x0000000057adf1b0)
0x0000000057adf1b0:   00000000027408d0 00000000027408d0
0x0000000057adf1c0:   0000000056d2b800 000000006d82586d
0x0000000057adf1d0:   00000069000000a4 000007feebd7b865
0x0000000057adf1e0:   0000000000000000 0000000086459cc0
0x0000000057adf1f0:   0000000000000005 0000000056d2b800
0x0000000057adf200:   00000000567f97b0 00000000028f1403
0x0000000057adf210:   0000000056d23400 0000000056d2b800
0x0000000057adf220:   00000000163f6040 0000000002946af5
0x0000000057adf230:   0000000056d261ca 0000000057adf290
0x0000000057adf240:   000000001641a8f0 0000000056d2b800
0x0000000057adf250:   0000000086459ce0 0000000057adf280
0x0000000057adf260:   000000008645ad30 000000000272d749
0x0000000057adf270:   00000000de67bf98 0000000002949a48
0x0000000057adf280:   000000001641a8f0 0000000000000246
0x0000000057adf290:   0000000086459ce0 0000000002740d80
0x0000000057adf2a0:   000000008642fef0 00000000115be000 

Instructions: (pc=0x000007feebd71099)
0x000007feebd71079:   cc cc cc cc cc cc cc c2 00 00 cc cc cc cc cc cc
0x000007feebd71089:   cc cc cc cc cc cc cc 40 53 48 83 ec 20 48 8b d9
0x000007feebd71099:   48 8b 49 18 48 85 c9 74 15 83 ca ff e8 76 c3 06
0x000007feebd710a9:   00 83 f8 01 75 08 48 8b cb e8 99 c1 03 00 45 33 


Register to memory mapping:

RAX=0x0000000016451b50 is pointing into metadata
RBX=0x00000069000000a4 is an unknown value
RCX=0x00000069000000a4 is an unknown value
RDX=0x0000000057adf260 is pointing into the stack for thread: 0x0000000056d2b800
RSP=0x0000000057adf1b0 is pointing into the stack for thread: 0x0000000056d2b800
RBP=0x0000000057adf270 is pointing into the stack for thread: 0x0000000056d2b800
RSI=0x000000001641a8f0 is pointing into metadata
RDI=0x00000000163f6040 is pointing into metadata
R8 =0x00000069000000a4 is an unknown value
R9 =0x0000000016451b50 is pointing into metadata
R10=0x000007feebd7b850 is an unknown value
R11=0x000000001641a8f0 is pointing into metadata
R12=0x0000000000000000 is an unknown value
R13=0x00000000027408d0 is at entry_point+-464 in (nmethod*)0x00000000027408d0
R14=0x0000000057adf260 is pointing into the stack for thread: 0x0000000056d2b800
R15=0x0000000056d2b800 is a thread


Stack: [0x00000000579e0000,0x0000000057ae0000],  sp=0x0000000057adf1b0,  free space=1020k
Native frames: (J=compiled Java code, j=interpreted, Vv=VM code, C=native code)
C  [opencv_java2410.dll+0x1099]
C  [opencv_java2410.dll+0xb865]
C  0x00000000028f1403

Java frames: (J=compiled Java code, j=interpreted, Vv=VM code)
J 667  org.opencv.core.Mat.n_delete(J)V (0 bytes) @ 0x00000000028f1381 [0x00000000028f1340+0x41]
J 813 C2 org.opencv.core.Mat.finalize()V (12 bytes) @ 0x0000000002949a48 [0x0000000002949a20+0x28]
J 980% C2 java.lang.ref.Finalizer$FinalizerThread.run()V (55 bytes) @ 0x0000000002740d80 [0x0000000002740aa0+0x2e0]
v  ~StubRoutines::call_stub

---------------  P R O C E S S  ---------------

Java Threads: ( => current thread )
  0x0000000058175000 JavaThread "Thread-502" [_thread_in_native, id=716, stack(0x000000005e970000,0x000000005ea70000)]
  0x000000005bbaa000 JavaThread "D3D Screen Updater" daemon [_thread_blocked, id=6116, stack(0x000000005cf50000,0x000000005d050000)]
  0x000000005bbf1000 JavaThread "Thread-2" [_thread_in_native, id=6112, stack(0x000000005c880000,0x000000005c980000)]
  0x0000000001e5d800 JavaThread "DestroyJavaVM" [_thread_blocked, id=6024, stack(0x0000000002260000,0x0000000002360000)]
  0x000000005832d000 JavaThread "AWT-EventQueue-0" [_thread_blocked, id=6084, stack(0x00000000592f0000,0x00000000593f0000)]
  0x0000000058286800 JavaThread "AWT-Windows" daemon [_thread_in_native, id=6080, stack(0x0000000058d50000,0x0000000058e50000)]
  0x0000000058283800 JavaThread "AWT-Shutdown" [_thread_blocked, id=6076, stack(0x0000000058b80000,0x0000000058c80000)]
  0x0000000058282800 JavaThread "Java2D Disposer" daemon [_thread_blocked, id=6072, stack(0x00000000588a0000,0x00000000589a0000)]
  0x0000000057f88800 JavaThread "Service Thread" daemon [_thread_blocked, id=6064, stack(0x00000000584f0000,0x00000000585f0000)]
  0x0000000056d90000 JavaThread "C1 CompilerThread1" daemon [_thread_blocked, id=6060, stack(0x0000000057e60000,0x0000000057f60000)]
  0x0000000056d8a000 JavaThread "C2 CompilerThread0" daemon [_thread_blocked, id=6056, stack(0x0000000057d60000,0x0000000057e60000)]
  0x0000000056d89000 JavaThread "Attach Listener" daemon [_thread_blocked, id=6052, stack(0x0000000057ae0000,0x0000000057be0000)]
  0x0000000056d87800 JavaThread "Signal Dispatcher" daemon [_thread_blocked, id=6048, stack(0x0000000057c10000,0x0000000057d10000)]
=>0x0000000056d2b800 JavaThread "Finalizer" daemon [_thread_in_native, id=6044, stack(0x00000000579e0000,0x0000000057ae0000)]
  0x0000000056d20000 JavaThread "Reference Handler" daemon [_thread_blocked, id=6040, stack(0x00000000576c0000,0x00000000577c0000)]

Other Threads:
  0x0000000056d1a800 VMThread [stack: 0x0000000057860000,0x0000000057960000] [id=6036]
  0x0000000056dec000 WatcherThread [stack: 0x0000000058680000,0x0000000058780000] [id=6068]

VM state:not at safepoint (normal execution)

VM Mutex/Monitor currently owned by a thread: None

Heap:
 PSYoungGen      total 98816K, used 8531K [0x00000000d7700000, 0x00000000de680000, 0x0000000100000000)
  eden space 95744K, 5% used [0x00000000d7700000,0x00000000d7c58bc0,0x00000000dd480000)
  from space 3072K, 99% used [0x00000000de380000,0x00000000de67c1f8,0x00000000de680000)
  to   space 4096K, 0% used [0x00000000dde80000,0x00000000dde80000,0x00000000de280000)
 ParOldGen       total 83456K, used 3918K [0x0000000086400000, 0x000000008b580000, 0x00000000d7700000)
  object space 83456K, 4% used [0x0000000086400000,0x00000000867d3840,0x000000008b580000)
 Metaspace       used 13069K, capacity 13276K, committed 13568K, reserved 1060864K
  class space    used 1597K, capacity 1668K, committed 1792K, reserved 1048576K

Card table byte_map: [0x00000000119f0000,0x0000000011dc0000] byte_map_base: 0x00000000115be000

Marking Bits: (ParMarkBitMap*) 0x000000006de8d490
 Begin Bits: [0x0000000012340000, 0x00000000141b0000)
 End Bits:   [0x00000000141b0000, 0x0000000016020000)

Polling page: 0x0000000000210000

CodeCache: size=245760Kb used=4122Kb max_used=4122Kb free=241637Kb
 bounds [0x0000000002630000, 0x0000000002a40000, 0x0000000011630000]
 total_blobs=1800 nmethods=1106 adapters=609
 compilation: enabled

Compilation events (10 events):
Event: 66.308 Thread 0x0000000056d90000 1166       3       javax.imageio.ImageReader::checkReadParamBandSettings (143 bytes)
Event: 66.310 Thread 0x0000000056d90000 nmethod 1166 0x0000000002a37650 code [0x0000000002a37860, 0x0000000002a384c8]
Event: 66.310 Thread 0x0000000056d90000 1167       3       java.awt.image.DataBuffer::<init> (40 bytes)
Event: 66.311 Thread 0x0000000056d90000 nmethod 1167 0x0000000002a389d0 code [0x0000000002a38b40, 0x0000000002a38e08]
Event: 66.374 Thread 0x0000000056d90000 1168       3       org.opencv.utils.Converters::Mat_to_vector_vector_Point (96 bytes)
Event: 66.378 Thread 0x0000000056d90000 nmethod 1168 0x0000000002a38f10 code [0x0000000002a391c0, 0x0000000002a3a2e8]
Event: 67.508 Thread 0x0000000056d90000 1169   !   3       java.net.AbstractPlainSocketImpl::isConnectionResetPending (31 bytes)
Event: 67.509 Thread 0x0000000056d90000 nmethod 1169 0x0000000002a3ad10 code [0x0000000002a3ae80, 0x0000000002a3b1b0]
Event: 68.875 Thread 0x0000000056d90000 1170       3       sun.security.provider.ByteArrayAccess::i2bBig (204 bytes)
Event: 68.876 Thread 0x0000000056d90000 nmethod 1170 0x0000000002a3b290 code [0x0000000002a3b420, 0x0000000002a3b868]

GC Heap History (10 events):
Event: 55.842 GC heap before
{Heap before GC invocations=36 (full 0):
 PSYoungGen      total 92672K, used 89827K [0x00000000d7700000, 0x00000000deb80000, 0x0000000100000000)
  eden space 88576K, 99% used [0x00000000d7700000,0x00000000dccf5dc8,0x00000000dcd80000)
  from space 4096K, 44% used [0x00000000dcd80000,0x00000000dcf431d0,0x00000000dd180000)
  to   space 4096K, 0% used [0x00000000de780000,0x00000000de780000,0x00000000deb80000)
 ParOldGen       total 83456K, used 2537K [0x0000000086400000, 0x000000008b580000, 0x00000000d7700000)
  object space 83456K, 3% used [0x0000000086400000,0x000000008667a7f0,0x000000008b580000)
 Metaspace       used 13043K, capacity 13212K, committed 13568K, reserved 1060864K
  class space    used 1597K, capacity 1668K, committed 1792K, reserved 1048576K
Event: 55.870 GC heap after
Heap after GC invocations=36 (full 0):
 PSYoungGen      total 115200K, used 1612K [0x00000000d7700000, 0x00000000deb80000, 0x0000000100000000)
  eden space 111104K, 0% used [0x00000000d7700000,0x00000000d7700000,0x00000000de380000)
  from space 4096K, 39% used [0x00000000de780000,0x00000000de913228,0x00000000deb80000)
  to   space 4096K, 0% used [0x00000000de380000,0x00000000de380000,0x00000000de780000)
 ParOldGen       total 83456K, used 2545K [0x0000000086400000, 0x000000008b580000, 0x00000000d7700000)
  object space 83456K, 3% used [0x0000000086400000,0x000000008667c7f0,0x000000008b580000)
 Metaspace       used 13043K, capacity 13212K, committed 13568K, reserved 1060864K
  class space    used 1597K, capacity 1668K, committed 1792K, reserved 1048576K
}
Event: 59.017 GC heap before
{Heap before GC invocations=37 (full 0):
 PSYoungGen      total 115200K, used 112716K [0x00000000d7700000, 0x00000000deb80000, 0x0000000100000000)
  eden space 111104K, 100% used [0x00000000d7700000,0x00000000de380000,0x00000000de380000)
  from space 4096K, 39% used [0x00000000de780000,0x00000000de913228,0x00000000deb80000)
  to   space 4096K, 0% used [0x00000000de380000,0x00000000de380000,0x00000000de780000)
 ParOldGen       total 83456K, used 2545K [0x0000000086400000, 0x000000008b580000, 0x00000000d7700000)
  object space 83456K, 3% used [0x0000000086400000,0x000000008667c7f0,0x000000008b580000)
 Metaspace       used 13062K, capacity 13276K, committed 13568K, reserved 1060864K
  class space    used 1597K, capacity 1668K, committed 1792K, reserved 1048576K
Event: 59.029 GC heap after
Heap after GC invocations=37 (full 0):
 PSYoungGen      total 109568K, used 2116K [0x00000000d7700000, 0x00000000de800000, 0x0000000100000000)
  eden space 107008K, 0% used [0x00000000d7700000,0x00000000d7700000,0x00000000ddf80000)
  from space 2560K, 82% used [0x00000000de380000,0x00000000de591010,0x00000000de600000)
  to   space 2048K, 0% used [0x00000000de600000,0x00000000de600000,0x00000000de800000)
 ParOldGen       total 83456K, used 2561K [0x0000000086400000, 0x000000008b580000, 0x00000000d7700000)
  object space 83456K, 3% used [0x0000000086400000,0x00000000866807f0,0x000000008b580000)
 Metaspace       used 13062K, capacity 13276K, committed 13568K, reserved 1060864K
  class space    used 1597K, capacity 1668K, committed 1792K, reserved 1048576K
}
Event: 62.442 GC heap before
{Heap before GC invocations=38 (full 0):
 PSYoungGen      total 109568K, used 109124K [0x00000000d7700000, 0x00000000de800000, 0x0000000100000000)
  eden space 107008K, 100% used [0x00000000d7700000,0x00000000ddf80000,0x00000000ddf80000)
  from space 2560K, 82% used [0x00000000de380000,0x00000000de591010,0x00000000de600000)
  to   space 2048K, 0% used [0x00000000de600000,0x00000000de600000,0x00000000de800000)
 ParOldGen       total 83456K, used 2561K [0x0000000086400000, 0x000000008b580000, 0x00000000d7700000)
  object space 83456K, 3% used [0x0000000086400000,0x00000000866807f0,0x000000008b580000)
 Metaspace       used 13062K, capacity 13276K, committed 13568K, reserved 1060864K
  class space    used 1597K, capacity 1668K, committed 1792K, reserved 1048576K
Event: 62.452 GC heap after
Heap after GC invocations=38 (full 0):
 PSYoungGen      total 104960K, used 2020K [0x00000000d7700000, 0x00000000de800000, 0x0000000100000000)
  eden space 102912K, 0% used [0x00000000d7700000,0x00000000d7700000,0x00000000ddb80000)
  from space 2048K, 98% used [0x00000000de600000,0x00000000de7f9010,0x00000000de800000)
  to   space 3584K, 0% used [0x00000000de100000,0x00000000de100000,0x00000000de480000)
 ParOldGen       total 83456K, used 2569K [0x0000000086400000, 0x000000008b580000, 0x00000000d7700000)
  object space 83456K, 3% used [0x0000000086400000,0x00000000866827f0,0x000000008b580000)
 Metaspace       used 13062K, capacity 13276K, committed 13568K, reserved 1060864K
  class space    used 1597K, capacity 1668K, committed 1792K, reserved 1048576K
}
Event: 65.994 GC heap before
{Heap before GC invocations=39 (full 0):
 PSYoungGen      total 104960K, used 104932K [0x00000000d7700000, 0x00000000de800000, 0x0000000100000000)
  eden space 102912K, 100% used [0x00000000d7700000,0x00000000ddb80000,0x00000000ddb80000)
  from space 2048K, 98% used [0x00000000de600000,0x00000000de7f9010,0x00000000de800000)
  to   space 3584K, 0% used [0x00000000de100000,0x00000000de100000,0x00000000de480000)
 ParOldGen       total 83456K, used 2582K [0x0000000086400000, 0x000000008b580000, 0x00000000d7700000)
  object space 83456K, 3% used [0x0000000086400000,0x0000000086685b80,0x000000008b580000)
 Metaspace       used 13062K, capacity 13276K, committed 13568K, reserved 1060864K
  class space    used 1597K, capacity 1668K, committed 1792K, reserved 1048576K
Event: 66.002 GC heap after
Heap after GC invocations=39 (full 0):
 PSYoungGen      total 101888K, used 2480K [0x00000000d7700000, 0x00000000de680000, 0x0000000100000000)
  eden space 99328K, 0% used [0x00000000d7700000,0x00000000d7700000,0x00000000dd800000)
  from space 2560K, 96% used [0x00000000de100000,0x00000000de36c268,0x00000000de380000)
  to   space 3072K, 0% used [0x00000000de380000,0x00000000de380000,0x00000000de680000)
 ParOldGen       total 83456K, used 2590K [0x0000000086400000, 0x000000008b580000, 0x00000000d7700000)
  object space 83456K, 3% used [0x0000000086400000,0x0000000086687b80,0x000000008b580000)
 Metaspace       used 13062K, capacity 13276K, committed 13568K, reserved 1060864K
  class space    used 1597K, capacity 1668K, committed 1792K, reserved 1048576K
}
Event: 68.879 GC heap before
{Heap before GC invocations=40 (full 0):
 PSYoungGen      total 101888K, used 101808K [0x00000000d7700000, 0x00000000de680000, 0x0000000100000000)
  eden space 99328K, 100% used [0x00000000d7700000,0x00000000dd800000,0x00000000dd800000)
  from space 2560K, 96% used [0x00000000de100000,0x00000000de36c268,0x00000000de380000)
  to   space 3072K, 0% used [0x00000000de380000,0x00000000de380000,0x00000000de680000)
 ParOldGen       total 83456K, used 3510K [0x0000000086400000, 0x000000008b580000, 0x00000000d7700000)
  object space 83456K, 4% used [0x0000000086400000,0x000000008676d840,0x000000008b580000)
 Metaspace       used 13069K, capacity 13276K, committed 13568K, reserved 1060864K
  class space    used 1597K, capacity 1668K, committed 1792K, reserved 1048576K
Event: 68.895 GC heap after
Heap after GC invocations=40 (full 0):
 PSYoungGen      total 98816K, used 3056K [0x00000000d7700000, 0x00000000de680000, 0x0000000100000000)
  eden space 95744K, 0% used [0x00000000d7700000,0x00000000d7700000,0x00000000dd480000)
  from space 3072K, 99% used [0x00000000de380000,0x00000000de67c1f8,0x00000000de680000)
  to   space 4096K, 0% used [0x00000000dde80000,0x00000000dde80000,0x00000000de280000)
 ParOldGen       total 83456K, used 3918K [0x0000000086400000, 0x000000008b580000, 0x00000000d7700000)
  object space 83456K, 4% used [0x0000000086400000,0x00000000867d3840,0x000000008b580000)
 Metaspace       used 13069K, capacity 13276K, committed 13568K, reserved 1060864K
  class space    used 1597K, capacity 1668K, committed 1792K, reserved 1048576K
}

Deoptimization events (5 events):
Event: 3.066 Thread 0x000000005bbf1000 Uncommon trap: reason=class_check action=maybe_recompile pc=0x0000000002819390 method=java.util.HashMap.putVal(ILjava/lang/Object;Ljava/lang/Object;ZZ)Ljava/lang/Object; @ 253
Event: 3.066 Thread 0x000000005bbf1000 Uncommon trap: reason=class_check action=maybe_recompile pc=0x0000000002819390 method=java.util.HashMap.putVal(ILjava/lang/Object;Ljava/lang/Object;ZZ)Ljava/lang/Object; @ 253
Event: 3.066 Thread 0x000000005bbf1000 Uncommon trap: reason=class_check action=maybe_recompile pc=0x0000000002819390 method=java.util.HashMap.putVal(ILjava/lang/Object;Ljava/lang/Object;ZZ)Ljava/lang/Object; @ 253
Event: 3.066 Thread 0x000000005bbf1000 Uncommon trap: reason=class_check action=maybe_recompile pc=0x0000000002819390 method=java.util.HashMap.putVal(ILjava/lang/Object;Ljava/lang/Object;ZZ)Ljava/lang/Object; @ 253
Event: 66.121 Thread 0x000000005bc74000 Uncommon trap: reason=unloaded action=reinterpret pc=0x00000000029fe038 method=org.opencv.core.Mat.<init>(J)V @ 10

Internal exceptions (10 events):
Event: 68.528 Thread 0x0000000058175000 Implicit null exception at 0x0000000002a1226e to 0x0000000002a14705
Event: 68.528 Thread 0x0000000058175000 Exception <a 'java/lang/NullPointerException'> (0x00000000dcea6b18) thrown at [D:\re\workspace\8-2-build-windows-amd64-cygwin\jdk8u25\1677\hotspot\src\share\vm\runtime\sharedRuntime.cpp, line 604]
Event: 68.660 Thread 0x0000000058175000 Implicit null exception at 0x0000000002a1226e to 0x0000000002a14705
Event: 68.660 Thread 0x0000000058175000 Exception <a 'java/lang/NullPointerException'> (0x00000000dd16b758) thrown at [D:\re\workspace\8-2-build-windows-amd64-cygwin\jdk8u25\1677\hotspot\src\share\vm\runtime\sharedRuntime.cpp, line 604]
Event: 68.732 Thread 0x0000000058175000 Implicit null exception at 0x0000000002a1226e to 0x0000000002a14705
Event: 68.732 Thread 0x0000000058175000 Exception <a 'java/lang/NullPointerException'> (0x00000000dd4ec580) thrown at [D:\re\workspace\8-2-build-windows-amd64-cygwin\jdk8u25\1677\hotspot\src\share\vm\runtime\sharedRuntime.cpp, line 604]
Event: 68.830 Thread 0x0000000058175000 Implicit null exception at 0x0000000002a1226e to 0x0000000002a14705
Event: 68.830 Thread 0x0000000058175000 Exception <a 'java/lang/NullPointerException'> (0x00000000dd7b1968) thrown at [D:\re\workspace\8-2-build-windows-amd64-cygwin\jdk8u25\1677\hotspot\src\share\vm\runtime\sharedRuntime.cpp, line 604]
Event: 68.944 Thread 0x0000000058175000 Implicit null exception at 0x0000000002a1226e to 0x0000000002a14705
Event: 68.944 Thread 0x0000000058175000 Exception <a 'java/lang/NullPointerException'> (0x00000000d78a0d38) thrown at [D:\re\workspace\8-2-build-windows-amd64-cygwin\jdk8u25\1677\hotspot\src\share\vm\runtime\sharedRuntime.cpp, line 604]

Events (10 events):
Event: 68.605 Thread 0x0000000058175000 Thread added: 0x0000000058175000
Event: 68.660 Thread 0x0000000058175000 Thread exited: 0x0000000058175000
Event: 68.707 Thread 0x0000000058175000 Thread added: 0x0000000058175000
Event: 68.732 Thread 0x0000000058175000 Thread exited: 0x0000000058175000
Event: 68.805 Thread 0x0000000058175000 Thread added: 0x0000000058175000
Event: 68.830 Thread 0x0000000058175000 Thread exited: 0x0000000058175000
Event: 68.879 Executing VM operation: ParallelGCFailedAllocation
Event: 68.895 Executing VM operation: ParallelGCFailedAllocation done
Event: 68.920 Thread 0x0000000058175000 Thread added: 0x0000000058175000
Event: 68.944 Thread 0x0000000058175000 Thread exited: 0x0000000058175000


Dynamic libraries:
0x000000013f830000 - 0x000000013f864000 	C:\Program Files\Java\jdk1.8.0_25\bin\java.exe
0x00000000775b0000 - 0x0000000077759000 	C:\Windows\SYSTEM32\ntdll.dll
0x0000000077490000 - 0x00000000775af000 	C:\Windows\system32\kernel32.dll
0x000007fefd410000 - 0x000007fefd47c000 	C:\Windows\system32\KERNELBASE.dll
0x000007fefe4a0000 - 0x000007fefe57b000 	C:\Windows\system32\ADVAPI32.dll
0x000007feff820000 - 0x000007feff8bf000 	C:\Windows\system32\msvcrt.dll
0x000007fefea30000 - 0x000007fefea4f000 	C:\Windows\SYSTEM32\sechost.dll
0x000007feff230000 - 0x000007feff35d000 	C:\Windows\system32\RPCRT4.dll
0x0000000077390000 - 0x000000007748a000 	C:\Windows\system32\USER32.dll
0x000007fefe580000 - 0x000007fefe5e7000 	C:\Windows\system32\GDI32.dll
0x000007feff540000 - 0x000007feff54e000 	C:\Windows\system32\LPK.dll
0x000007fefec90000 - 0x000007fefed59000 	C:\Windows\system32\USP10.dll
0x000007fefbef0000 - 0x000007fefc0e4000 	C:\Windows\WinSxS\amd64_microsoft.windows.common-controls_6595b64144ccf1df_6.0.7601.18837_none_fa3b1e3d17594757\COMCTL32.dll
0x000007fefebe0000 - 0x000007fefec51000 	C:\Windows\system32\SHLWAPI.dll
0x000007feff0d0000 - 0x000007feff0fe000 	C:\Windows\system32\IMM32.DLL
0x000007fefea50000 - 0x000007fefeb59000 	C:\Windows\system32\MSCTF.dll
0x0000000070370000 - 0x0000000070442000 	C:\Program Files\Java\jdk1.8.0_25\jre\bin\msvcr100.dll
0x000000006d6b0000 - 0x000000006df0a000 	C:\Program Files\Java\jdk1.8.0_25\jre\bin\server\jvm.dll
0x000007fefb110000 - 0x000007fefb119000 	C:\Windows\system32\WSOCK32.dll
0x000007feff1e0000 - 0x000007feff22d000 	C:\Windows\system32\WS2_32.dll
0x000007fefec80000 - 0x000007fefec88000 	C:\Windows\system32\NSI.dll
0x000007fefafd0000 - 0x000007fefb00b000 	C:\Windows\system32\WINMM.dll
0x0000000077780000 - 0x0000000077787000 	C:\Windows\system32\PSAPI.DLL
0x0000000074600000 - 0x000000007460f000 	C:\Program Files\Java\jdk1.8.0_25\jre\bin\verify.dll
0x0000000070300000 - 0x0000000070328000 	C:\Program Files\Java\jdk1.8.0_25\jre\bin\java.dll
0x00000000702e0000 - 0x00000000702f6000 	C:\Program Files\Java\jdk1.8.0_25\jre\bin\zip.dll
0x000007fefd710000 - 0x000007fefe499000 	C:\Windows\system32\SHELL32.dll
0x000007fefe820000 - 0x000007fefea23000 	C:\Windows\system32\ole32.dll
0x000007fefd360000 - 0x000007fefd36f000 	C:\Windows\system32\profapi.dll
0x00000000700e0000 - 0x0000000070278000 	C:\Program Files\Java\jdk1.8.0_25\jre\bin\awt.dll
0x000007feff100000 - 0x000007feff1d7000 	C:\Windows\system32\OLEAUT32.dll
0x000007feebd70000 - 0x000007feec741000 	C:\OpenCV\opencv\build\java\x64\opencv_java2410.dll
0x000007fef1450000 - 0x000007fef146f000 	C:\Windows\system32\AVIFIL32.dll
0x000007fefaaa0000 - 0x000007fefaab8000 	C:\Windows\system32\MSACM32.dll
0x000007fef0e10000 - 0x000007fef0e39000 	C:\Windows\system32\MSVFW32.dll
0x000007fef1470000 - 0x000007fef1487000 	C:\Windows\system32\AVICAP32.dll
0x000007fefc3e0000 - 0x000007fefc3ec000 	C:\Windows\system32\VERSION.dll
0x000007fefbd10000 - 0x000007fefbd66000 	C:\Windows\system32\uxtheme.dll
0x000007fefb680000 - 0x000007fefb698000 	C:\Windows\system32\dwmapi.dll
0x000007fefd1b0000 - 0x000007fefd1bf000 	C:\Windows\system32\CRYPTBASE.dll
0x0000000070090000 - 0x00000000700d7000 	C:\Program Files\Java\jdk1.8.0_25\jre\bin\fontmanager.dll
0x000007feecf30000 - 0x000007feed12f000 	C:\Windows\system32\d3d9.dll
0x000007fef6590000 - 0x000007fef6597000 	C:\Windows\system32\d3d8thk.dll
0x000000006fc60000 - 0x000000006fd49000 	C:\Windows\system32\aticfx64.dll
0x000007fef68e0000 - 0x000007fef68ee000 	C:\Windows\system32\atiu9p64.dll
0x0000000069470000 - 0x0000000069ba4000 	C:\Windows\system32\atiumd64.dll
0x0000000069080000 - 0x000000006946f000 	C:\Windows\system32\atiumd6a.dll
0x00000000702c0000 - 0x00000000702da000 	C:\Program Files\Java\jdk1.8.0_25\jre\bin\net.dll
0x000007fefcaf0000 - 0x000007fefcb45000 	C:\Windows\system32\mswsock.dll
0x000007fefcae0000 - 0x000007fefcae7000 	C:\Windows\System32\wship6.dll
0x0000000070280000 - 0x0000000070291000 	C:\Program Files\Java\jdk1.8.0_25\jre\bin\nio.dll
0x0000000070040000 - 0x0000000070081000 	C:\Program Files\Java\jdk1.8.0_25\jre\bin\t2k.dll
0x000007fefc500000 - 0x000007fefc507000 	C:\Windows\System32\wshtcpip.dll
0x000007fefc970000 - 0x000007fefc9cb000 	C:\Windows\system32\DNSAPI.dll
0x000007fef6510000 - 0x000007fef653f000 	C:\Program Files\Common Files\Microsoft Shared\Windows Live\WLIDNSP.DLL
0x0000000063560000 - 0x0000000063569000 	C:\Program Files\National Instruments\Shared\mDNS Responder\nimdnsNSP.dll
0x0000000063550000 - 0x000000006355e000 	C:\Windows\system32\nimdnsResponder.dll
0x0000000074610000 - 0x00000000746b3000 	C:\Windows\WinSxS\amd64_microsoft.vc90.crt_1fc8b3b9a1e18e3b_9.0.30729.6161_none_08e61857a83bc251\MSVCR90.dll
0x000007fef9ec0000 - 0x000007fef9ee7000 	C:\Windows\system32\Iphlpapi.DLL
0x000007fef9eb0000 - 0x000007fef9ebb000 	C:\Windows\system32\WINNSI.DLL
0x000007fefaa60000 - 0x000007fefaa75000 	C:\Windows\system32\NLAapi.dll
0x000007fef64f0000 - 0x000007fef6505000 	C:\Windows\system32\napinsp.dll
0x000007fef64d0000 - 0x000007fef64e9000 	C:\Windows\system32\pnrpnsp.dll
0x000007fef6440000 - 0x000007fef644b000 	C:\Windows\System32\winrnr.dll
0x000007fef63d0000 - 0x000007fef63e0000 	C:\Windows\system32\wshbth.dll
0x000007fef9940000 - 0x000007fef9993000 	C:\Windows\System32\fwpuclnt.dll
0x000007fef63c0000 - 0x000007fef63c8000 	C:\Windows\system32\rasadhlp.dll
0x0000000070010000 - 0x000000007003a000 	C:\Program Files\Java\jdk1.8.0_25\jre\bin\dcpr.dll
0x000007fefcb50000 - 0x000007fefcb68000 	C:\Windows\system32\CRYPTSP.dll
0x000007fefc850000 - 0x000007fefc897000 	C:\Windows\system32\rsaenh.dll
0x000007fefd370000 - 0x000007fefd38e000 	C:\Windows\system32\USERENV.dll
0x000007fef98d0000 - 0x000007fef98e1000 	C:\Windows\system32\dhcpcsvc6.DLL
0x000007fef98f0000 - 0x000007fef9908000 	C:\Windows\system32\dhcpcsvc.DLL
0x000000006f990000 - 0x000000006f9c1000 	C:\Program Files\Java\jdk1.8.0_25\jre\bin\jpeg.dll
0x000007fefa600000 - 0x000007fefa725000 	C:\Windows\system32\dbghelp.dll

VM Arguments:
jvm_args: -Dfile.encoding=UTF-8 -Djava.library.path=C:\OpenCV\opencv\build\java\x64 
java_command: opencvhello.NewJFrame
java_class_path (initial): C:\OpenCV\opencv\build\java\opencv-2410.jar;C:\Users\Alex\Documents\NetBeansProjects\OpenCVHello\build\classes
Launcher Type: SUN_STANDARD

Environment Variables:
JAVA_HOME=C:\Program Files\Java\jdk1.8.0_25
PATH=C:\ProgramData\Oracle\Java\javapath;C:\Program Files (x86)\HP SimplePass\x64;C:\Program Files (x86)\HP SimplePass\;;C:\Program Files\Broadcom\Broadcom 802.11\Driver;;C:\Program Files (x86)\AMD APP\bin\x86_64;C:\Program Files (x86)\AMD APP\bin\x86;C:\Program Files\Common Files\Microsoft Shared\Windows Live;C:\Program Files (x86)\Common Files\Microsoft Shared\Windows Live;C:\Windows\system32;C:\Windows;C:\Windows\System32\Wbem;C:\Windows\System32\WindowsPowerShell\v1.0\;C:\Program Files (x86)\Windows Live\Shared;C:\Program Files (x86)\ATI Technologies\ATI.ACE\Core-Static;C:\Program Files\WIDCOMM\Bluetooth Software\;C:\Program Files\WIDCOMM\Bluetooth Software\syswow64;C:\OpenCV\opencv\build\x64\vc12\bin;C:\Program Files\Microsoft SQL Server\110\Tools\Binn\;C:\Program Files\Microsoft SQL Server\120\Tools\Binn\;C:\Program Files (x86)\Windows Kits\8.1\Windows Performance Toolkit\;C:\Program Files (x86)\Microsoft SDKs\TypeScript\1.0\
USERNAME=Alex
OS=Windows_NT
PROCESSOR_IDENTIFIER=AMD64 Family 20 Model 2 Stepping 0, AuthenticAMD



---------------  S Y S T E M  ---------------

OS: Windows 7 , 64 bit Build 7601 Service Pack 1

CPU:total 2 (2 cores per cpu, 1 threads per core) family 20 model 2 stepping 0, cmov, cx8, fxsr, mmx, sse, sse2, sse3, ssse3, popcnt, mmxext, lzcnt, sse4a, tsc, tscinvbit, tscinv

Memory: 4k page, physical 7971192k(4481808k free), swap 15940548k(12590132k free)

vm_info: Java HotSpot(TM) 64-Bit Server VM (25.25-b02) for windows-amd64 JRE (1.8.0_25-b18), built on Oct  7 2014 14:25:37 by "java_re" with MS VC++ 10.0 (VS2010)

time: Sun Jan 24 13:43:52 2016
elapsed time: 69 seconds (0d 0h 1m 9s)

