#
# A fatal error has been detected by the Java Runtime Environment:
#
#  EXCEPTION_ACCESS_VIOLATION (0xc0000005) at pc=0x61f7ee09, pid=4504, tid=2084
#
# JRE version: 7.0_10-b18
# Java VM: Java HotSpot(TM) Client VM (23.6-b04 mixed mode, sharing windows-x86 )
# Problematic frame:
# C  [opencv_java249.dll+0x6ee09]  Java_org_opencv_contrib_Contrib_chamerMatching_11+0x2a859
#
# Failed to write core dump. Minidumps are not enabled by default on client versions of Windows
#
# If you would like to submit a bug report, please visit:
#   http://bugreport.sun.com/bugreport/crash.jsp
# The crash happened outside the Java Virtual Machine in native code.
# See problematic frame for where to report the bug.
#

---------------  T H R E A D  ---------------

Current thread (0x01ddb000):  JavaThread "Finalizer" daemon [_thread_in_native, id=2084, stack(0x042e0000,0x04330000)]

siginfo: ExceptionCode=0xc0000005, writing address 0x405f6e98

Registers:
EAX=0xffffffff, EBX=0x00000000, ECX=0x405f6e98, EDX=0x01ddb128
ESP=0x0432f170, EBP=0x0432f170, ESI=0x11d023c0, EDI=0x00000000
EIP=0x61f7ee09, EFLAGS=0x00010202

Top of Stack: (sp=0x0432f170)
0x0432f170:   0432f188 61f1c14d 405f6e98 ffffffff
0x0432f180:   01ddb000 0432f1a8 0432f1b8 022797ab
0x0432f190:   01ddb128 0432f1a8 11d023c0 00000000
0x0432f1a0:   00000000 39138328 299bdec8 0432f1c4
0x0432f1b0:   0432f1e8 021532c7 0432f210 02279534
0x0432f1c0:   11d023c0 00000000 0432f1c8 3862ed91
0x0432f1d0:   29e40e70 39137ba8 0432f210 021503d7
0x0432f1e0:   00000000 0432f1f0 0432f210 021503d7 

Instructions: (pc=0x61f7ee09)
0x61f7ede9:   7c cc 40 00 83 c4 04 c7 06 00 00 00 00 5e c3 cc
0x61f7edf9:   cc cc cc cc cc cc cc 55 8b ec 8b 45 0c 8b 4d 08
0x61f7ee09:   f0 0f c1 01 5d c3 cc 55 8b ec 6a ff 68 2b 0d 41
0x61f7ee19:   62 64 a1 00 00 00 00 50 51 56 57 a1 10 44 67 62 


Register to memory mapping:

EAX=0xffffffff is an unknown value
EBX=0x00000000 is an unknown value
ECX=0x405f6e98 is an unknown value
EDX=0x01ddb128 is an unknown value
ESP=0x0432f170 is pointing into the stack for thread: 0x01ddb000
EBP=0x0432f170 is pointing into the stack for thread: 0x01ddb000
ESI=0x11d023c0 is an unknown value
EDI=0x00000000 is an unknown value


Stack: [0x042e0000,0x04330000],  sp=0x0432f170,  free space=316k
Native frames: (J=compiled Java code, j=interpreted, Vv=VM code, C=native code)
C  [opencv_java249.dll+0x6ee09]  Java_org_opencv_contrib_Contrib_chamerMatching_11+0x2a859
C  [opencv_java249.dll+0xc14d]  Java_org_opencv_core_Mat_n_1delete+0x1d
J  org.opencv.core.Mat.n_delete(J)V
J  org.opencv.core.Mat.finalize()V
V  [jvm.dll+0x12a3ba]
V  [jvm.dll+0x1d97de]
V  [jvm.dll+0x12a43d]
V  [jvm.dll+0xaf12a]
V  [jvm.dll+0xb283f]
C  [java.dll+0x20f5]  Java_java_lang_ref_Finalizer_invokeFinalizeMethod+0x39
J  java.lang.ref.Finalizer.runFinalizer()V
V  [jvm.dll+0x12a3ba]
V  [jvm.dll+0x1d97de]
V  [jvm.dll+0x12a5a3]
V  [jvm.dll+0x12a607]
V  [jvm.dll+0xd315f]
V  [jvm.dll+0x14a6b7]
V  [jvm.dll+0x14a820]
V  [jvm.dll+0x17f009]
C  [msvcr100.dll+0x10fac]  freefls+0x130
C  [msvcr100.dll+0x110b1]  __fls_getvalue+0x58
C  [kernel32.dll+0x1338a]  BaseThreadInitThunk+0x12
C  [ntdll.dll+0x39f72]  RtlInitializeExceptionChain+0x63
C  [ntdll.dll+0x39f45]  RtlInitializeExceptionChain+0x36

Java frames: (J=compiled Java code, j=interpreted, Vv=VM code)
J  org.opencv.core.Mat.n_delete(J)V
J  org.opencv.core.Mat.finalize()V
v  ~StubRoutines::call_stub
J  java.lang.ref.Finalizer.invokeFinalizeMethod(Ljava/lang/Object;)V
J  java.lang.ref.Finalizer.runFinalizer()V
J  java.lang.ref.Finalizer$FinalizerThread.run()V
v  ~StubRoutines::call_stub

---------------  P R O C E S S  ---------------

Java Threads: ( => current thread )
  0x049ee400 JavaThread "TimerQueue" daemon [_thread_blocked, id=10844, stack(0x0b880000,0x0b8d0000)]
  0x049c2400 JavaThread "Thread-3" [_thread_in_native, id=11648, stack(0x0b750000,0x0b7a0000)]
  0x049af000 JavaThread "D3D Screen Updater" daemon [_thread_blocked, id=7928, stack(0x09220000,0x09270000)]
  0x049b3800 JavaThread "Thread-2" [_thread_blocked, id=10244, stack(0x09080000,0x090d0000)]
  0x01f2b800 JavaThread "DestroyJavaVM" [_thread_blocked, id=9512, stack(0x01eb0000,0x01f00000)]
  0x04922800 JavaThread "AWT-EventQueue-0" [_thread_in_native, id=9284, stack(0x04b40000,0x04b90000)]
  0x0489b400 JavaThread "AWT-Windows" daemon [_thread_in_native, id=2928, stack(0x04de0000,0x04e30000)]
  0x0489ac00 JavaThread "AWT-Shutdown" [_thread_blocked, id=7832, stack(0x020c0000,0x02110000)]
  0x04898400 JavaThread "Java2D Disposer" daemon [_thread_blocked, id=4908, stack(0x04b90000,0x04be0000)]
  0x01e0a400 JavaThread "Service Thread" daemon [_thread_blocked, id=9852, stack(0x04430000,0x04480000)]
  0x01df2c00 JavaThread "C1 CompilerThread0" daemon [_thread_blocked, id=5792, stack(0x04590000,0x045e0000)]
  0x01df1800 JavaThread "Attach Listener" daemon [_thread_blocked, id=10352, stack(0x04610000,0x04660000)]
  0x01dee400 JavaThread "Signal Dispatcher" daemon [_thread_blocked, id=9788, stack(0x044e0000,0x04530000)]
=>0x01ddb000 JavaThread "Finalizer" daemon [_thread_in_native, id=2084, stack(0x042e0000,0x04330000)]
  0x01dd6400 JavaThread "Reference Handler" daemon [_thread_blocked, id=9340, stack(0x04360000,0x043b0000)]

Other Threads:
  0x01dd4c00 VMThread [stack: 0x04240000,0x04290000] [id=6404]
  0x01e24c00 WatcherThread [stack: 0x04820000,0x04870000] [id=7284]

VM state:not at safepoint (normal execution)

VM Mutex/Monitor currently owned by a thread: None

Heap
 def new generation   total 9344K, used 4138K [0x243e0000, 0x24e00000, 0x29930000)
  eden space 8320K,  49% used [0x243e0000, 0x247ea8e8, 0x24c00000)
  from space 1024K,   0% used [0x24c00000, 0x24c00000, 0x24d00000)
  to   space 1024K,   0% used [0x24d00000, 0x24d00000, 0x24e00000)
 tenured generation   total 20676K, used 6201K [0x29930000, 0x2ad61000, 0x343e0000)
   the space 20676K,  29% used [0x29930000, 0x29f3e6f0, 0x29f3e800, 0x2ad61000)
 compacting perm gen  total 12288K, used 2573K [0x343e0000, 0x34fe0000, 0x383e0000)
   the space 12288K,  20% used [0x343e0000, 0x34663668, 0x34663800, 0x34fe0000)
    ro space 10240K,  45% used [0x383e0000, 0x38865e50, 0x38866000, 0x38de0000)
    rw space 12288K,  54% used [0x38de0000, 0x39468f78, 0x39469000, 0x399e0000)

Card table byte_map: [0x01fb0000,0x02060000] byte_map_base: 0x01e8e100

Polling page: 0x001c0000

Code Cache  [0x02150000, 0x022b8000, 0x04150000)
 total_blobs=891 nmethods=498 adapters=328 free_code_cache=31330Kb largest_free_block=32081984

Compilation events (10 events):
Event: 47.573 Thread 0x01df2c00  492   !         java.io.BufferedWriter::write (117 bytes)
Event: 47.574 Thread 0x01df2c00 nmethod 492 0x022b6488 code [0x022b65c0, 0x022b68f4]
Event: 48.978 Thread 0x01df2c00  493             java.nio.charset.CoderResult::isUnderflow (13 bytes)
Event: 48.979 Thread 0x01df2c00 nmethod 493 0x022b6bc8 code [0x022b6cc0, 0x022b6d50]
Event: 49.012 Thread 0x01df2c00  494   !         java.awt.Container::getComponent (42 bytes)
Event: 49.013 Thread 0x01df2c00 nmethod 494 0x022b6d88 code [0x022b6ed0, 0x022b71bc]
Event: 50.200 Thread 0x01df2c00  495             java.util.Arrays::copyOf (13 bytes)
Event: 50.201 Thread 0x01df2c00 nmethod 495 0x022b7408 code [0x022b7500, 0x022b758c]
Event: 50.207 Thread 0x01df2c00  496             sun.nio.fs.WindowsPath::getFileSystem (5 bytes)
Event: 50.208 Thread 0x01df2c00 nmethod 496 0x022b7608 code [0x022b7700, 0x022b7780]

GC Heap History (10 events):
Event: 49.817 GC heap before
{Heap before GC invocations=277 (full 25):
 def new generation   total 8768K, used 7879K [0x243e0000, 0x24d60000, 0x29930000)
  eden space 7808K,  88% used [0x243e0000, 0x24aa1ce8, 0x24b80000)
  from space 960K, 100% used [0x24b80000, 0x24c70000, 0x24c70000)
  to   space 960K,   0% used [0x24c70000, 0x24c70000, 0x24d60000)
 tenured generation   total 19356K, used 19133K [0x29930000, 0x2ac17000, 0x343e0000)
   the space 19356K,  98% used [0x29930000, 0x2abdf6a8, 0x2abdf800, 0x2ac17000)
 compacting perm gen  total 12288K, used 2570K [0x343e0000, 0x34fe0000, 0x383e0000)
   the space 12288K,  20% used [0x343e0000, 0x34662888, 0x34662a00, 0x34fe0000)
    ro space 10240K,  45% used [0x383e0000, 0x38865e50, 0x38866000, 0x38de0000)
    rw space 12288K,  54% used [0x38de0000, 0x39468f78, 0x39469000, 0x399e0000)
Event: 49.819 GC heap after
Heap after GC invocations=278 (full 25):
 def new generation   total 8768K, used 103K [0x243e0000, 0x24d60000, 0x29930000)
  eden space 7808K,   0% used [0x243e0000, 0x243e0000, 0x24b80000)
  from space 960K,  10% used [0x24c70000, 0x24c89e58, 0x24d60000)
  to   space 960K,   0% used [0x24b80000, 0x24b80000, 0x24c70000)
 tenured generation   total 19356K, used 19133K [0x29930000, 0x2ac17000, 0x343e0000)
   the space 19356K,  98% used [0x29930000, 0x2abdf720, 0x2abdf800, 0x2ac17000)
 compacting perm gen  total 12288K, used 2570K [0x343e0000, 0x34fe0000, 0x383e0000)
   the space 12288K,  20% used [0x343e0000, 0x34662888, 0x34662a00, 0x34fe0000)
    ro space 10240K,  45% used [0x383e0000, 0x38865e50, 0x38866000, 0x38de0000)
    rw space 12288K,  54% used [0x38de0000, 0x39468f78, 0x39469000, 0x399e0000)
}
Event: 50.073 GC heap before
{Heap before GC invocations=278 (full 25):
 def new generation   total 8768K, used 7868K [0x243e0000, 0x24d60000, 0x29930000)
  eden space 7808K,  99% used [0x243e0000, 0x24b75438, 0x24b80000)
  from space 960K,  10% used [0x24c70000, 0x24c89e58, 0x24d60000)
  to   space 960K,   0% used [0x24b80000, 0x24b80000, 0x24c70000)
 tenured generation   total 19356K, used 19133K [0x29930000, 0x2ac17000, 0x343e0000)
   the space 19356K,  98% used [0x29930000, 0x2abdf720, 0x2abdf800, 0x2ac17000)
 compacting perm gen  total 12288K, used 2570K [0x343e0000, 0x34fe0000, 0x383e0000)
   the space 12288K,  20% used [0x343e0000, 0x34662888, 0x34662a00, 0x34fe0000)
    ro space 10240K,  45% used [0x383e0000, 0x38865e50, 0x38866000, 0x38de0000)
    rw space 12288K,  54% used [0x38de0000, 0x39468f78, 0x39469000, 0x399e0000)
Event: 50.076 GC heap after
Heap after GC invocations=279 (full 25):
 def new generation   total 8768K, used 133K [0x243e0000, 0x24d60000, 0x29930000)
  eden space 7808K,   0% used [0x243e0000, 0x243e0000, 0x24b80000)
  from space 960K,  13% used [0x24b80000, 0x24ba17f8, 0x24c70000)
  to   space 960K,   0% used [0x24c70000, 0x24c70000, 0x24d60000)
 tenured generation   total 19356K, used 19133K [0x29930000, 0x2ac17000, 0x343e0000)
   the space 19356K,  98% used [0x29930000, 0x2abdf720, 0x2abdf800, 0x2ac17000)
 compacting perm gen  total 12288K, used 2570K [0x343e0000, 0x34fe0000, 0x383e0000)
   the space 12288K,  20% used [0x343e0000, 0x34662888, 0x34662a00, 0x34fe0000)
    ro space 10240K,  45% used [0x383e0000, 0x38865e50, 0x38866000, 0x38de0000)
    rw space 12288K,  54% used [0x38de0000, 0x39468f78, 0x39469000, 0x399e0000)
}
Event: 50.260 GC heap before
{Heap before GC invocations=279 (full 25):
 def new generation   total 8768K, used 7942K [0x243e0000, 0x24d60000, 0x29930000)
  eden space 7808K,  99% used [0x243e0000, 0x24b7f290, 0x24b80000)
  from space 960K,  14% used [0x24b80000, 0x24ba2708, 0x24c70000)
  to   space 960K,   0% used [0x24c70000, 0x24c70000, 0x24d60000)
 tenured generation   total 19356K, used 19133K [0x29930000, 0x2ac17000, 0x343e0000)
   the space 19356K,  98% used [0x29930000, 0x2abdf720, 0x2abdf800, 0x2ac17000)
 compacting perm gen  total 12288K, used 2570K [0x343e0000, 0x34fe0000, 0x383e0000)
   the space 12288K,  20% used [0x343e0000, 0x34662888, 0x34662a00, 0x34fe0000)
    ro space 10240K,  45% used [0x383e0000, 0x38865e50, 0x38866000, 0x38de0000)
    rw space 12288K,  54% used [0x38de0000, 0x39468f78, 0x39469000, 0x399e0000)
Event: 50.267 GC heap after
Heap after GC invocations=280 (full 25):
 def new generation   total 8768K, used 960K [0x243e0000, 0x24d60000, 0x29930000)
  eden space 7808K,   0% used [0x243e0000, 0x243e0000, 0x24b80000)
  from space 960K, 100% used [0x24c70000, 0x24d60000, 0x24d60000)
  to   space 960K,   0% used [0x24b80000, 0x24b80000, 0x24c70000)
 tenured generation   total 22960K, used 22743K [0x29930000, 0x2af9c000, 0x343e0000)
   the space 22960K,  99% used [0x29930000, 0x2af65e10, 0x2af66000, 0x2af9c000)
 compacting perm gen  total 12288K, used 2570K [0x343e0000, 0x34fe0000, 0x383e0000)
   the space 12288K,  20% used [0x343e0000, 0x34662888, 0x34662a00, 0x34fe0000)
    ro space 10240K,  45% used [0x383e0000, 0x38865e50, 0x38866000, 0x38de0000)
    rw space 12288K,  54% used [0x38de0000, 0x39468f78, 0x39469000, 0x399e0000)
}
Event: 50.684 GC heap before
{Heap before GC invocations=280 (full 25):
 def new generation   total 8768K, used 6974K [0x243e0000, 0x24d60000, 0x29930000)
  eden space 7808K,  77% used [0x243e0000, 0x249bf9d0, 0x24b80000)
  from space 960K, 100% used [0x24c70000, 0x24d60000, 0x24d60000)
  to   space 960K,   0% used [0x24b80000, 0x24b80000, 0x24c70000)
 tenured generation   total 22960K, used 22743K [0x29930000, 0x2af9c000, 0x343e0000)
   the space 22960K,  99% used [0x29930000, 0x2af65e10, 0x2af66000, 0x2af9c000)
 compacting perm gen  total 12288K, used 2570K [0x343e0000, 0x34fe0000, 0x383e0000)
   the space 12288K,  20% used [0x343e0000, 0x34662888, 0x34662a00, 0x34fe0000)
    ro space 10240K,  45% used [0x383e0000, 0x38865e50, 0x38866000, 0x38de0000)
    rw space 12288K,  54% used [0x38de0000, 0x39468f78, 0x39469000, 0x399e0000)
Event: 50.687 GC heap after
Heap after GC invocations=281 (full 25):
 def new generation   total 8768K, used 257K [0x243e0000, 0x24d60000, 0x29930000)
  eden space 7808K,   0% used [0x243e0000, 0x243e0000, 0x24b80000)
  from space 960K,  26% used [0x24b80000, 0x24bc04f0, 0x24c70000)
  to   space 960K,   0% used [0x24c70000, 0x24c70000, 0x24d60000)
 tenured generation   total 22960K, used 22744K [0x29930000, 0x2af9c000, 0x343e0000)
   the space 22960K,  99% used [0x29930000, 0x2af66240, 0x2af66400, 0x2af9c000)
 compacting perm gen  total 12288K, used 2570K [0x343e0000, 0x34fe0000, 0x383e0000)
   the space 12288K,  20% used [0x343e0000, 0x34662888, 0x34662a00, 0x34fe0000)
    ro space 10240K,  45% used [0x383e0000, 0x38865e50, 0x38866000, 0x38de0000)
    rw space 12288K,  54% used [0x38de0000, 0x39468f78, 0x39469000, 0x399e0000)
}
Event: 50.876 GC heap before
{Heap before GC invocations=281 (full 25):
 def new generation   total 8768K, used 8063K [0x243e0000, 0x24d60000, 0x29930000)
  eden space 7808K,  99% used [0x243e0000, 0x24b7f848, 0x24b80000)
  from space 960K,  26% used [0x24b80000, 0x24bc04f0, 0x24c70000)
  to   space 960K,   0% used [0x24c70000, 0x24c70000, 0x24d60000)
 tenured generation   total 22960K, used 22744K [0x29930000, 0x2af9c000, 0x343e0000)
   the space 22960K,  99% used [0x29930000, 0x2af66240, 0x2af66400, 0x2af9c000)
 compacting perm gen  total 12288K, used 2570K [0x343e0000, 0x34fe0000, 0x383e0000)
   the space 12288K,  20% used [0x343e0000, 0x34662888, 0x34662a00, 0x34fe0000)
    ro space 10240K,  45% used [0x383e0000, 0x38865e50, 0x38866000, 0x38de0000)
    rw space 12288K,  54% used [0x38de0000, 0x39468f78, 0x39469000, 0x399e0000)
Event: 50.949 GC heap after
Heap after GC invocations=282 (full 26):
 def new generation   total 9344K, used 0K [0x243e0000, 0x24e00000, 0x29930000)
  eden space 8320K,   0% used [0x243e0000, 0x243e0000, 0x24c00000)
  from space 1024K,   0% used [0x24c00000, 0x24c00000, 0x24d00000)
  to   space 1024K,   0% used [0x24d00000, 0x24d00000, 0x24e00000)
 tenured generation   total 20676K, used 6201K [0x29930000, 0x2ad61000, 0x343e0000)
   the space 20676K,  29% used [0x29930000, 0x29f3e6f0, 0x29f3e800, 0x2ad61000)
 compacting perm gen  total 12288K, used 2570K [0x343e0000, 0x34fe0000, 0x383e0000)
   the space 12288K,  20% used [0x343e0000, 0x34662888, 0x34662a00, 0x34fe0000)
    ro space 10240K,  45% used [0x383e0000, 0x38865e50, 0x38866000, 0x38de0000)
    rw space 12288K,  54% used [0x38de0000, 0x39468f78, 0x39469000, 0x399e0000)
}

Deoptimization events (0 events):
No events

Internal exceptions (10 events):
Event: 3.818 Thread 0x049c2400 Threw 0x244d9e98 at C:\jdk7u2_32P\jdk7u10\hotspot\src\share\vm\prims\jvm.cpp:1166
Event: 3.856 Thread 0x04922800 Threw 0x244c0e00 at C:\jdk7u2_32P\jdk7u10\hotspot\src\share\vm\prims\jvm.cpp:1166
Event: 3.862 Thread 0x04922800 Threw 0x24580be0 at C:\jdk7u2_32P\jdk7u10\hotspot\src\share\vm\prims\jvm.cpp:1166
Event: 3.863 Thread 0x04922800 Threw 0x24583ee8 at C:\jdk7u2_32P\jdk7u10\hotspot\src\share\vm\prims\jvm.cpp:1166
Event: 3.865 Thread 0x04922800 Threw 0x24587e48 at C:\jdk7u2_32P\jdk7u10\hotspot\src\share\vm\prims\jvm.cpp:1166
Event: 3.885 Thread 0x04922800 Threw 0x2458be00 at C:\jdk7u2_32P\jdk7u10\hotspot\src\share\vm\prims\jvm.cpp:1166
Event: 3.913 Thread 0x04922800 Threw 0x2458f528 at C:\jdk7u2_32P\jdk7u10\hotspot\src\share\vm\prims\jvm.cpp:1166
Event: 3.917 Thread 0x04922800 Threw 0x24593d68 at C:\jdk7u2_32P\jdk7u10\hotspot\src\share\vm\prims\jvm.cpp:1166
Event: 3.920 Thread 0x04922800 Threw 0x245a5d68 at C:\jdk7u2_32P\jdk7u10\hotspot\src\share\vm\prims\jvm.cpp:1166
Event: 3.922 Thread 0x04922800 Threw 0x245ab950 at C:\jdk7u2_32P\jdk7u10\hotspot\src\share\vm\prims\jvm.cpp:1166

Events (10 events):
Event: 50.073 Executing VM operation: GenCollectForAllocation
Event: 50.076 Executing VM operation: GenCollectForAllocation done
Event: 50.254 Executing VM operation: GenCollectForAllocation
Event: 50.254 Executing VM operation: GenCollectForAllocation done
Event: 50.260 Executing VM operation: GenCollectFull
Event: 50.267 Executing VM operation: GenCollectFull done
Event: 50.683 Executing VM operation: GenCollectForAllocation
Event: 50.687 Executing VM operation: GenCollectForAllocation done
Event: 50.876 Executing VM operation: GenCollectForAllocation
Event: 50.949 Executing VM operation: GenCollectForAllocation done


Dynamic libraries:
0x00170000 - 0x0019f000 	C:\Program Files (x86)\Java\jdk1.7.0_10\bin\java.exe
0x77e70000 - 0x77ff0000 	C:\Windows\SysWOW64\ntdll.dll
0x76410000 - 0x76520000 	C:\Windows\syswow64\kernel32.dll
0x76060000 - 0x760a7000 	C:\Windows\syswow64\KERNELBASE.dll
0x76a70000 - 0x76b10000 	C:\Windows\syswow64\ADVAPI32.dll
0x76750000 - 0x767fc000 	C:\Windows\syswow64\msvcrt.dll
0x758d0000 - 0x758e9000 	C:\Windows\SysWOW64\sechost.dll
0x75ce0000 - 0x75dd0000 	C:\Windows\syswow64\RPCRT4.dll
0x75870000 - 0x758d0000 	C:\Windows\syswow64\SspiCli.dll
0x75860000 - 0x7586c000 	C:\Windows\syswow64\CRYPTBASE.dll
0x75ab0000 - 0x75bb0000 	C:\Windows\syswow64\USER32.dll
0x76800000 - 0x76890000 	C:\Windows\syswow64\GDI32.dll
0x763f0000 - 0x763fa000 	C:\Windows\syswow64\LPK.dll
0x759a0000 - 0x75a3d000 	C:\Windows\syswow64\USP10.dll
0x74f60000 - 0x750fe000 	C:\Windows\WinSxS\x86_microsoft.windows.common-controls_6595b64144ccf1df_6.0.7601.17514_none_41e6975e2bd6f2b2\COMCTL32.dll
0x76350000 - 0x763a7000 	C:\Windows\syswow64\SHLWAPI.dll
0x76b10000 - 0x76b70000 	C:\Windows\system32\IMM32.DLL
0x76910000 - 0x769dc000 	C:\Windows\syswow64\MSCTF.dll
0x6c710000 - 0x6c7cd000 	C:\Program Files (x86)\Java\jdk1.7.0_10\jre\bin\msvcr100.dll
0x66e70000 - 0x671bc000 	C:\Program Files (x86)\Java\jdk1.7.0_10\jre\bin\client\jvm.dll
0x74e10000 - 0x74e17000 	C:\Windows\system32\WSOCK32.dll
0x75a70000 - 0x75aa5000 	C:\Windows\syswow64\WS2_32.dll
0x75a60000 - 0x75a66000 	C:\Windows\syswow64\NSI.dll
0x74a60000 - 0x74a92000 	C:\Windows\system32\WINMM.dll
0x75990000 - 0x75995000 	C:\Windows\syswow64\PSAPI.DLL
0x71020000 - 0x7102c000 	C:\Program Files (x86)\Java\jdk1.7.0_10\jre\bin\verify.dll
0x71000000 - 0x71020000 	C:\Program Files (x86)\Java\jdk1.7.0_10\jre\bin\java.dll
0x70720000 - 0x70733000 	C:\Program Files (x86)\Java\jdk1.7.0_10\jre\bin\zip.dll
0x6adb0000 - 0x6aef2000 	C:\Program Files (x86)\Java\jdk1.7.0_10\jre\bin\awt.dll
0x777c0000 - 0x7784f000 	C:\Windows\syswow64\OLEAUT32.dll
0x761e0000 - 0x7633c000 	C:\Windows\syswow64\ole32.dll
0x61f10000 - 0x6275f000 	C:\OpenCV\opencv\build\java\x86\opencv_java249.dll
0x70b70000 - 0x70b89000 	C:\Windows\system32\AVIFIL32.dll
0x70b50000 - 0x70b64000 	C:\Windows\system32\MSACM32.dll
0x71a00000 - 0x71a21000 	C:\Windows\system32\MSVFW32.dll
0x76b70000 - 0x777ba000 	C:\Windows\syswow64\SHELL32.dll
0x71950000 - 0x71963000 	C:\Windows\system32\AVICAP32.dll
0x74f50000 - 0x74f59000 	C:\Windows\system32\VERSION.dll
0x72320000 - 0x723a0000 	C:\Windows\system32\uxtheme.dll
0x72670000 - 0x72683000 	C:\Windows\system32\dwmapi.dll
0x706d0000 - 0x706fa000 	C:\Program Files (x86)\Java\jdk1.7.0_10\jre\bin\fontmanager.dll
0x72140000 - 0x72303000 	C:\Windows\system32\d3d9.dll
0x72310000 - 0x72316000 	C:\Windows\system32\d3d8thk.dll
0x6eac0000 - 0x6eb84000 	C:\Windows\system32\aticfx32.dll
0x70b40000 - 0x70b4b000 	C:\Windows\system32\atiu9pag.dll
0x61960000 - 0x61f0e000 	C:\Windows\system32\atiumdag.dll
0x62d10000 - 0x6311c000 	C:\Windows\system32\atiumdva.dll
0x714f0000 - 0x71526000 	C:\Program Files\WIDCOMM\Bluetooth Software\SysWOW64\BtMmHook.dll
0x70700000 - 0x70714000 	C:\Program Files (x86)\Java\jdk1.7.0_10\jre\bin\net.dll
0x73500000 - 0x7353c000 	C:\Windows\system32\mswsock.dll
0x71880000 - 0x71886000 	C:\Windows\System32\wship6.dll
0x70ff0000 - 0x70fff000 	C:\Program Files (x86)\Java\jdk1.7.0_10\jre\bin\nio.dll
0x70690000 - 0x706c1000 	C:\Program Files (x86)\Java\jdk1.7.0_10\jre\bin\t2k.dll
0x769e0000 - 0x76a63000 	C:\Windows\syswow64\CLBCatQ.DLL
0x70b10000 - 0x70b24000 	C:\Windows\SysWOW64\devenum.dll
0x75e30000 - 0x75fcd000 	C:\Windows\syswow64\setupapi.dll
0x75960000 - 0x75987000 	C:\Windows\syswow64\CFGMGR32.dll
0x763d0000 - 0x763e2000 	C:\Windows\syswow64\DEVOBJ.dll
0x71f50000 - 0x71f71000 	C:\Windows\system32\ntmarta.dll
0x758f0000 - 0x75935000 	C:\Windows\syswow64\WLDAP32.dll
0x70200000 - 0x70208000 	C:\Program Files (x86)\DonJohnston\CoWriter\Resources\Libraries\CWTextService.dll
0x74e90000 - 0x74f33000 	C:\Windows\WinSxS\x86_microsoft.vc90.crt_1fc8b3b9a1e18e3b_9.0.30729.6161_none_50934f2ebcb7eb57\MSVCR90.dll
0x701a0000 - 0x701f8000 	C:\Program Files (x86)\Common Files\microsoft shared\ink\tiptsf.dll
0x73140000 - 0x73156000 	C:\Windows\system32\CRYPTSP.dll
0x73100000 - 0x7313b000 	C:\Windows\system32\rsaenh.dll
0x730f0000 - 0x730fe000 	C:\Windows\system32\RpcRtRemote.dll
0x70660000 - 0x70684000 	C:\Program Files (x86)\Java\jdk1.7.0_10\jre\bin\dcpr.dll
0x76710000 - 0x7673e000 	C:\Windows\syswow64\WINTRUST.dll
0x760c0000 - 0x761e0000 	C:\Windows\syswow64\CRYPT32.dll
0x75a40000 - 0x75a4c000 	C:\Windows\syswow64\MSASN1.dll
0x70760000 - 0x7076b000 	C:\Windows\system32\msdmo.dll
0x6f160000 - 0x6f192000 	C:\Windows\SysWOW64\qcap.dll
0x6b000000 - 0x6b177000 	C:\Windows\SysWOW64\quartz.dll
0x70240000 - 0x70273000 	C:\Windows\SysWOW64\ksproxy.ax
0x705d0000 - 0x705d4000 	C:\Windows\SysWOW64\ksuser.dll
0x70b00000 - 0x70b09000 	C:\Windows\SysWOW64\vidcap.ax
0x6ff50000 - 0x6ff6d000 	C:\Windows\SysWOW64\kswdmcap.ax
0x6ca50000 - 0x6cb6c000 	C:\Windows\SysWOW64\MFC42.dll
0x6e710000 - 0x6e79c000 	C:\Windows\SysWOW64\ODBC32.dll
0x6ea80000 - 0x6eab8000 	C:\Windows\SysWOW64\odbcint.dll
0x6e610000 - 0x6e690000 	C:\Windows\SysWOW64\qedit.dll
0x76890000 - 0x7690b000 	C:\Windows\syswow64\COMDLG32.dll
0x71fa0000 - 0x72130000 	C:\Windows\WinSxS\x86_microsoft.windows.gdiplus_6595b64144ccf1df_1.1.7601.18455_none_72d576ad8665e853\gdiplus.dll
0x723a0000 - 0x72487000 	C:\Windows\system32\DDRAW.dll
0x72490000 - 0x72496000 	C:\Windows\system32\DCIMAN32.dll
0x6c500000 - 0x6c5cc000 	C:\Windows\system32\D3DIM700.DLL
0x10000000 - 0x1019f000 	C:\Program Files (x86)\Adobe\Elements 10 Organizer\mc_codecs\mc_demux_mp2_ds.ax
0x70750000 - 0x70759000 	C:\Windows\system32\msyuv.dll
0x75940000 - 0x75957000 	C:\Windows\syswow64\USERENV.dll
0x77e40000 - 0x77e4b000 	C:\Windows\syswow64\profapi.dll
0x71b90000 - 0x71ba0000 	C:\Windows\system32\NLAapi.dll
0x71b80000 - 0x71b90000 	C:\Windows\system32\napinsp.dll
0x71b60000 - 0x71b72000 	C:\Windows\system32\pnrpnsp.dll
0x71e40000 - 0x71e84000 	C:\Windows\system32\DNSAPI.dll
0x71b50000 - 0x71b58000 	C:\Windows\System32\winrnr.dll
0x718d0000 - 0x718f7000 	C:\Program Files (x86)\Common Files\Microsoft Shared\Windows Live\WLIDNSP.DLL
0x71910000 - 0x7191d000 	C:\Windows\system32\wshbth.dll
0x71890000 - 0x718b1000 	C:\Program Files (x86)\Bonjour\mdnsNSP.dll
0x731f0000 - 0x7320c000 	C:\Windows\system32\Iphlpapi.DLL
0x73560000 - 0x73567000 	C:\Windows\system32\WINNSI.DLL
0x63560000 - 0x63568000 	C:\Program Files (x86)\National Instruments\Shared\mDNS Responder\nimdnsNSP.dll
0x63550000 - 0x6355b000 	C:\Windows\system32\nimdnsResponder.dll
0x73570000 - 0x73575000 	C:\Windows\System32\wshtcpip.dll
0x71b00000 - 0x71b06000 	C:\Windows\system32\rasadhlp.dll
0x71b10000 - 0x71b48000 	C:\Windows\System32\fwpuclnt.dll
0x6ea50000 - 0x6ea75000 	C:\Program Files (x86)\Java\jdk1.7.0_10\jre\bin\jpeg.dll
0x702e0000 - 0x703cb000 	C:\Windows\system32\dbghelp.dll

VM Arguments:
jvm_args: -Dfile.encoding=UTF-8 -Djava.library.path=C:\OpenCV\opencv\build\java\x86 
java_command: opencvhello.NewJFrame
Launcher Type: SUN_STANDARD

Environment Variables:
JAVA_HOME=C:\Program Files\Java\jdk1.7.0_07
PATH=C:\PROGRAM FILES\BROADCOM\BROADCOM 802.11\DRIVER;C:\PROGRAM FILES (X86)\AMD APP\BIN\X86_64;C:\PROGRAM FILES (X86)\AMD APP\BIN\X86;C:\PROGRAM FILES\COMMON FILES\MICROSOFT SHARED\WINDOWS LIVE;C:\PROGRAM FILES (X86)\COMMON FILES\MICROSOFT SHARED\WINDOWS LIVE;C:\Windows\SYSTEM32;C:\Windows;C:\Windows\SYSTEM32\WBEM;C:\Windows\SYSTEM32\WINDOWSPOWERSHELL\V1.0\;C:\PROGRAM FILES (X86)\WINDOWS LIVE\SHARED;C:\PROGRAM FILES (X86)\ATI TECHNOLOGIES\ATI.ACE\CORE-STATIC;C:\PROGRAM FILES (X86)\HEWLETT-PACKARD\HP SIMPLEPASS IDENTITY PROTECTION\X64;C:\PROGRAM FILES (X86)\IVI FOUNDATION\VISA\WINNT\BIN;C:\PROGRA~2\IVIFOU~1\VISA\WINNT\BIN;C:\PROGRAM FILES (X86)\LEJOS NXJ\BIN;C:\PROGRAM FILES\TORTOISEGIT\BIN;C:\PROGRAM FILES\MICROSOFT SQL SERVER\110\TOOLS\BINN\;;C:\PROGRAM FILES (X86)\GTKSHARP\2.12\BIN;C:\PROGRAM FILES\MICROSOFT\WEB PLATFORM INSTALLER\;C:\PROGRAM FILES (X86)\MICROSOFT ASP.NET\ASP.NET WEB PAGES\V1.0\;C:\Program Files\WIDCOMM\Bluetooth Software\;C:\Program Files\WIDCOMM\Bluetooth Software\syswow64;;.\Common\Libraries;C:\python2;C:\Program Files (x86)\Nmap
USERNAME=Alex
OS=Windows_NT
PROCESSOR_IDENTIFIER=AMD64 Family 20 Model 2 Stepping 0, AuthenticAMD



---------------  S Y S T E M  ---------------

OS: Windows 7 , 64 bit Build 7601 Service Pack 1

CPU:total 2 (2 cores per cpu, 1 threads per core) family 20 model 2 stepping 0, cmov, cx8, fxsr, mmx, sse, sse2, sse3, ssse3, popcnt, mmxext, lzcnt, sse4a, tsc, tscinvbit, tscinv

Memory: 4k page, physical 7971192k(3739284k free), swap 15940520k(11400668k free)

vm_info: Java HotSpot(TM) Client VM (23.6-b04) for windows-x86 JRE (1.7.0_10-b18), built on Nov 28 2012 08:34:29 by "java_re" with unknown MS VC++:1600

time: Thu Sep 11 21:22:01 2014
elapsed time: 51 seconds

