#
# A fatal error has been detected by the Java Runtime Environment:
#
#  EXCEPTION_ACCESS_VIOLATION (0xc0000005) at pc=0x7785e3be, pid=4948, tid=6320
#
# JRE version: 7.0_10-b18
# Java VM: Java HotSpot(TM) Client VM (23.6-b04 mixed mode, sharing windows-x86 )
# Problematic frame:
# C  [ntdll.dll+0x2e3be]  RtlInitUnicodeString+0x196
#
# Failed to write core dump. Minidumps are not enabled by default on client versions of Windows
#
# If you would like to submit a bug report, please visit:
#   http://bugreport.sun.com/bugreport/crash.jsp
# The crash happened outside the Java Virtual Machine in native code.
# See problematic frame for where to report the bug.
#

---------------  T H R E A D  ---------------

Current thread (0x0085b000):  JavaThread "Finalizer" daemon [_thread_in_native, id=6320, stack(0x04760000,0x047b0000)]

siginfo: ExceptionCode=0xc0000005, reading address 0x2587c225

Registers:
EAX=0x0690dbb0, EBX=0x055a44b0, ECX=0x05690000, EDX=0x055a44b0
ESP=0x047af130, EBP=0x047af164, ESI=0x2587c221, EDI=0x055a44a8
EIP=0x7785e3be, EFLAGS=0x00010206

Top of Stack: (sp=0x047af130)
0x047af130:   00000000 05690000 055a44b0 047af2f4
0x047af140:   778a71f5 2edc1cba fffffffe 778638aa
0x047af150:   778634a2 00000000 0a6c3270 055a44b0
0x047af160:   055a44a8 047af17c 7785e023 055a44b0
0x047af170:   00000000 00000000 055a44a8 047af190
0x047af180:   754014ad 05690000 00000000 055a44b0
0x047af190:   047af1a4 58a9ba85 05690000 00000000
0x047af1a0:   055a44b0 047af1b8 5862c189 055a44b0 

Instructions: (pc=0x7785e3be)
0x7785e39e:   7a f8 80 7f 07 05 0f 84 eb 4b 06 00 8b 07 8b f7
0x7785e3ae:   c1 ee 03 33 f0 33 35 a4 00 93 77 89 7d fc 33 f1
0x7785e3be:   8b 46 04 89 45 f4 c6 47 07 80 c6 47 06 00 8b 5e
0x7785e3ce:   08 8b 4e 0c 89 5d e0 83 c3 01 89 4d e4 83 d1 01 


Register to memory mapping:

EAX=0x0690dbb0 is an unknown value
EBX=0x055a44b0 is an unknown value
ECX=0x05690000 is an unknown value
EDX=0x055a44b0 is an unknown value
ESP=0x047af130 is pointing into the stack for thread: 0x0085b000
EBP=0x047af164 is pointing into the stack for thread: 0x0085b000
ESI=0x2587c221 is an unallocated location in the heap
EDI=0x055a44a8 is an unknown value


Stack: [0x04760000,0x047b0000],  sp=0x047af130,  free space=316k
Native frames: (J=compiled Java code, j=interpreted, Vv=VM code, C=native code)
C  [ntdll.dll+0x2e3be]  RtlInitUnicodeString+0x196
C  [ntdll.dll+0x2e023]  RtlFreeHeap+0x7e
C  [kernel32.dll+0x114ad]  HeapFree+0x14
C  [opencv_java249.dll+0x47ba85]  Java_org_opencv_contrib_Contrib_chamerMatching_11+0x4374d5
C  [opencv_java249.dll+0xc189]  Java_org_opencv_core_Mat_n_1delete+0x59
J  org.opencv.core.Mat.n_delete(J)V
J  org.opencv.core.Mat.finalize()V
V  [jvm.dll+0x12a3ba]
V  [jvm.dll+0x1d97de]
V  [jvm.dll+0x12a43d]
V  [jvm.dll+0xaf12a]
V  [jvm.dll+0xb283f]
C  [java.dll+0x20f5]  Java_java_lang_ref_Finalizer_invokeFinalizeMethod+0x39
J  java.lang.ref.Finalizer.runFinalizer()V
V  [jvm.dll+0x12a3ba]
V  [jvm.dll+0x1d97de]
V  [jvm.dll+0x12a5a3]
V  [jvm.dll+0x12a607]
V  [jvm.dll+0xd315f]
V  [jvm.dll+0x14a6b7]
V  [jvm.dll+0x14a820]
V  [jvm.dll+0x17f009]
C  [msvcr100.dll+0x10fac]  freefls+0x130
C  [msvcr100.dll+0x110b1]  __fls_getvalue+0x58
C  [kernel32.dll+0x1338a]  BaseThreadInitThunk+0x12
C  [ntdll.dll+0x39f72]  RtlInitializeExceptionChain+0x63
C  [ntdll.dll+0x39f45]  RtlInitializeExceptionChain+0x36

Java frames: (J=compiled Java code, j=interpreted, Vv=VM code)
J  org.opencv.core.Mat.n_delete(J)V
J  org.opencv.core.Mat.finalize()V
v  ~StubRoutines::call_stub
J  java.lang.ref.Finalizer.invokeFinalizeMethod(Ljava/lang/Object;)V
J  java.lang.ref.Finalizer.runFinalizer()V
J  java.lang.ref.Finalizer$FinalizerThread.run()V
v  ~StubRoutines::call_stub

---------------  P R O C E S S  ---------------

Java Threads: ( => current thread )
  0x04c75000 JavaThread "TimerQueue" daemon [_thread_blocked, id=7312, stack(0x08330000,0x08380000)]
  0x04c28c00 JavaThread "D3D Screen Updater" daemon [_thread_in_native, id=7096, stack(0x082e0000,0x08330000)]
  0x04c28400 JavaThread "Thread-6" [_thread_blocked, id=7964, stack(0x083b0000,0x08400000)]
  0x04c26000 JavaThread "Thread-5" [_thread_blocked, id=7272, stack(0x081e0000,0x08230000)]
  0x04c0e400 JavaThread "Thread-4" [_thread_in_Java, id=7584, stack(0x07ad0000,0x07b20000)]
  0x04c06000 JavaThread "Thread-2" [_thread_blocked, id=6004, stack(0x07a00000,0x07a50000)]
  0x0090b800 JavaThread "DestroyJavaVM" [_thread_blocked, id=5080, stack(0x00ce0000,0x00d30000)]
  0x04b7c000 JavaThread "AWT-EventQueue-0" [_thread_in_native, id=4624, stack(0x05ad0000,0x05b20000)]
  0x04af8000 JavaThread "AWT-Windows" daemon [_thread_in_native, id=8064, stack(0x04470000,0x044c0000)]
  0x04af7800 JavaThread "AWT-Shutdown" [_thread_blocked, id=4748, stack(0x04880000,0x048d0000)]
  0x04af4c00 JavaThread "Java2D Disposer" daemon [_thread_blocked, id=5952, stack(0x057d0000,0x05820000)]
  0x0087d400 JavaThread "Service Thread" daemon [_thread_blocked, id=6848, stack(0x04a90000,0x04ae0000)]
  0x00872800 JavaThread "C1 CompilerThread0" daemon [_thread_blocked, id=7712, stack(0x04710000,0x04760000)]
  0x00871800 JavaThread "Attach Listener" daemon [_thread_blocked, id=6484, stack(0x047e0000,0x04830000)]
  0x0086e400 JavaThread "Signal Dispatcher" daemon [_thread_blocked, id=2752, stack(0x046c0000,0x04710000)]
=>0x0085b000 JavaThread "Finalizer" daemon [_thread_in_native, id=6320, stack(0x04760000,0x047b0000)]
  0x00856400 JavaThread "Reference Handler" daemon [_thread_blocked, id=7048, stack(0x04410000,0x04460000)]

Other Threads:
  0x00854c00 VMThread [stack: 0x045b0000,0x04600000] [id=7404]
  0x00893400 WatcherThread [stack: 0x02250000,0x022a0000] [id=6032]

VM state:not at safepoint (normal execution)

VM Mutex/Monitor currently owned by a thread: None

Heap
 def new generation   total 4992K, used 2845K [0x243e0000, 0x24940000, 0x29930000)
  eden space 4480K,  61% used [0x243e0000, 0x24691b08, 0x24840000)
  from space 512K,  17% used [0x248c0000, 0x248d5c38, 0x24940000)
  to   space 512K,   0% used [0x24840000, 0x24840000, 0x248c0000)
 tenured generation   total 10944K, used 5334K [0x29930000, 0x2a3e0000, 0x343e0000)
   the space 10944K,  48% used [0x29930000, 0x29e65960, 0x29e65a00, 0x2a3e0000)
 compacting perm gen  total 12288K, used 2592K [0x343e0000, 0x34fe0000, 0x383e0000)
   the space 12288K,  21% used [0x343e0000, 0x346680b0, 0x34668200, 0x34fe0000)
    ro space 10240K,  45% used [0x383e0000, 0x38865e50, 0x38866000, 0x38de0000)
    rw space 12288K,  54% used [0x38de0000, 0x39468f78, 0x39469000, 0x399e0000)

Card table byte_map: [0x02300000,0x023b0000] byte_map_base: 0x021de100

Polling page: 0x00460000

Code Cache  [0x023f0000, 0x02540000, 0x043f0000)
 total_blobs=831 nmethods=439 adapters=327 free_code_cache=31440Kb largest_free_block=32195392

Compilation events (10 events):
Event: 17.587 Thread 0x00872800  433             java.util.HashMap::keySet (28 bytes)
Event: 17.588 Thread 0x00872800 nmethod 433 0x0253ac08 code [0x0253ad00, 0x0253adf0]
Event: 17.611 Thread 0x00872800  434             java.util.HashMap::newKeyIterator (10 bytes)
Event: 17.612 Thread 0x00872800 nmethod 434 0x0253ae48 code [0x0253af50, 0x0253b03c]
Event: 17.807 Thread 0x00872800  435             javax.swing.plaf.synth.SynthLookAndFeel::getComponentState (23 bytes)
Event: 17.808 Thread 0x00872800 nmethod 435 0x0253b0c8 code [0x0253b1e0, 0x0253b2d4]
Event: 18.109 Thread 0x00872800  436             java.util.Arrays::copyOf (47 bytes)
Event: 18.110 Thread 0x00872800 nmethod 436 0x0253b448 code [0x0253b570, 0x0253b814]
Event: 18.939 Thread 0x00872800  437             java.nio.ByteBuffer::arrayOffset (35 bytes)
Event: 18.939 Thread 0x00872800 nmethod 437 0x0253b948 code [0x0253ba60, 0x0253bbe8]

GC Heap History (10 events):
Event: 17.986 GC heap before
{Heap before GC invocations=61 (full 2):
 def new generation   total 4992K, used 4299K [0x243e0000, 0x24940000, 0x29930000)
  eden space 4480K,  93% used [0x243e0000, 0x247fa498, 0x24840000)
  from space 512K,  19% used [0x24840000, 0x248589d0, 0x248c0000)
  to   space 512K,   0% used [0x248c0000, 0x248c0000, 0x24940000)
 tenured generation   total 10944K, used 4390K [0x29930000, 0x2a3e0000, 0x343e0000)
   the space 10944K,  40% used [0x29930000, 0x29d79a08, 0x29d79c00, 0x2a3e0000)
 compacting perm gen  total 12288K, used 2592K [0x343e0000, 0x34fe0000, 0x383e0000)
   the space 12288K,  21% used [0x343e0000, 0x346680b0, 0x34668200, 0x34fe0000)
    ro space 10240K,  45% used [0x383e0000, 0x38865e50, 0x38866000, 0x38de0000)
    rw space 12288K,  54% used [0x38de0000, 0x39468f78, 0x39469000, 0x399e0000)
Event: 17.988 GC heap after
Heap after GC invocations=62 (full 2):
 def new generation   total 4992K, used 386K [0x243e0000, 0x24940000, 0x29930000)
  eden space 4480K,   0% used [0x243e0000, 0x243e0000, 0x24840000)
  from space 512K,  75% used [0x248c0000, 0x249208e0, 0x24940000)
  to   space 512K,   0% used [0x24840000, 0x24840000, 0x248c0000)
 tenured generation   total 10944K, used 4390K [0x29930000, 0x2a3e0000, 0x343e0000)
   the space 10944K,  40% used [0x29930000, 0x29d79a08, 0x29d79c00, 0x2a3e0000)
 compacting perm gen  total 12288K, used 2592K [0x343e0000, 0x34fe0000, 0x383e0000)
   the space 12288K,  21% used [0x343e0000, 0x346680b0, 0x34668200, 0x34fe0000)
    ro space 10240K,  45% used [0x383e0000, 0x38865e50, 0x38866000, 0x38de0000)
    rw space 12288K,  54% used [0x38de0000, 0x39468f78, 0x39469000, 0x399e0000)
}
Event: 18.186 GC heap before
{Heap before GC invocations=62 (full 2):
 def new generation   total 4992K, used 4759K [0x243e0000, 0x24940000, 0x29930000)
  eden space 4480K,  97% used [0x243e0000, 0x24825530, 0x24840000)
  from space 512K,  75% used [0x248c0000, 0x249208e0, 0x24940000)
  to   space 512K,   0% used [0x24840000, 0x24840000, 0x248c0000)
 tenured generation   total 10944K, used 4390K [0x29930000, 0x2a3e0000, 0x343e0000)
   the space 10944K,  40% used [0x29930000, 0x29d79a08, 0x29d79c00, 0x2a3e0000)
 compacting perm gen  total 12288K, used 2592K [0x343e0000, 0x34fe0000, 0x383e0000)
   the space 12288K,  21% used [0x343e0000, 0x346680b0, 0x34668200, 0x34fe0000)
    ro space 10240K,  45% used [0x383e0000, 0x38865e50, 0x38866000, 0x38de0000)
    rw space 12288K,  54% used [0x38de0000, 0x39468f78, 0x39469000, 0x399e0000)
Event: 18.188 GC heap after
Heap after GC invocations=63 (full 2):
 def new generation   total 4992K, used 377K [0x243e0000, 0x24940000, 0x29930000)
  eden space 4480K,   0% used [0x243e0000, 0x243e0000, 0x24840000)
  from space 512K,  73% used [0x24840000, 0x2489e7b0, 0x248c0000)
  to   space 512K,   0% used [0x248c0000, 0x248c0000, 0x24940000)
 tenured generation   total 10944K, used 4391K [0x29930000, 0x2a3e0000, 0x343e0000)
   the space 10944K,  40% used [0x29930000, 0x29d79ca0, 0x29d79e00, 0x2a3e0000)
 compacting perm gen  total 12288K, used 2592K [0x343e0000, 0x34fe0000, 0x383e0000)
   the space 12288K,  21% used [0x343e0000, 0x346680b0, 0x34668200, 0x34fe0000)
    ro space 10240K,  45% used [0x383e0000, 0x38865e50, 0x38866000, 0x38de0000)
    rw space 12288K,  54% used [0x38de0000, 0x39468f78, 0x39469000, 0x399e0000)
}
Event: 18.490 GC heap before
{Heap before GC invocations=63 (full 2):
 def new generation   total 4992K, used 4857K [0x243e0000, 0x24940000, 0x29930000)
  eden space 4480K, 100% used [0x243e0000, 0x24840000, 0x24840000)
  from space 512K,  73% used [0x24840000, 0x2489e7b0, 0x248c0000)
  to   space 512K,   0% used [0x248c0000, 0x248c0000, 0x24940000)
 tenured generation   total 10944K, used 4391K [0x29930000, 0x2a3e0000, 0x343e0000)
   the space 10944K,  40% used [0x29930000, 0x29d79ca0, 0x29d79e00, 0x2a3e0000)
 compacting perm gen  total 12288K, used 2592K [0x343e0000, 0x34fe0000, 0x383e0000)
   the space 12288K,  21% used [0x343e0000, 0x346680b0, 0x34668200, 0x34fe0000)
    ro space 10240K,  45% used [0x383e0000, 0x38865e50, 0x38866000, 0x38de0000)
    rw space 12288K,  54% used [0x38de0000, 0x39468f78, 0x39469000, 0x399e0000)
Event: 18.493 GC heap after
Heap after GC invocations=64 (full 2):
 def new generation   total 4992K, used 366K [0x243e0000, 0x24940000, 0x29930000)
  eden space 4480K,   0% used [0x243e0000, 0x243e0000, 0x24840000)
  from space 512K,  71% used [0x248c0000, 0x2491b848, 0x24940000)
  to   space 512K,   0% used [0x24840000, 0x24840000, 0x248c0000)
 tenured generation   total 10944K, used 5333K [0x29930000, 0x2a3e0000, 0x343e0000)
   the space 10944K,  48% used [0x29930000, 0x29e65448, 0x29e65600, 0x2a3e0000)
 compacting perm gen  total 12288K, used 2592K [0x343e0000, 0x34fe0000, 0x383e0000)
   the space 12288K,  21% used [0x343e0000, 0x346680b0, 0x34668200, 0x34fe0000)
    ro space 10240K,  45% used [0x383e0000, 0x38865e50, 0x38866000, 0x38de0000)
    rw space 12288K,  54% used [0x38de0000, 0x39468f78, 0x39469000, 0x399e0000)
}
Event: 18.879 GC heap before
{Heap before GC invocations=64 (full 2):
 def new generation   total 4992K, used 4428K [0x243e0000, 0x24940000, 0x29930000)
  eden space 4480K,  90% used [0x243e0000, 0x247d79b0, 0x24840000)
  from space 512K,  71% used [0x248c0000, 0x2491b848, 0x24940000)
  to   space 512K,   0% used [0x24840000, 0x24840000, 0x248c0000)
 tenured generation   total 10944K, used 5333K [0x29930000, 0x2a3e0000, 0x343e0000)
   the space 10944K,  48% used [0x29930000, 0x29e65448, 0x29e65600, 0x2a3e0000)
 compacting perm gen  total 12288K, used 2592K [0x343e0000, 0x34fe0000, 0x383e0000)
   the space 12288K,  21% used [0x343e0000, 0x346680b0, 0x34668200, 0x34fe0000)
    ro space 10240K,  45% used [0x383e0000, 0x38865e50, 0x38866000, 0x38de0000)
    rw space 12288K,  54% used [0x38de0000, 0x39468f78, 0x39469000, 0x399e0000)
Event: 18.880 GC heap after
Heap after GC invocations=65 (full 2):
 def new generation   total 4992K, used 93K [0x243e0000, 0x24940000, 0x29930000)
  eden space 4480K,   0% used [0x243e0000, 0x243e0000, 0x24840000)
  from space 512K,  18% used [0x24840000, 0x248575f8, 0x248c0000)
  to   space 512K,   0% used [0x248c0000, 0x248c0000, 0x24940000)
 tenured generation   total 10944K, used 5334K [0x29930000, 0x2a3e0000, 0x343e0000)
   the space 10944K,  48% used [0x29930000, 0x29e65960, 0x29e65a00, 0x2a3e0000)
 compacting perm gen  total 12288K, used 2592K [0x343e0000, 0x34fe0000, 0x383e0000)
   the space 12288K,  21% used [0x343e0000, 0x346680b0, 0x34668200, 0x34fe0000)
    ro space 10240K,  45% used [0x383e0000, 0x38865e50, 0x38866000, 0x38de0000)
    rw space 12288K,  54% used [0x38de0000, 0x39468f78, 0x39469000, 0x399e0000)
}
Event: 19.284 GC heap before
{Heap before GC invocations=65 (full 2):
 def new generation   total 4992K, used 4551K [0x243e0000, 0x24940000, 0x29930000)
  eden space 4480K,  99% used [0x243e0000, 0x2483a8c0, 0x24840000)
  from space 512K,  18% used [0x24840000, 0x248575f8, 0x248c0000)
  to   space 512K,   0% used [0x248c0000, 0x248c0000, 0x24940000)
 tenured generation   total 10944K, used 5334K [0x29930000, 0x2a3e0000, 0x343e0000)
   the space 10944K,  48% used [0x29930000, 0x29e65960, 0x29e65a00, 0x2a3e0000)
 compacting perm gen  total 12288K, used 2592K [0x343e0000, 0x34fe0000, 0x383e0000)
   the space 12288K,  21% used [0x343e0000, 0x346680b0, 0x34668200, 0x34fe0000)
    ro space 10240K,  45% used [0x383e0000, 0x38865e50, 0x38866000, 0x38de0000)
    rw space 12288K,  54% used [0x38de0000, 0x39468f78, 0x39469000, 0x399e0000)
Event: 19.286 GC heap after
Heap after GC invocations=66 (full 2):
 def new generation   total 4992K, used 87K [0x243e0000, 0x24940000, 0x29930000)
  eden space 4480K,   0% used [0x243e0000, 0x243e0000, 0x24840000)
  from space 512K,  17% used [0x248c0000, 0x248d5c38, 0x24940000)
  to   space 512K,   0% used [0x24840000, 0x24840000, 0x248c0000)
 tenured generation   total 10944K, used 5334K [0x29930000, 0x2a3e0000, 0x343e0000)
   the space 10944K,  48% used [0x29930000, 0x29e65960, 0x29e65a00, 0x2a3e0000)
 compacting perm gen  total 12288K, used 2592K [0x343e0000, 0x34fe0000, 0x383e0000)
   the space 12288K,  21% used [0x343e0000, 0x346680b0, 0x34668200, 0x34fe0000)
    ro space 10240K,  45% used [0x383e0000, 0x38865e50, 0x38866000, 0x38de0000)
    rw space 12288K,  54% used [0x38de0000, 0x39468f78, 0x39469000, 0x399e0000)
}

Deoptimization events (0 events):
No events

Internal exceptions (10 events):
Event: 1.420 Thread 0x04c0e400 Threw 0x245e2058 at C:\jdk7u2_32P\jdk7u10\hotspot\src\share\vm\prims\jvm.cpp:1166
Event: 1.507 Thread 0x04b7c000 Threw 0x2453b0a8 at C:\jdk7u2_32P\jdk7u10\hotspot\src\share\vm\prims\jvm.cpp:1166
Event: 1.514 Thread 0x04b7c000 Threw 0x24543768 at C:\jdk7u2_32P\jdk7u10\hotspot\src\share\vm\prims\jvm.cpp:1166
Event: 1.515 Thread 0x04b7c000 Threw 0x245469a0 at C:\jdk7u2_32P\jdk7u10\hotspot\src\share\vm\prims\jvm.cpp:1166
Event: 1.517 Thread 0x04b7c000 Threw 0x246240d0 at C:\jdk7u2_32P\jdk7u10\hotspot\src\share\vm\prims\jvm.cpp:1166
Event: 1.529 Thread 0x04b7c000 Threw 0x24628078 at C:\jdk7u2_32P\jdk7u10\hotspot\src\share\vm\prims\jvm.cpp:1166
Event: 1.543 Thread 0x04b7c000 Threw 0x2462b7a0 at C:\jdk7u2_32P\jdk7u10\hotspot\src\share\vm\prims\jvm.cpp:1166
Event: 1.548 Thread 0x04b7c000 Threw 0x24641b00 at C:\jdk7u2_32P\jdk7u10\hotspot\src\share\vm\prims\jvm.cpp:1166
Event: 1.552 Thread 0x04b7c000 Threw 0x24648638 at C:\jdk7u2_32P\jdk7u10\hotspot\src\share\vm\prims\jvm.cpp:1166
Event: 1.555 Thread 0x04b7c000 Threw 0x24650b68 at C:\jdk7u2_32P\jdk7u10\hotspot\src\share\vm\prims\jvm.cpp:1166

Events (10 events):
Event: 18.490 Executing VM operation: GenCollectForAllocation
Event: 18.493 Executing VM operation: GenCollectForAllocation done
Event: 18.879 Executing VM operation: GenCollectForAllocation
Event: 18.880 Executing VM operation: GenCollectForAllocation done
Event: 19.284 Executing VM operation: GenCollectForAllocation
Event: 19.286 Executing VM operation: GenCollectForAllocation done
Event: 19.286 Executing VM operation: RevokeBias
Event: 19.287 Executing VM operation: RevokeBias done
Event: 19.288 Executing VM operation: RevokeBias
Event: 19.289 Executing VM operation: RevokeBias done


Dynamic libraries:
0x00e10000 - 0x00e3f000 	C:\Program Files (x86)\Java\jdk1.7.0_10\bin\java.exe
0x77830000 - 0x779b0000 	C:\Windows\SysWOW64\ntdll.dll
0x753f0000 - 0x75500000 	C:\Windows\syswow64\kernel32.dll
0x77260000 - 0x772a7000 	C:\Windows\syswow64\KERNELBASE.dll
0x75a40000 - 0x75ae0000 	C:\Windows\syswow64\ADVAPI32.dll
0x75ae0000 - 0x75b8c000 	C:\Windows\syswow64\msvcrt.dll
0x76800000 - 0x76819000 	C:\Windows\SysWOW64\sechost.dll
0x76b20000 - 0x76c10000 	C:\Windows\syswow64\RPCRT4.dll
0x75220000 - 0x75280000 	C:\Windows\syswow64\SspiCli.dll
0x75210000 - 0x7521c000 	C:\Windows\syswow64\CRYPTBASE.dll
0x758b0000 - 0x759b0000 	C:\Windows\syswow64\USER32.dll
0x759b0000 - 0x75a40000 	C:\Windows\syswow64\GDI32.dll
0x76c10000 - 0x76c1a000 	C:\Windows\syswow64\LPK.dll
0x76850000 - 0x768ed000 	C:\Windows\syswow64\USP10.dll
0x74910000 - 0x74aae000 	C:\Windows\WinSxS\x86_microsoft.windows.common-controls_6595b64144ccf1df_6.0.7601.17514_none_41e6975e2bd6f2b2\COMCTL32.dll
0x75610000 - 0x75667000 	C:\Windows\syswow64\SHLWAPI.dll
0x772b0000 - 0x77310000 	C:\Windows\system32\IMM32.DLL
0x76e40000 - 0x76f0c000 	C:\Windows\syswow64\MSCTF.dll
0x738a0000 - 0x7395d000 	C:\Program Files (x86)\Java\jdk1.7.0_10\jre\bin\msvcr100.dll
0x70d90000 - 0x710dc000 	C:\Program Files (x86)\Java\jdk1.7.0_10\jre\bin\client\jvm.dll
0x74820000 - 0x74827000 	C:\Windows\system32\WSOCK32.dll
0x75280000 - 0x752b5000 	C:\Windows\syswow64\WS2_32.dll
0x76c20000 - 0x76c26000 	C:\Windows\syswow64\NSI.dll
0x74480000 - 0x744b2000 	C:\Windows\system32\WINMM.dll
0x76840000 - 0x76845000 	C:\Windows\syswow64\PSAPI.DLL
0x73aa0000 - 0x73aac000 	C:\Program Files (x86)\Java\jdk1.7.0_10\jre\bin\verify.dll
0x73a10000 - 0x73a30000 	C:\Program Files (x86)\Java\jdk1.7.0_10\jre\bin\java.dll
0x739f0000 - 0x73a03000 	C:\Program Files (x86)\Java\jdk1.7.0_10\jre\bin\zip.dll
0x71b80000 - 0x71cc2000 	C:\Program Files (x86)\Java\jdk1.7.0_10\jre\bin\awt.dll
0x76c30000 - 0x76cbf000 	C:\Windows\syswow64\OLEAUT32.dll
0x76ce0000 - 0x76e3c000 	C:\Windows\syswow64\ole32.dll
0x58620000 - 0x58e6f000 	C:\OpenCV\opencv\build\java\x86\opencv_java249.dll
0x71e00000 - 0x71e19000 	C:\Windows\system32\AVIFIL32.dll
0x709b0000 - 0x709c4000 	C:\Windows\system32\MSACM32.dll
0x74430000 - 0x74451000 	C:\Windows\system32\MSVFW32.dll
0x75bb0000 - 0x767fa000 	C:\Windows\syswow64\SHELL32.dll
0x73ab0000 - 0x73ac3000 	C:\Windows\system32\AVICAP32.dll
0x746a0000 - 0x746a9000 	C:\Windows\system32\VERSION.dll
0x71cd0000 - 0x71d50000 	C:\Windows\system32\uxtheme.dll
0x72020000 - 0x72033000 	C:\Windows\system32\dwmapi.dll
0x73830000 - 0x7385a000 	C:\Program Files (x86)\Java\jdk1.7.0_10\jre\bin\fontmanager.dll
0x73da0000 - 0x73f63000 	C:\Windows\system32\d3d9.dll
0x74800000 - 0x74806000 	C:\Windows\system32\d3d8thk.dll
0x6e950000 - 0x6ea14000 	C:\Windows\system32\aticfx32.dll
0x735e0000 - 0x735eb000 	C:\Windows\system32\atiu9pag.dll
0x58070000 - 0x5861e000 	C:\Windows\system32\atiumdag.dll
0x592b0000 - 0x596bc000 	C:\Windows\system32\atiumdva.dll
0x67d00000 - 0x67d36000 	C:\Program Files\WIDCOMM\Bluetooth Software\SysWOW64\BtMmHook.dll
0x73860000 - 0x73874000 	C:\Program Files (x86)\Java\jdk1.7.0_10\jre\bin\net.dll
0x72ed0000 - 0x72f0c000 	C:\Windows\system32\mswsock.dll
0x711a0000 - 0x711a6000 	C:\Windows\System32\wship6.dll
0x74030000 - 0x7403f000 	C:\Program Files (x86)\Java\jdk1.7.0_10\jre\bin\nio.dll
0x737f0000 - 0x73821000 	C:\Program Files (x86)\Java\jdk1.7.0_10\jre\bin\t2k.dll
0x75670000 - 0x756f3000 	C:\Windows\syswow64\CLBCatQ.DLL
0x735c0000 - 0x735c8000 	C:\Program Files (x86)\DonJohnston\CoWriter\Resources\Libraries\CWTextService.dll
0x74850000 - 0x748f3000 	C:\Windows\WinSxS\x86_microsoft.vc90.crt_1fc8b3b9a1e18e3b_9.0.30729.6161_none_50934f2ebcb7eb57\MSVCR90.dll
0x73140000 - 0x73198000 	C:\Program Files (x86)\Common Files\microsoft shared\ink\tiptsf.dll
0x72920000 - 0x72936000 	C:\Windows\system32\CRYPTSP.dll
0x728e0000 - 0x7291b000 	C:\Windows\system32\rsaenh.dll
0x728d0000 - 0x728de000 	C:\Windows\system32\RpcRtRemote.dll
0x73420000 - 0x73444000 	C:\Program Files (x86)\Java\jdk1.7.0_10\jre\bin\dcpr.dll
0x76cc0000 - 0x76cd7000 	C:\Windows\syswow64\USERENV.dll
0x76820000 - 0x7682b000 	C:\Windows\syswow64\profapi.dll
0x71540000 - 0x71550000 	C:\Windows\system32\NLAapi.dll
0x71530000 - 0x71540000 	C:\Windows\system32\napinsp.dll
0x71510000 - 0x71522000 	C:\Windows\system32\pnrpnsp.dll
0x717f0000 - 0x71834000 	C:\Windows\system32\DNSAPI.dll
0x71500000 - 0x71508000 	C:\Windows\System32\winrnr.dll
0x71270000 - 0x71297000 	C:\Program Files (x86)\Common Files\Microsoft Shared\Windows Live\WLIDNSP.DLL
0x71260000 - 0x7126d000 	C:\Windows\system32\wshbth.dll
0x71230000 - 0x71251000 	C:\Program Files (x86)\Bonjour\mdnsNSP.dll
0x72960000 - 0x7297c000 	C:\Windows\system32\Iphlpapi.DLL
0x72950000 - 0x72957000 	C:\Windows\system32\WINNSI.DLL
0x63560000 - 0x63568000 	C:\Program Files (x86)\National Instruments\Shared\mDNS Responder\nimdnsNSP.dll
0x63550000 - 0x6355b000 	C:\Windows\system32\nimdnsResponder.dll
0x72ec0000 - 0x72ec5000 	C:\Windows\System32\wshtcpip.dll
0x714b0000 - 0x714b6000 	C:\Windows\system32\rasadhlp.dll
0x714c0000 - 0x714f8000 	C:\Windows\System32\fwpuclnt.dll
0x711e0000 - 0x71205000 	C:\Program Files (x86)\Java\jdk1.7.0_10\jre\bin\jpeg.dll
0x6f3b0000 - 0x6f49b000 	C:\Windows\system32\dbghelp.dll

VM Arguments:
jvm_args: -Dfile.encoding=UTF-8 -Djava.library.path=C:\OpenCV\opencv\build\java\x86 
java_command: opencvhello.NewJFrame
Launcher Type: SUN_STANDARD

Environment Variables:
JAVA_HOME=C:\Program Files\Java\jdk1.7.0_07
PATH=C:\PROGRAM FILES\BROADCOM\BROADCOM 802.11\DRIVER;C:\PROGRAM FILES (X86)\AMD APP\BIN\X86_64;C:\PROGRAM FILES (X86)\AMD APP\BIN\X86;C:\PROGRAM FILES\COMMON FILES\MICROSOFT SHARED\WINDOWS LIVE;C:\PROGRAM FILES (X86)\COMMON FILES\MICROSOFT SHARED\WINDOWS LIVE;C:\Windows\SYSTEM32;C:\Windows;C:\Windows\SYSTEM32\WBEM;C:\Windows\SYSTEM32\WINDOWSPOWERSHELL\V1.0\;C:\PROGRAM FILES (X86)\WINDOWS LIVE\SHARED;C:\PROGRAM FILES (X86)\ATI TECHNOLOGIES\ATI.ACE\CORE-STATIC;C:\PROGRAM FILES (X86)\HEWLETT-PACKARD\HP SIMPLEPASS IDENTITY PROTECTION\X64;C:\PROGRAM FILES (X86)\IVI FOUNDATION\VISA\WINNT\BIN;C:\PROGRA~2\IVIFOU~1\VISA\WINNT\BIN;C:\PROGRAM FILES (X86)\LEJOS NXJ\BIN;C:\PROGRAM FILES\TORTOISEGIT\BIN;C:\PROGRAM FILES\MICROSOFT SQL SERVER\110\TOOLS\BINN\;;C:\PROGRAM FILES (X86)\GTKSHARP\2.12\BIN;C:\PROGRAM FILES\MICROSOFT\WEB PLATFORM INSTALLER\;C:\PROGRAM FILES (X86)\MICROSOFT ASP.NET\ASP.NET WEB PAGES\V1.0\;C:\Program Files\WIDCOMM\Bluetooth Software\;C:\Program Files\WIDCOMM\Bluetooth Software\syswow64;;.\Common\Libraries;C:\python2;C:\Program Files (x86)\Nmap
USERNAME=Alex
OS=Windows_NT
PROCESSOR_IDENTIFIER=AMD64 Family 20 Model 2 Stepping 0, AuthenticAMD



---------------  S Y S T E M  ---------------

OS: Windows 7 , 64 bit Build 7601 Service Pack 1

CPU:total 2 (2 cores per cpu, 1 threads per core) family 20 model 2 stepping 0, cmov, cx8, fxsr, mmx, sse, sse2, sse3, ssse3, popcnt, mmxext, lzcnt, sse4a, tsc, tscinvbit, tscinv

Memory: 4k page, physical 7971192k(5217864k free), swap 15940520k(12996376k free)

vm_info: Java HotSpot(TM) Client VM (23.6-b04) for windows-x86 JRE (1.7.0_10-b18), built on Nov 28 2012 08:34:29 by "java_re" with unknown MS VC++:1600

time: Tue Sep 23 18:34:49 2014
elapsed time: 19 seconds

