#
# A fatal error has been detected by the Java Runtime Environment:
#
#  EXCEPTION_ACCESS_VIOLATION (0xc0000005) at pc=0x7785e41b, pid=7120, tid=7928
#
# JRE version: 7.0_10-b18
# Java VM: Java HotSpot(TM) Client VM (23.6-b04 mixed mode, sharing windows-x86 )
# Problematic frame:
# C  [ntdll.dll+0x2e41b]  RtlInitUnicodeString+0x1f3
#
# Failed to write core dump. Minidumps are not enabled by default on client versions of Windows
#
# If you would like to submit a bug report, please visit:
#   http://bugreport.sun.com/bugreport/crash.jsp
# The crash happened outside the Java Virtual Machine in native code.
# See problematic frame for where to report the bug.
#

---------------  T H R E A D  ---------------

Current thread (0x0050b000):  JavaThread "Finalizer" daemon [_thread_in_native, id=7928, stack(0x04780000,0x047d0000)]

siginfo: ExceptionCode=0xc0000005, writing address 0x00000000

Registers:
EAX=0x00000000, EBX=0x926e0001, ECX=0x000000ad, EDX=0x00000000
ESP=0x047cf740, EBP=0x047cf774, ESI=0x246b1d49, EDI=0x926e0000
EIP=0x7785e41b, EFLAGS=0x00010202

Top of Stack: (sp=0x047cf740)
0x047cf740:   00000000 021f0000 056c9378 021f0000
0x047cf750:   0ae00900 00000000 00000000 00ca0002
0x047cf760:   056c05df 047cf77c 00000000 00000001
0x047cf770:   056c9370 047cf78c 7785e023 056c9378
0x047cf780:   00000000 00000000 056c9370 047cf7a0
0x047cf790:   754014ad 021f0000 00000000 056c9378
0x047cf7a0:   047cf7b4 592eba85 021f0000 00000000
0x047cf7b0:   056c9378 047cf7c8 58e7c189 056c9378 

Instructions: (pc=0x7785e41b)
0x7785e3fb:   08 2b 7d f4 33 c0 c1 ef 03 0f a4 f8 10 c1 e7 10
0x7785e40b:   c1 ea 10 0b df 0b c8 8b 06 c7 45 f8 01 00 00 00
0x7785e41b:   89 30 8b 45 e0 8b 55 e4 8d 7e 08 f0 0f c7 0f 3b
0x7785e42b:   45 e0 0f 85 88 6d 03 00 3b 55 e4 0f 85 7f 6d 03 


Register to memory mapping:

EAX=0x00000000 is an unknown value
EBX=0x926e0001 is an unknown value
ECX=0x000000ad is an unknown value
EDX=0x00000000 is an unknown value
ESP=0x047cf740 is pointing into the stack for thread: 0x0050b000
EBP=0x047cf774 is pointing into the stack for thread: 0x0050b000
ESI=0x246b1d49 is an unallocated location in the heap
EDI=0x926e0000 is an unknown value


Stack: [0x04780000,0x047d0000],  sp=0x047cf740,  free space=317k
Native frames: (J=compiled Java code, j=interpreted, Vv=VM code, C=native code)
C  [ntdll.dll+0x2e41b]  RtlInitUnicodeString+0x1f3
C  [ntdll.dll+0x2e023]  RtlFreeHeap+0x7e
C  [kernel32.dll+0x114ad]  HeapFree+0x14
C  [opencv_java249.dll+0x47ba85]  Java_org_opencv_contrib_Contrib_chamerMatching_11+0x4374d5
C  [opencv_java249.dll+0xc189]  Java_org_opencv_core_Mat_n_1delete+0x59
J  org.opencv.core.Mat.n_delete(J)V
J  org.opencv.core.Mat.finalize()V
V  [jvm.dll+0x12a3ba]
V  [jvm.dll+0x1d97de]
V  [jvm.dll+0x12a43d]
V  [jvm.dll+0xaf12a]
V  [jvm.dll+0xb283f]
C  [java.dll+0x20f5]  Java_java_lang_ref_Finalizer_invokeFinalizeMethod+0x39
J  java.lang.ref.Finalizer.runFinalizer()V
V  [jvm.dll+0x12a3ba]
V  [jvm.dll+0x1d97de]
V  [jvm.dll+0x12a5a3]
V  [jvm.dll+0x12a607]
V  [jvm.dll+0xd315f]
V  [jvm.dll+0x14a6b7]
V  [jvm.dll+0x14a820]
V  [jvm.dll+0x17f009]
C  [msvcr100.dll+0x10fac]  freefls+0x130
C  [msvcr100.dll+0x110b1]  __fls_getvalue+0x58
C  [kernel32.dll+0x1338a]  BaseThreadInitThunk+0x12
C  [ntdll.dll+0x39f72]  RtlInitializeExceptionChain+0x63
C  [ntdll.dll+0x39f45]  RtlInitializeExceptionChain+0x36

Java frames: (J=compiled Java code, j=interpreted, Vv=VM code)
J  org.opencv.core.Mat.n_delete(J)V
J  org.opencv.core.Mat.finalize()V
v  ~StubRoutines::call_stub
J  java.lang.ref.Finalizer.invokeFinalizeMethod(Ljava/lang/Object;)V
J  java.lang.ref.Finalizer.runFinalizer()V
J  java.lang.ref.Finalizer$FinalizerThread.run()V
v  ~StubRoutines::call_stub

---------------  P R O C E S S  ---------------

Java Threads: ( => current thread )
  0x04e8f400 JavaThread "TimerQueue" daemon [_thread_blocked, id=7616, stack(0x0a9f0000,0x0aa40000)]
  0x04dbac00 JavaThread "D3D Screen Updater" daemon [_thread_blocked, id=6876, stack(0x088c0000,0x08910000)]
  0x04dd5400 JavaThread "Thread-6" [_thread_blocked, id=5012, stack(0x087a0000,0x087f0000)]
  0x04dd2400 JavaThread "Thread-5" [_thread_blocked, id=7368, stack(0x08680000,0x086d0000)]
  0x04dbb000 JavaThread "Thread-4" [_thread_in_native, id=7208, stack(0x07f80000,0x07fd0000)]
  0x04db5c00 JavaThread "Thread-2" [_thread_blocked, id=3792, stack(0x07fd0000,0x08020000)]
  0x0239b800 JavaThread "DestroyJavaVM" [_thread_blocked, id=7092, stack(0x022f0000,0x02340000)]
  0x04d34000 JavaThread "AWT-EventQueue-0" [_thread_in_native, id=7160, stack(0x05f30000,0x05f80000)]
  0x04cb0800 JavaThread "AWT-Windows" daemon [_thread_in_native, id=6504, stack(0x05750000,0x057a0000)]
  0x04cafc00 JavaThread "AWT-Shutdown" [_thread_blocked, id=7460, stack(0x05800000,0x05850000)]
  0x04cad400 JavaThread "Java2D Disposer" daemon [_thread_blocked, id=6468, stack(0x04a20000,0x04a70000)]
  0x00528800 JavaThread "Service Thread" daemon [_thread_blocked, id=7488, stack(0x04b10000,0x04b60000)]
  0x00522c00 JavaThread "C1 CompilerThread0" daemon [_thread_blocked, id=2884, stack(0x049d0000,0x04a20000)]
  0x00521800 JavaThread "Attach Listener" daemon [_thread_blocked, id=7264, stack(0x04910000,0x04960000)]
  0x0051e400 JavaThread "Signal Dispatcher" daemon [_thread_blocked, id=3932, stack(0x04870000,0x048c0000)]
=>0x0050b000 JavaThread "Finalizer" daemon [_thread_in_native, id=7928, stack(0x04780000,0x047d0000)]
  0x00506400 JavaThread "Reference Handler" daemon [_thread_blocked, id=4192, stack(0x044f0000,0x04540000)]

Other Threads:
  0x00504c00 VMThread [stack: 0x04450000,0x044a0000] [id=1276]
  0x00542c00 WatcherThread [stack: 0x04c40000,0x04c90000] [id=7076]

VM state:not at safepoint (normal execution)

VM Mutex/Monitor currently owned by a thread: None

Heap
 def new generation   total 4992K, used 731K [0x243e0000, 0x24940000, 0x29930000)
  eden space 4480K,  15% used [0x243e0000, 0x24490d78, 0x24840000)
  from space 512K,   5% used [0x248c0000, 0x248c6a18, 0x24940000)
  to   space 512K,   0% used [0x24840000, 0x24840000, 0x248c0000)
 tenured generation   total 10948K, used 7387K [0x29930000, 0x2a3e1000, 0x343e0000)
   the space 10948K,  67% used [0x29930000, 0x2a066f58, 0x2a067000, 0x2a3e1000)
 compacting perm gen  total 12288K, used 2597K [0x343e0000, 0x34fe0000, 0x383e0000)
   the space 12288K,  21% used [0x343e0000, 0x346694a8, 0x34669600, 0x34fe0000)
    ro space 10240K,  45% used [0x383e0000, 0x38865e50, 0x38866000, 0x38de0000)
    rw space 12288K,  54% used [0x38de0000, 0x39468f78, 0x39469000, 0x399e0000)

Card table byte_map: [0x02240000,0x022f0000] byte_map_base: 0x0211e100

Polling page: 0x001a0000

Code Cache  [0x023a0000, 0x025a8000, 0x043a0000)
 total_blobs=1340 nmethods=946 adapters=328 free_code_cache=30719Kb largest_free_block=31456192

Compilation events (10 events):
Event: 128.077 Thread 0x00522c00  942             javax.swing.plaf.synth.SynthPanelUI::getComponentState (5 bytes)
Event: 128.078 Thread 0x00522c00 nmethod 942 0x0259ec88 code [0x0259eda0, 0x0259eea4]
Event: 128.379 Thread 0x00522c00  943  s          java.awt.AWTEvent::get_InputEvent_CanAccessSystemClipboard (26 bytes)
Event: 128.379 Thread 0x00522c00 nmethod 943 0x0259f048 code [0x0259f160, 0x0259f3ac]
Event: 128.415 Thread 0x00522c00  944             sun.reflect.UnsafeBooleanFieldAccessorImpl::setBoolean (30 bytes)
Event: 128.416 Thread 0x00522c00 nmethod 944 0x0259f708 code [0x0259f860, 0x0259fae8]
Event: 128.416 Thread 0x00522c00  945             sun.misc.Unsafe::putBoolean (9 bytes)
Event: 128.417 Thread 0x00522c00 nmethod 945 0x0259fe88 code [0x0259ff80, 0x025a0010]
Event: 128.880 Thread 0x00522c00  947             java.util.ArrayList::toArray (60 bytes)
Event: 128.881 Thread 0x00522c00 nmethod 947 0x025a0048 code [0x025a0160, 0x025a0378]

GC Heap History (10 events):
Event: 127.449 GC heap before
{Heap before GC invocations=586 (full 16):
 def new generation   total 4992K, used 4788K [0x243e0000, 0x24940000, 0x29930000)
  eden space 4480K,  98% used [0x243e0000, 0x248322b0, 0x24840000)
  from space 512K,  71% used [0x24840000, 0x2489b040, 0x248c0000)
  to   space 512K,   0% used [0x248c0000, 0x248c0000, 0x24940000)
 tenured generation   total 10948K, used 7386K [0x29930000, 0x2a3e1000, 0x343e0000)
   the space 10948K,  67% used [0x29930000, 0x2a066b88, 0x2a066c00, 0x2a3e1000)
 compacting perm gen  total 12288K, used 2597K [0x343e0000, 0x34fe0000, 0x383e0000)
   the space 12288K,  21% used [0x343e0000, 0x34669468, 0x34669600, 0x34fe0000)
    ro space 10240K,  45% used [0x383e0000, 0x38865e50, 0x38866000, 0x38de0000)
    rw space 12288K,  54% used [0x38de0000, 0x39468f78, 0x39469000, 0x399e0000)
Event: 127.451 GC heap after
Heap after GC invocations=587 (full 16):
 def new generation   total 4992K, used 321K [0x243e0000, 0x24940000, 0x29930000)
  eden space 4480K,   0% used [0x243e0000, 0x243e0000, 0x24840000)
  from space 512K,  62% used [0x248c0000, 0x24910790, 0x24940000)
  to   space 512K,   0% used [0x24840000, 0x24840000, 0x248c0000)
 tenured generation   total 10948K, used 7387K [0x29930000, 0x2a3e1000, 0x343e0000)
   the space 10948K,  67% used [0x29930000, 0x2a066e10, 0x2a067000, 0x2a3e1000)
 compacting perm gen  total 12288K, used 2597K [0x343e0000, 0x34fe0000, 0x383e0000)
   the space 12288K,  21% used [0x343e0000, 0x34669468, 0x34669600, 0x34fe0000)
    ro space 10240K,  45% used [0x383e0000, 0x38865e50, 0x38866000, 0x38de0000)
    rw space 12288K,  54% used [0x38de0000, 0x39468f78, 0x39469000, 0x399e0000)
}
Event: 127.846 GC heap before
{Heap before GC invocations=587 (full 16):
 def new generation   total 4992K, used 4632K [0x243e0000, 0x24940000, 0x29930000)
  eden space 4480K,  96% used [0x243e0000, 0x24815ad0, 0x24840000)
  from space 512K,  62% used [0x248c0000, 0x24910790, 0x24940000)
  to   space 512K,   0% used [0x24840000, 0x24840000, 0x248c0000)
 tenured generation   total 10948K, used 7387K [0x29930000, 0x2a3e1000, 0x343e0000)
   the space 10948K,  67% used [0x29930000, 0x2a066e10, 0x2a067000, 0x2a3e1000)
 compacting perm gen  total 12288K, used 2597K [0x343e0000, 0x34fe0000, 0x383e0000)
   the space 12288K,  21% used [0x343e0000, 0x34669488, 0x34669600, 0x34fe0000)
    ro space 10240K,  45% used [0x383e0000, 0x38865e50, 0x38866000, 0x38de0000)
    rw space 12288K,  54% used [0x38de0000, 0x39468f78, 0x39469000, 0x399e0000)
Event: 127.848 GC heap after
Heap after GC invocations=588 (full 16):
 def new generation   total 4992K, used 11K [0x243e0000, 0x24940000, 0x29930000)
  eden space 4480K,   0% used [0x243e0000, 0x243e0000, 0x24840000)
  from space 512K,   2% used [0x24840000, 0x24842f40, 0x248c0000)
  to   space 512K,   0% used [0x248c0000, 0x248c0000, 0x24940000)
 tenured generation   total 10948K, used 7387K [0x29930000, 0x2a3e1000, 0x343e0000)
   the space 10948K,  67% used [0x29930000, 0x2a066f58, 0x2a067000, 0x2a3e1000)
 compacting perm gen  total 12288K, used 2597K [0x343e0000, 0x34fe0000, 0x383e0000)
   the space 12288K,  21% used [0x343e0000, 0x34669488, 0x34669600, 0x34fe0000)
    ro space 10240K,  45% used [0x383e0000, 0x38865e50, 0x38866000, 0x38de0000)
    rw space 12288K,  54% used [0x38de0000, 0x39468f78, 0x39469000, 0x399e0000)
}
Event: 128.224 GC heap before
{Heap before GC invocations=588 (full 16):
 def new generation   total 4992K, used 4491K [0x243e0000, 0x24940000, 0x29930000)
  eden space 4480K, 100% used [0x243e0000, 0x24840000, 0x24840000)
  from space 512K,   2% used [0x24840000, 0x24842f40, 0x248c0000)
  to   space 512K,   0% used [0x248c0000, 0x248c0000, 0x24940000)
 tenured generation   total 10948K, used 7387K [0x29930000, 0x2a3e1000, 0x343e0000)
   the space 10948K,  67% used [0x29930000, 0x2a066f58, 0x2a067000, 0x2a3e1000)
 compacting perm gen  total 12288K, used 2597K [0x343e0000, 0x34fe0000, 0x383e0000)
   the space 12288K,  21% used [0x343e0000, 0x346694a8, 0x34669600, 0x34fe0000)
    ro space 10240K,  45% used [0x383e0000, 0x38865e50, 0x38866000, 0x38de0000)
    rw space 12288K,  54% used [0x38de0000, 0x39468f78, 0x39469000, 0x399e0000)
Event: 128.226 GC heap after
Heap after GC invocations=589 (full 16):
 def new generation   total 4992K, used 7K [0x243e0000, 0x24940000, 0x29930000)
  eden space 4480K,   0% used [0x243e0000, 0x243e0000, 0x24840000)
  from space 512K,   1% used [0x248c0000, 0x248c1f80, 0x24940000)
  to   space 512K,   0% used [0x24840000, 0x24840000, 0x248c0000)
 tenured generation   total 10948K, used 7387K [0x29930000, 0x2a3e1000, 0x343e0000)
   the space 10948K,  67% used [0x29930000, 0x2a066f58, 0x2a067000, 0x2a3e1000)
 compacting perm gen  total 12288K, used 2597K [0x343e0000, 0x34fe0000, 0x383e0000)
   the space 12288K,  21% used [0x343e0000, 0x346694a8, 0x34669600, 0x34fe0000)
    ro space 10240K,  45% used [0x383e0000, 0x38865e50, 0x38866000, 0x38de0000)
    rw space 12288K,  54% used [0x38de0000, 0x39468f78, 0x39469000, 0x399e0000)
}
Event: 128.648 GC heap before
{Heap before GC invocations=589 (full 16):
 def new generation   total 4992K, used 4486K [0x243e0000, 0x24940000, 0x29930000)
  eden space 4480K,  99% used [0x243e0000, 0x2483f998, 0x24840000)
  from space 512K,   1% used [0x248c0000, 0x248c1f80, 0x24940000)
  to   space 512K,   0% used [0x24840000, 0x24840000, 0x248c0000)
 tenured generation   total 10948K, used 7387K [0x29930000, 0x2a3e1000, 0x343e0000)
   the space 10948K,  67% used [0x29930000, 0x2a066f58, 0x2a067000, 0x2a3e1000)
 compacting perm gen  total 12288K, used 2597K [0x343e0000, 0x34fe0000, 0x383e0000)
   the space 12288K,  21% used [0x343e0000, 0x346694a8, 0x34669600, 0x34fe0000)
    ro space 10240K,  45% used [0x383e0000, 0x38865e50, 0x38866000, 0x38de0000)
    rw space 12288K,  54% used [0x38de0000, 0x39468f78, 0x39469000, 0x399e0000)
Event: 128.649 GC heap after
Heap after GC invocations=590 (full 16):
 def new generation   total 4992K, used 20K [0x243e0000, 0x24940000, 0x29930000)
  eden space 4480K,   0% used [0x243e0000, 0x243e0000, 0x24840000)
  from space 512K,   4% used [0x24840000, 0x24845240, 0x248c0000)
  to   space 512K,   0% used [0x248c0000, 0x248c0000, 0x24940000)
 tenured generation   total 10948K, used 7387K [0x29930000, 0x2a3e1000, 0x343e0000)
   the space 10948K,  67% used [0x29930000, 0x2a066f58, 0x2a067000, 0x2a3e1000)
 compacting perm gen  total 12288K, used 2597K [0x343e0000, 0x34fe0000, 0x383e0000)
   the space 12288K,  21% used [0x343e0000, 0x346694a8, 0x34669600, 0x34fe0000)
    ro space 10240K,  45% used [0x383e0000, 0x38865e50, 0x38866000, 0x38de0000)
    rw space 12288K,  54% used [0x38de0000, 0x39468f78, 0x39469000, 0x399e0000)
}
Event: 128.996 GC heap before
{Heap before GC invocations=590 (full 16):
 def new generation   total 4992K, used 4497K [0x243e0000, 0x24940000, 0x29930000)
  eden space 4480K,  99% used [0x243e0000, 0x2483f5b8, 0x24840000)
  from space 512K,   4% used [0x24840000, 0x24845240, 0x248c0000)
  to   space 512K,   0% used [0x248c0000, 0x248c0000, 0x24940000)
 tenured generation   total 10948K, used 7387K [0x29930000, 0x2a3e1000, 0x343e0000)
   the space 10948K,  67% used [0x29930000, 0x2a066f58, 0x2a067000, 0x2a3e1000)
 compacting perm gen  total 12288K, used 2597K [0x343e0000, 0x34fe0000, 0x383e0000)
   the space 12288K,  21% used [0x343e0000, 0x346694a8, 0x34669600, 0x34fe0000)
    ro space 10240K,  45% used [0x383e0000, 0x38865e50, 0x38866000, 0x38de0000)
    rw space 12288K,  54% used [0x38de0000, 0x39468f78, 0x39469000, 0x399e0000)
Event: 128.998 GC heap after
Heap after GC invocations=591 (full 16):
 def new generation   total 4992K, used 26K [0x243e0000, 0x24940000, 0x29930000)
  eden space 4480K,   0% used [0x243e0000, 0x243e0000, 0x24840000)
  from space 512K,   5% used [0x248c0000, 0x248c6a18, 0x24940000)
  to   space 512K,   0% used [0x24840000, 0x24840000, 0x248c0000)
 tenured generation   total 10948K, used 7387K [0x29930000, 0x2a3e1000, 0x343e0000)
   the space 10948K,  67% used [0x29930000, 0x2a066f58, 0x2a067000, 0x2a3e1000)
 compacting perm gen  total 12288K, used 2597K [0x343e0000, 0x34fe0000, 0x383e0000)
   the space 12288K,  21% used [0x343e0000, 0x346694a8, 0x34669600, 0x34fe0000)
    ro space 10240K,  45% used [0x383e0000, 0x38865e50, 0x38866000, 0x38de0000)
    rw space 12288K,  54% used [0x38de0000, 0x39468f78, 0x39469000, 0x399e0000)
}

Deoptimization events (0 events):
No events

Internal exceptions (10 events):
Event: 1.420 Thread 0x04d34000 Threw 0x245d0d70 at C:\jdk7u2_32P\jdk7u10\hotspot\src\share\vm\prims\jvm.cpp:1166
Event: 1.427 Thread 0x04d34000 Threw 0x245d9430 at C:\jdk7u2_32P\jdk7u10\hotspot\src\share\vm\prims\jvm.cpp:1166
Event: 1.428 Thread 0x04d34000 Threw 0x245dc668 at C:\jdk7u2_32P\jdk7u10\hotspot\src\share\vm\prims\jvm.cpp:1166
Event: 1.430 Thread 0x04d34000 Threw 0x2460f498 at C:\jdk7u2_32P\jdk7u10\hotspot\src\share\vm\prims\jvm.cpp:1166
Event: 1.445 Thread 0x04d34000 Threw 0x24613440 at C:\jdk7u2_32P\jdk7u10\hotspot\src\share\vm\prims\jvm.cpp:1166
Event: 1.459 Thread 0x04d34000 Threw 0x24616b68 at C:\jdk7u2_32P\jdk7u10\hotspot\src\share\vm\prims\jvm.cpp:1166
Event: 1.464 Thread 0x04d34000 Threw 0x24641398 at C:\jdk7u2_32P\jdk7u10\hotspot\src\share\vm\prims\jvm.cpp:1166
Event: 1.466 Thread 0x04d34000 Threw 0x24646970 at C:\jdk7u2_32P\jdk7u10\hotspot\src\share\vm\prims\jvm.cpp:1166
Event: 1.469 Thread 0x04d34000 Threw 0x2464c728 at C:\jdk7u2_32P\jdk7u10\hotspot\src\share\vm\prims\jvm.cpp:1166
Event: 16.031 Thread 0x04d34000 Threw 0x245ad870 at C:\jdk7u2_32P\jdk7u10\hotspot\src\share\vm\prims\jvm.cpp:1166

Events (10 events):
Event: 127.449 Executing VM operation: GenCollectForAllocation
Event: 127.451 Executing VM operation: GenCollectForAllocation done
Event: 127.846 Executing VM operation: GenCollectForAllocation
Event: 127.848 Executing VM operation: GenCollectForAllocation done
Event: 128.224 Executing VM operation: GenCollectForAllocation
Event: 128.226 Executing VM operation: GenCollectForAllocation done
Event: 128.647 Executing VM operation: GenCollectForAllocation
Event: 128.649 Executing VM operation: GenCollectForAllocation done
Event: 128.996 Executing VM operation: GenCollectForAllocation
Event: 128.998 Executing VM operation: GenCollectForAllocation done


Dynamic libraries:
0x008c0000 - 0x008ef000 	C:\Program Files (x86)\Java\jdk1.7.0_10\bin\java.exe
0x77830000 - 0x779b0000 	C:\Windows\SysWOW64\ntdll.dll
0x753f0000 - 0x75500000 	C:\Windows\syswow64\kernel32.dll
0x77260000 - 0x772a7000 	C:\Windows\syswow64\KERNELBASE.dll
0x75a40000 - 0x75ae0000 	C:\Windows\syswow64\ADVAPI32.dll
0x75ae0000 - 0x75b8c000 	C:\Windows\syswow64\msvcrt.dll
0x76800000 - 0x76819000 	C:\Windows\SysWOW64\sechost.dll
0x76b20000 - 0x76c10000 	C:\Windows\syswow64\RPCRT4.dll
0x75220000 - 0x75280000 	C:\Windows\syswow64\SspiCli.dll
0x75210000 - 0x7521c000 	C:\Windows\syswow64\CRYPTBASE.dll
0x758b0000 - 0x759b0000 	C:\Windows\syswow64\USER32.dll
0x759b0000 - 0x75a40000 	C:\Windows\syswow64\GDI32.dll
0x76c10000 - 0x76c1a000 	C:\Windows\syswow64\LPK.dll
0x76850000 - 0x768ed000 	C:\Windows\syswow64\USP10.dll
0x74910000 - 0x74aae000 	C:\Windows\WinSxS\x86_microsoft.windows.common-controls_6595b64144ccf1df_6.0.7601.17514_none_41e6975e2bd6f2b2\COMCTL32.dll
0x75610000 - 0x75667000 	C:\Windows\syswow64\SHLWAPI.dll
0x772b0000 - 0x77310000 	C:\Windows\system32\IMM32.DLL
0x76e40000 - 0x76f0c000 	C:\Windows\syswow64\MSCTF.dll
0x738a0000 - 0x7395d000 	C:\Program Files (x86)\Java\jdk1.7.0_10\jre\bin\msvcr100.dll
0x70d90000 - 0x710dc000 	C:\Program Files (x86)\Java\jdk1.7.0_10\jre\bin\client\jvm.dll
0x74820000 - 0x74827000 	C:\Windows\system32\WSOCK32.dll
0x75280000 - 0x752b5000 	C:\Windows\syswow64\WS2_32.dll
0x76c20000 - 0x76c26000 	C:\Windows\syswow64\NSI.dll
0x74480000 - 0x744b2000 	C:\Windows\system32\WINMM.dll
0x76840000 - 0x76845000 	C:\Windows\syswow64\PSAPI.DLL
0x73aa0000 - 0x73aac000 	C:\Program Files (x86)\Java\jdk1.7.0_10\jre\bin\verify.dll
0x73a10000 - 0x73a30000 	C:\Program Files (x86)\Java\jdk1.7.0_10\jre\bin\java.dll
0x739f0000 - 0x73a03000 	C:\Program Files (x86)\Java\jdk1.7.0_10\jre\bin\zip.dll
0x71b80000 - 0x71cc2000 	C:\Program Files (x86)\Java\jdk1.7.0_10\jre\bin\awt.dll
0x76c30000 - 0x76cbf000 	C:\Windows\syswow64\OLEAUT32.dll
0x76ce0000 - 0x76e3c000 	C:\Windows\syswow64\ole32.dll
0x58e70000 - 0x596bf000 	C:\OpenCV\opencv\build\java\x86\opencv_java249.dll
0x729f0000 - 0x72a09000 	C:\Windows\system32\AVIFIL32.dll
0x709b0000 - 0x709c4000 	C:\Windows\system32\MSACM32.dll
0x74430000 - 0x74451000 	C:\Windows\system32\MSVFW32.dll
0x75bb0000 - 0x767fa000 	C:\Windows\syswow64\SHELL32.dll
0x73ab0000 - 0x73ac3000 	C:\Windows\system32\AVICAP32.dll
0x746a0000 - 0x746a9000 	C:\Windows\system32\VERSION.dll
0x71cd0000 - 0x71d50000 	C:\Windows\system32\uxtheme.dll
0x72020000 - 0x72033000 	C:\Windows\system32\dwmapi.dll
0x73830000 - 0x7385a000 	C:\Program Files (x86)\Java\jdk1.7.0_10\jre\bin\fontmanager.dll
0x73da0000 - 0x73f63000 	C:\Windows\system32\d3d9.dll
0x74800000 - 0x74806000 	C:\Windows\system32\d3d8thk.dll
0x6e880000 - 0x6e944000 	C:\Windows\system32\aticfx32.dll
0x737a0000 - 0x737ab000 	C:\Windows\system32\atiu9pag.dll
0x58310000 - 0x588be000 	C:\Windows\system32\atiumdag.dll
0x58a60000 - 0x58e6c000 	C:\Windows\system32\atiumdva.dll
0x67d00000 - 0x67d36000 	C:\Program Files\WIDCOMM\Bluetooth Software\SysWOW64\BtMmHook.dll
0x73860000 - 0x73874000 	C:\Program Files (x86)\Java\jdk1.7.0_10\jre\bin\net.dll
0x72ed0000 - 0x72f0c000 	C:\Windows\system32\mswsock.dll
0x711a0000 - 0x711a6000 	C:\Windows\System32\wship6.dll
0x74030000 - 0x7403f000 	C:\Program Files (x86)\Java\jdk1.7.0_10\jre\bin\nio.dll
0x737f0000 - 0x73821000 	C:\Program Files (x86)\Java\jdk1.7.0_10\jre\bin\t2k.dll
0x75670000 - 0x756f3000 	C:\Windows\syswow64\CLBCatQ.DLL
0x735c0000 - 0x735c8000 	C:\Program Files (x86)\DonJohnston\CoWriter\Resources\Libraries\CWTextService.dll
0x74850000 - 0x748f3000 	C:\Windows\WinSxS\x86_microsoft.vc90.crt_1fc8b3b9a1e18e3b_9.0.30729.6161_none_50934f2ebcb7eb57\MSVCR90.dll
0x73140000 - 0x73198000 	C:\Program Files (x86)\Common Files\microsoft shared\ink\tiptsf.dll
0x72920000 - 0x72936000 	C:\Windows\system32\CRYPTSP.dll
0x728e0000 - 0x7291b000 	C:\Windows\system32\rsaenh.dll
0x728d0000 - 0x728de000 	C:\Windows\system32\RpcRtRemote.dll
0x73420000 - 0x73444000 	C:\Program Files (x86)\Java\jdk1.7.0_10\jre\bin\dcpr.dll
0x76cc0000 - 0x76cd7000 	C:\Windows\syswow64\USERENV.dll
0x76820000 - 0x7682b000 	C:\Windows\syswow64\profapi.dll
0x71540000 - 0x71550000 	C:\Windows\system32\NLAapi.dll
0x71530000 - 0x71540000 	C:\Windows\system32\napinsp.dll
0x71510000 - 0x71522000 	C:\Windows\system32\pnrpnsp.dll
0x717f0000 - 0x71834000 	C:\Windows\system32\DNSAPI.dll
0x71500000 - 0x71508000 	C:\Windows\System32\winrnr.dll
0x71270000 - 0x71297000 	C:\Program Files (x86)\Common Files\Microsoft Shared\Windows Live\WLIDNSP.DLL
0x71260000 - 0x7126d000 	C:\Windows\system32\wshbth.dll
0x71230000 - 0x71251000 	C:\Program Files (x86)\Bonjour\mdnsNSP.dll
0x72960000 - 0x7297c000 	C:\Windows\system32\Iphlpapi.DLL
0x72950000 - 0x72957000 	C:\Windows\system32\WINNSI.DLL
0x63560000 - 0x63568000 	C:\Program Files (x86)\National Instruments\Shared\mDNS Responder\nimdnsNSP.dll
0x63550000 - 0x6355b000 	C:\Windows\system32\nimdnsResponder.dll
0x72ec0000 - 0x72ec5000 	C:\Windows\System32\wshtcpip.dll
0x714b0000 - 0x714b6000 	C:\Windows\system32\rasadhlp.dll
0x714c0000 - 0x714f8000 	C:\Windows\System32\fwpuclnt.dll
0x71df0000 - 0x71e15000 	C:\Program Files (x86)\Java\jdk1.7.0_10\jre\bin\jpeg.dll
0x6f3b0000 - 0x6f49b000 	C:\Windows\system32\dbghelp.dll

VM Arguments:
jvm_args: -Dfile.encoding=UTF-8 -Djava.library.path=C:\OpenCV\opencv\build\java\x86 
java_command: opencvhello.NewJFrame
Launcher Type: SUN_STANDARD

Environment Variables:
JAVA_HOME=C:\Program Files\Java\jdk1.7.0_07
PATH=C:\PROGRAM FILES\BROADCOM\BROADCOM 802.11\DRIVER;C:\PROGRAM FILES (X86)\AMD APP\BIN\X86_64;C:\PROGRAM FILES (X86)\AMD APP\BIN\X86;C:\PROGRAM FILES\COMMON FILES\MICROSOFT SHARED\WINDOWS LIVE;C:\PROGRAM FILES (X86)\COMMON FILES\MICROSOFT SHARED\WINDOWS LIVE;C:\Windows\SYSTEM32;C:\Windows;C:\Windows\SYSTEM32\WBEM;C:\Windows\SYSTEM32\WINDOWSPOWERSHELL\V1.0\;C:\PROGRAM FILES (X86)\WINDOWS LIVE\SHARED;C:\PROGRAM FILES (X86)\ATI TECHNOLOGIES\ATI.ACE\CORE-STATIC;C:\PROGRAM FILES (X86)\HEWLETT-PACKARD\HP SIMPLEPASS IDENTITY PROTECTION\X64;C:\PROGRAM FILES (X86)\IVI FOUNDATION\VISA\WINNT\BIN;C:\PROGRA~2\IVIFOU~1\VISA\WINNT\BIN;C:\PROGRAM FILES (X86)\LEJOS NXJ\BIN;C:\PROGRAM FILES\TORTOISEGIT\BIN;C:\PROGRAM FILES\MICROSOFT SQL SERVER\110\TOOLS\BINN\;;C:\PROGRAM FILES (X86)\GTKSHARP\2.12\BIN;C:\PROGRAM FILES\MICROSOFT\WEB PLATFORM INSTALLER\;C:\PROGRAM FILES (X86)\MICROSOFT ASP.NET\ASP.NET WEB PAGES\V1.0\;C:\Program Files\WIDCOMM\Bluetooth Software\;C:\Program Files\WIDCOMM\Bluetooth Software\syswow64;;.\Common\Libraries;C:\python2;C:\Program Files (x86)\Nmap
USERNAME=Alex
OS=Windows_NT
PROCESSOR_IDENTIFIER=AMD64 Family 20 Model 2 Stepping 0, AuthenticAMD



---------------  S Y S T E M  ---------------

OS: Windows 7 , 64 bit Build 7601 Service Pack 1

CPU:total 2 (2 cores per cpu, 1 threads per core) family 20 model 2 stepping 0, cmov, cx8, fxsr, mmx, sse, sse2, sse3, ssse3, popcnt, mmxext, lzcnt, sse4a, tsc, tscinvbit, tscinv

Memory: 4k page, physical 7971192k(5205356k free), swap 15940520k(12969840k free)

vm_info: Java HotSpot(TM) Client VM (23.6-b04) for windows-x86 JRE (1.7.0_10-b18), built on Nov 28 2012 08:34:29 by "java_re" with unknown MS VC++:1600

time: Tue Sep 23 19:12:14 2014
elapsed time: 129 seconds

