#
# A fatal error has been detected by the Java Runtime Environment:
#
#  EXCEPTION_ACCESS_VIOLATION (0xc0000005) at pc=0x76f8e3be, pid=10468, tid=9956
#
# JRE version: 7.0_10-b18
# Java VM: Java HotSpot(TM) Client VM (23.6-b04 mixed mode, sharing windows-x86 )
# Problematic frame:
# C  [ntdll.dll+0x2e3be]  RtlInitUnicodeString+0x196
#
# Failed to write core dump. Minidumps are not enabled by default on client versions of Windows
#
# If you would like to submit a bug report, please visit:
#   http://bugreport.sun.com/bugreport/crash.jsp
# The crash happened outside the Java Virtual Machine in native code.
# See problematic frame for where to report the bug.
#

---------------  T H R E A D  ---------------

Current thread (0x00b5b000):  JavaThread "Finalizer" daemon [_thread_in_native, id=9956, stack(0x01040000,0x01090000)]

siginfo: ExceptionCode=0xc0000005, reading address 0x7ce5b2f7

Registers:
EAX=0x00000000, EBX=0x0ba00a78, ECX=0x00e70000, EDX=0x0ba00a78
ESP=0x0108f3c0, EBP=0x0108f3f4, ESI=0x7ce5b2f3, EDI=0x0ba00a70
EIP=0x76f8e3be, EFLAGS=0x00010206

Top of Stack: (sp=0x0108f3c0)
0x0108f3c0:   00000000 00e70000 0ba00a78 0108f584
0x0108f3d0:   76fd71f5 40000025 00002581 76f938aa
0x0108f3e0:   76f934a2 00000000 0b9f6028 00000001
0x0108f3f0:   0ba00a70 0108f40c 76f8e023 0ba00a78
0x0108f400:   00000000 00000000 0ba00a70 0108f420
0x0108f410:   759c14ad 00e70000 00000000 0ba00a78
0x0108f420:   0108f434 6337ba85 00e70000 00000000
0x0108f430:   0ba00a78 0108f448 62f0c189 0ba00a78 

Instructions: (pc=0x76f8e3be)
0x76f8e39e:   7a f8 80 7f 07 05 0f 84 eb 4b 06 00 8b 07 8b f7
0x76f8e3ae:   c1 ee 03 33 f0 33 35 a4 00 06 77 89 7d fc 33 f1
0x76f8e3be:   8b 46 04 89 45 f4 c6 47 07 80 c6 47 06 00 8b 5e
0x76f8e3ce:   08 8b 4e 0c 89 5d e0 83 c3 01 89 4d e4 83 d1 01 


Register to memory mapping:

EAX=0x00000000 is an unknown value
EBX=0x0ba00a78 is an unknown value
ECX=0x00e70000 is an unknown value
EDX=0x0ba00a78 is an unknown value
ESP=0x0108f3c0 is pointing into the stack for thread: 0x00b5b000
EBP=0x0108f3f4 is pointing into the stack for thread: 0x00b5b000
ESI=0x7ce5b2f3 is an unknown value
EDI=0x0ba00a70 is an unknown value


Stack: [0x01040000,0x01090000],  sp=0x0108f3c0,  free space=316k
Native frames: (J=compiled Java code, j=interpreted, Vv=VM code, C=native code)
C  [ntdll.dll+0x2e3be]  RtlInitUnicodeString+0x196
C  [ntdll.dll+0x2e023]  RtlFreeHeap+0x7e
C  [kernel32.dll+0x114ad]  HeapFree+0x14
C  [opencv_java249.dll+0x47ba85]  Java_org_opencv_contrib_Contrib_chamerMatching_11+0x4374d5
C  [opencv_java249.dll+0xc189]  Java_org_opencv_core_Mat_n_1delete+0x59
J  org.opencv.core.Mat.n_delete(J)V
J  org.opencv.core.Mat.finalize()V
V  [jvm.dll+0x12a3ba]
V  [jvm.dll+0x1d97de]
V  [jvm.dll+0x12a43d]
V  [jvm.dll+0xaf12a]
V  [jvm.dll+0xb283f]
C  [java.dll+0x20f5]  Java_java_lang_ref_Finalizer_invokeFinalizeMethod+0x39
J  java.lang.ref.Finalizer.runFinalizer()V
V  [jvm.dll+0x12a3ba]
V  [jvm.dll+0x1d97de]
V  [jvm.dll+0x12a5a3]
V  [jvm.dll+0x12a607]
V  [jvm.dll+0xd315f]
V  [jvm.dll+0x14a6b7]
V  [jvm.dll+0x14a820]
V  [jvm.dll+0x17f009]
C  [msvcr100.dll+0x10fac]  freefls+0x130
C  [msvcr100.dll+0x110b1]  __fls_getvalue+0x58
C  [kernel32.dll+0x1338a]  BaseThreadInitThunk+0x12
C  [ntdll.dll+0x39f72]  RtlInitializeExceptionChain+0x63
C  [ntdll.dll+0x39f45]  RtlInitializeExceptionChain+0x36

Java frames: (J=compiled Java code, j=interpreted, Vv=VM code)
J  org.opencv.core.Mat.n_delete(J)V
J  org.opencv.core.Mat.finalize()V
v  ~StubRoutines::call_stub
J  java.lang.ref.Finalizer.invokeFinalizeMethod(Ljava/lang/Object;)V
J  java.lang.ref.Finalizer.runFinalizer()V
J  java.lang.ref.Finalizer$FinalizerThread.run()V
v  ~StubRoutines::call_stub

---------------  P R O C E S S  ---------------

Java Threads: ( => current thread )
  0x048dcc00 JavaThread "TimerQueue" daemon [_thread_blocked, id=8028, stack(0x0a1c0000,0x0a210000)]
  0x048b1400 JavaThread "D3D Screen Updater" daemon [_thread_blocked, id=7852, stack(0x09090000,0x090e0000)]
  0x048a8800 JavaThread "Thread-3" [_thread_in_native, id=22492, stack(0x09150000,0x091a0000)]
  0x048a3c00 JavaThread "Thread-2" [_thread_blocked, id=10464, stack(0x08ff0000,0x09040000)]
  0x005ab000 JavaThread "DestroyJavaVM" [_thread_blocked, id=18780, stack(0x009c0000,0x00a10000)]
  0x0480c400 JavaThread "AWT-EventQueue-0" [_thread_in_native, id=2748, stack(0x05ec0000,0x05f10000)]
  0x04795000 JavaThread "AWT-Windows" daemon [_thread_in_native, id=12228, stack(0x04dd0000,0x04e20000)]
  0x04786c00 JavaThread "AWT-Shutdown" [_thread_blocked, id=21336, stack(0x04cf0000,0x04d40000)]
  0x04784400 JavaThread "Java2D Disposer" daemon [_thread_blocked, id=9548, stack(0x04c80000,0x04cd0000)]
  0x00b80400 JavaThread "Service Thread" daemon [_thread_blocked, id=21324, stack(0x010a0000,0x010f0000)]
  0x00b72c00 JavaThread "C1 CompilerThread0" daemon [_thread_blocked, id=6460, stack(0x00f50000,0x00fa0000)]
  0x00b71800 JavaThread "Attach Listener" daemon [_thread_blocked, id=15884, stack(0x011e0000,0x01230000)]
  0x00b6e400 JavaThread "Signal Dispatcher" daemon [_thread_blocked, id=20516, stack(0x00fb0000,0x01000000)]
=>0x00b5b000 JavaThread "Finalizer" daemon [_thread_in_native, id=9956, stack(0x01040000,0x01090000)]
  0x00b56400 JavaThread "Reference Handler" daemon [_thread_blocked, id=16948, stack(0x00ef0000,0x00f40000)]

Other Threads:
  0x00b54c00 VMThread [stack: 0x00e90000,0x00ee0000] [id=10968]
  0x00b92c00 WatcherThread [stack: 0x01290000,0x012e0000] [id=21068]

VM state:not at safepoint (normal execution)

VM Mutex/Monitor currently owned by a thread: None

Heap
 def new generation   total 5760K, used 1610K [0x243e0000, 0x24a20000, 0x29930000)
  eden space 5120K,  31% used [0x243e0000, 0x2456ea50, 0x248e0000)
  from space 640K,   2% used [0x24980000, 0x24983ef8, 0x24a20000)
  to   space 640K,   0% used [0x248e0000, 0x248e0000, 0x24980000)
 tenured generation   total 12736K, used 8320K [0x29930000, 0x2a5a0000, 0x343e0000)
   the space 12736K,  65% used [0x29930000, 0x2a150050, 0x2a150200, 0x2a5a0000)
 compacting perm gen  total 12288K, used 2576K [0x343e0000, 0x34fe0000, 0x383e0000)
   the space 12288K,  20% used [0x343e0000, 0x346641f8, 0x34664200, 0x34fe0000)
    ro space 10240K,  45% used [0x383e0000, 0x38865e50, 0x38866000, 0x38de0000)
    rw space 12288K,  54% used [0x38de0000, 0x39468f78, 0x39469000, 0x399e0000)

Card table byte_map: [0x00bb0000,0x00c60000] byte_map_base: 0x00a8e100

Polling page: 0x000e0000

Code Cache  [0x02730000, 0x028e8000, 0x04730000)
 total_blobs=1118 nmethods=725 adapters=327 free_code_cache=31040Kb largest_free_block=31784640

Compilation events (10 events):
Event: 73.935 Thread 0x00b72c00  720  s          sun.awt.image.BufImgSurfaceData::getSolidLoops (85 bytes)
Event: 73.936 Thread 0x00b72c00 nmethod 720 0x028da488 code [0x028da5e0, 0x028daa94]
Event: 74.031 Thread 0x00b72c00  721  s          com.sun.imageio.plugins.jpeg.ImageTypeProducer::getTypeProducer (39 bytes)
Event: 74.032 Thread 0x00b72c00 nmethod 721 0x028dae48 code [0x028daf70, 0x028db2a0]
Event: 76.350 Thread 0x00b72c00  722             javax.imageio.ImageReadParam::getDestinationBands (23 bytes)
Event: 76.350 Thread 0x00b72c00 nmethod 722 0x028db4c8 code [0x028db5d0, 0x028db6ac]
Event: 77.017 Thread 0x00b72c00  723             java.awt.image.Raster::<init> (220 bytes)
Event: 77.019 Thread 0x00b72c00 nmethod 723 0x028db748 code [0x028db8e0, 0x028dbdb0]
Event: 77.222 Thread 0x00b72c00  724             sun.nio.cs.UTF_8$Encoder::encodeArrayLoop (489 bytes)
Event: 77.227 Thread 0x00b72c00 nmethod 724 0x028dc1c8 code [0x028dc550, 0x028dd334]

GC Heap History (10 events):
Event: 76.733 GC heap before
{Heap before GC invocations=744 (full 100):
 def new generation   total 4992K, used 3993K [0x243e0000, 0x24940000, 0x29930000)
  eden space 4480K,  87% used [0x243e0000, 0x247b9650, 0x24840000)
  from space 512K,  10% used [0x248c0000, 0x248cd040, 0x24940000)
  to   space 512K,   0% used [0x24840000, 0x24840000, 0x248c0000)
 tenured generation   total 13660K, used 12821K [0x29930000, 0x2a687000, 0x343e0000)
   the space 13660K,  93% used [0x29930000, 0x2a5b5560, 0x2a5b5600, 0x2a687000)
 compacting perm gen  total 12288K, used 2575K [0x343e0000, 0x34fe0000, 0x383e0000)
   the space 12288K,  20% used [0x343e0000, 0x34663d60, 0x34663e00, 0x34fe0000)
    ro space 10240K,  45% used [0x383e0000, 0x38865e50, 0x38866000, 0x38de0000)
    rw space 12288K,  54% used [0x38de0000, 0x39468f78, 0x39469000, 0x399e0000)
Event: 76.793 GC heap after
Heap after GC invocations=745 (full 101):
 def new generation   total 5760K, used 0K [0x243e0000, 0x24a20000, 0x29930000)
  eden space 5120K,   0% used [0x243e0000, 0x243e0000, 0x248e0000)
  from space 640K,   0% used [0x248e0000, 0x248e0000, 0x24980000)
  to   space 640K,   0% used [0x24980000, 0x24980000, 0x24a20000)
 tenured generation   total 12736K, used 3820K [0x29930000, 0x2a5a0000, 0x343e0000)
   the space 12736K,  29% used [0x29930000, 0x29ceb000, 0x29ceb000, 0x2a5a0000)
 compacting perm gen  total 12288K, used 2575K [0x343e0000, 0x34fe0000, 0x383e0000)
   the space 12288K,  20% used [0x343e0000, 0x34663d60, 0x34663e00, 0x34fe0000)
    ro space 10240K,  45% used [0x383e0000, 0x38865e50, 0x38866000, 0x38de0000)
    rw space 12288K,  54% used [0x38de0000, 0x39468f78, 0x39469000, 0x399e0000)
}
Event: 76.865 GC heap before
{Heap before GC invocations=745 (full 101):
 def new generation   total 5760K, used 4553K [0x243e0000, 0x24a20000, 0x29930000)
  eden space 5120K,  88% used [0x243e0000, 0x24852760, 0x248e0000)
  from space 640K,   0% used [0x248e0000, 0x248e0000, 0x24980000)
  to   space 640K,   0% used [0x24980000, 0x24980000, 0x24a20000)
 tenured generation   total 12736K, used 3820K [0x29930000, 0x2a5a0000, 0x343e0000)
   the space 12736K,  29% used [0x29930000, 0x29ceb000, 0x29ceb000, 0x2a5a0000)
 compacting perm gen  total 12288K, used 2575K [0x343e0000, 0x34fe0000, 0x383e0000)
   the space 12288K,  20% used [0x343e0000, 0x34663d60, 0x34663e00, 0x34fe0000)
    ro space 10240K,  45% used [0x383e0000, 0x38865e50, 0x38866000, 0x38de0000)
    rw space 12288K,  54% used [0x38de0000, 0x39468f78, 0x39469000, 0x399e0000)
Event: 76.868 GC heap after
Heap after GC invocations=746 (full 101):
 def new generation   total 5760K, used 5K [0x243e0000, 0x24a20000, 0x29930000)
  eden space 5120K,   0% used [0x243e0000, 0x243e0000, 0x248e0000)
  from space 640K,   0% used [0x24980000, 0x249816a8, 0x24a20000)
  to   space 640K,   0% used [0x248e0000, 0x248e0000, 0x24980000)
 tenured generation   total 12736K, used 5620K [0x29930000, 0x2a5a0000, 0x343e0000)
   the space 12736K,  44% used [0x29930000, 0x29ead020, 0x29ead200, 0x2a5a0000)
 compacting perm gen  total 12288K, used 2575K [0x343e0000, 0x34fe0000, 0x383e0000)
   the space 12288K,  20% used [0x343e0000, 0x34663d60, 0x34663e00, 0x34fe0000)
    ro space 10240K,  45% used [0x383e0000, 0x38865e50, 0x38866000, 0x38de0000)
    rw space 12288K,  54% used [0x38de0000, 0x39468f78, 0x39469000, 0x399e0000)
}
Event: 77.014 GC heap before
{Heap before GC invocations=746 (full 101):
 def new generation   total 5760K, used 4409K [0x243e0000, 0x24a20000, 0x29930000)
  eden space 5120K,  86% used [0x243e0000, 0x2482d098, 0x248e0000)
  from space 640K,   0% used [0x24980000, 0x249816a8, 0x24a20000)
  to   space 640K,   0% used [0x248e0000, 0x248e0000, 0x24980000)
 tenured generation   total 12736K, used 5620K [0x29930000, 0x2a5a0000, 0x343e0000)
   the space 12736K,  44% used [0x29930000, 0x29ead020, 0x29ead200, 0x2a5a0000)
 compacting perm gen  total 12288K, used 2575K [0x343e0000, 0x34fe0000, 0x383e0000)
   the space 12288K,  20% used [0x343e0000, 0x34663d60, 0x34663e00, 0x34fe0000)
    ro space 10240K,  45% used [0x383e0000, 0x38865e50, 0x38866000, 0x38de0000)
    rw space 12288K,  54% used [0x38de0000, 0x39468f78, 0x39469000, 0x399e0000)
Event: 77.016 GC heap after
Heap after GC invocations=747 (full 101):
 def new generation   total 5760K, used 49K [0x243e0000, 0x24a20000, 0x29930000)
  eden space 5120K,   0% used [0x243e0000, 0x243e0000, 0x248e0000)
  from space 640K,   7% used [0x248e0000, 0x248ec790, 0x24980000)
  to   space 640K,   0% used [0x24980000, 0x24980000, 0x24a20000)
 tenured generation   total 12736K, used 5620K [0x29930000, 0x2a5a0000, 0x343e0000)
   the space 12736K,  44% used [0x29930000, 0x29ead020, 0x29ead200, 0x2a5a0000)
 compacting perm gen  total 12288K, used 2575K [0x343e0000, 0x34fe0000, 0x383e0000)
   the space 12288K,  20% used [0x343e0000, 0x34663d60, 0x34663e00, 0x34fe0000)
    ro space 10240K,  45% used [0x383e0000, 0x38865e50, 0x38866000, 0x38de0000)
    rw space 12288K,  54% used [0x38de0000, 0x39468f78, 0x39469000, 0x399e0000)
}
Event: 77.108 GC heap before
{Heap before GC invocations=747 (full 101):
 def new generation   total 5760K, used 4558K [0x243e0000, 0x24a20000, 0x29930000)
  eden space 5120K,  88% used [0x243e0000, 0x24847460, 0x248e0000)
  from space 640K,   7% used [0x248e0000, 0x248ec790, 0x24980000)
  to   space 640K,   0% used [0x24980000, 0x24980000, 0x24a20000)
 tenured generation   total 12736K, used 5620K [0x29930000, 0x2a5a0000, 0x343e0000)
   the space 12736K,  44% used [0x29930000, 0x29ead020, 0x29ead200, 0x2a5a0000)
 compacting perm gen  total 12288K, used 2575K [0x343e0000, 0x34fe0000, 0x383e0000)
   the space 12288K,  20% used [0x343e0000, 0x34663d60, 0x34663e00, 0x34fe0000)
    ro space 10240K,  45% used [0x383e0000, 0x38865e50, 0x38866000, 0x38de0000)
    rw space 12288K,  54% used [0x38de0000, 0x39468f78, 0x39469000, 0x399e0000)
Event: 77.110 GC heap after
Heap after GC invocations=748 (full 101):
 def new generation   total 5760K, used 49K [0x243e0000, 0x24a20000, 0x29930000)
  eden space 5120K,   0% used [0x243e0000, 0x243e0000, 0x248e0000)
  from space 640K,   7% used [0x24980000, 0x2498c628, 0x24a20000)
  to   space 640K,   0% used [0x248e0000, 0x248e0000, 0x24980000)
 tenured generation   total 12736K, used 6520K [0x29930000, 0x2a5a0000, 0x343e0000)
   the space 12736K,  51% used [0x29930000, 0x29f8e030, 0x29f8e200, 0x2a5a0000)
 compacting perm gen  total 12288K, used 2575K [0x343e0000, 0x34fe0000, 0x383e0000)
   the space 12288K,  20% used [0x343e0000, 0x34663d60, 0x34663e00, 0x34fe0000)
    ro space 10240K,  45% used [0x383e0000, 0x38865e50, 0x38866000, 0x38de0000)
    rw space 12288K,  54% used [0x38de0000, 0x39468f78, 0x39469000, 0x399e0000)
}
Event: 77.268 GC heap before
{Heap before GC invocations=748 (full 101):
 def new generation   total 5760K, used 4622K [0x243e0000, 0x24a20000, 0x29930000)
  eden space 5120K,  89% used [0x243e0000, 0x24857368, 0x248e0000)
  from space 640K,   7% used [0x24980000, 0x2498c628, 0x24a20000)
  to   space 640K,   0% used [0x248e0000, 0x248e0000, 0x24980000)
 tenured generation   total 12736K, used 6520K [0x29930000, 0x2a5a0000, 0x343e0000)
   the space 12736K,  51% used [0x29930000, 0x29f8e030, 0x29f8e200, 0x2a5a0000)
 compacting perm gen  total 12288K, used 2575K [0x343e0000, 0x34fe0000, 0x383e0000)
   the space 12288K,  20% used [0x343e0000, 0x34663d60, 0x34663e00, 0x34fe0000)
    ro space 10240K,  45% used [0x383e0000, 0x38865e50, 0x38866000, 0x38de0000)
    rw space 12288K,  54% used [0x38de0000, 0x39468f78, 0x39469000, 0x399e0000)
Event: 77.270 GC heap after
Heap after GC invocations=749 (full 101):
 def new generation   total 5760K, used 53K [0x243e0000, 0x24a20000, 0x29930000)
  eden space 5120K,   0% used [0x243e0000, 0x243e0000, 0x248e0000)
  from space 640K,   8% used [0x248e0000, 0x248ed490, 0x24980000)
  to   space 640K,   0% used [0x24980000, 0x24980000, 0x24a20000)
 tenured generation   total 12736K, used 7420K [0x29930000, 0x2a5a0000, 0x343e0000)
   the space 12736K,  58% used [0x29930000, 0x2a06f040, 0x2a06f200, 0x2a5a0000)
 compacting perm gen  total 12288K, used 2575K [0x343e0000, 0x34fe0000, 0x383e0000)
   the space 12288K,  20% used [0x343e0000, 0x34663d60, 0x34663e00, 0x34fe0000)
    ro space 10240K,  45% used [0x383e0000, 0x38865e50, 0x38866000, 0x38de0000)
    rw space 12288K,  54% used [0x38de0000, 0x39468f78, 0x39469000, 0x399e0000)
}

Deoptimization events (0 events):
No events

Internal exceptions (10 events):
Event: 2.198 Thread 0x0480c400 Threw 0x245132a8 at C:\jdk7u2_32P\jdk7u10\hotspot\src\share\vm\prims\jvm.cpp:1166
Event: 2.203 Thread 0x0480c400 Threw 0x245fbf80 at C:\jdk7u2_32P\jdk7u10\hotspot\src\share\vm\prims\jvm.cpp:1166
Event: 2.204 Thread 0x0480c400 Threw 0x245ff200 at C:\jdk7u2_32P\jdk7u10\hotspot\src\share\vm\prims\jvm.cpp:1166
Event: 2.206 Thread 0x0480c400 Threw 0x24620738 at C:\jdk7u2_32P\jdk7u10\hotspot\src\share\vm\prims\jvm.cpp:1166
Event: 2.207 Thread 0x0480c400 Threw 0x24624ae0 at C:\jdk7u2_32P\jdk7u10\hotspot\src\share\vm\prims\jvm.cpp:1166
Event: 7.493 Thread 0x0480c400 Threw 0x2455da68 at C:\jdk7u2_32P\jdk7u10\hotspot\src\share\vm\prims\jvm.cpp:1166
Event: 34.515 Thread 0x048a8800 Threw 0x245a9138 at C:\jdk7u2_32P\jdk7u10\hotspot\src\share\vm\prims\jni.cpp:742
Event: 77.221 Thread 0x0480c400 Threw 0x247ab4e0 at C:\jdk7u2_32P\jdk7u10\hotspot\src\share\vm\prims\jni.cpp:742
Event: 77.278 Thread 0x0480c400 Threw 0x24516170 at C:\jdk7u2_32P\jdk7u10\hotspot\src\share\vm\prims\jvm.cpp:1166
Event: 77.280 Thread 0x0480c400 Threw 0x24523778 at C:\jdk7u2_32P\jdk7u10\hotspot\src\share\vm\prims\jni.cpp:742

Events (10 events):
Event: 76.865 Executing VM operation: GenCollectForAllocation
Event: 76.868 Executing VM operation: GenCollectForAllocation done
Event: 77.014 Executing VM operation: GenCollectForAllocation
Event: 77.016 Executing VM operation: GenCollectForAllocation done
Event: 77.108 Executing VM operation: GenCollectForAllocation
Event: 77.110 Executing VM operation: GenCollectForAllocation done
Event: 77.268 Executing VM operation: GenCollectForAllocation
Event: 77.270 Executing VM operation: GenCollectForAllocation done
Event: 77.278 loading class 0x049138f8
Event: 77.278 loading class 0x049138f8 done


Dynamic libraries:
0x01300000 - 0x0132f000 	C:\Program Files (x86)\Java\jdk1.7.0_10\bin\java.exe
0x76f60000 - 0x770e0000 	C:\Windows\SysWOW64\ntdll.dll
0x759b0000 - 0x75ac0000 	C:\Windows\syswow64\kernel32.dll
0x76a60000 - 0x76aa7000 	C:\Windows\syswow64\KERNELBASE.dll
0x75630000 - 0x756d0000 	C:\Windows\syswow64\ADVAPI32.dll
0x76ab0000 - 0x76b5c000 	C:\Windows\syswow64\msvcrt.dll
0x750c0000 - 0x750d9000 	C:\Windows\SysWOW64\sechost.dll
0x74cf0000 - 0x74de0000 	C:\Windows\syswow64\RPCRT4.dll
0x748f0000 - 0x74950000 	C:\Windows\syswow64\SspiCli.dll
0x748e0000 - 0x748ec000 	C:\Windows\syswow64\CRYPTBASE.dll
0x76960000 - 0x76a60000 	C:\Windows\syswow64\USER32.dll
0x74b10000 - 0x74ba0000 	C:\Windows\syswow64\GDI32.dll
0x76f30000 - 0x76f3a000 	C:\Windows\syswow64\LPK.dll
0x749e0000 - 0x74a7d000 	C:\Windows\syswow64\USP10.dll
0x73fe0000 - 0x7417e000 	C:\Windows\WinSxS\x86_microsoft.windows.common-controls_6595b64144ccf1df_6.0.7601.17514_none_41e6975e2bd6f2b2\COMCTL32.dll
0x74aa0000 - 0x74af7000 	C:\Windows\syswow64\SHLWAPI.dll
0x74980000 - 0x749e0000 	C:\Windows\system32\IMM32.DLL
0x75840000 - 0x7590c000 	C:\Windows\syswow64\MSCTF.dll
0x6d320000 - 0x6d3dd000 	C:\Program Files (x86)\Java\jdk1.7.0_10\jre\bin\msvcr100.dll
0x63d60000 - 0x640ac000 	C:\Program Files (x86)\Java\jdk1.7.0_10\jre\bin\client\jvm.dll
0x72600000 - 0x72607000 	C:\Windows\system32\WSOCK32.dll
0x753b0000 - 0x753e5000 	C:\Windows\syswow64\WS2_32.dll
0x75ad0000 - 0x75ad6000 	C:\Windows\syswow64\NSI.dll
0x73b60000 - 0x73b92000 	C:\Windows\system32\WINMM.dll
0x75700000 - 0x75705000 	C:\Windows\syswow64\PSAPI.DLL
0x72910000 - 0x7291c000 	C:\Program Files (x86)\Java\jdk1.7.0_10\jre\bin\verify.dll
0x710f0000 - 0x71110000 	C:\Program Files (x86)\Java\jdk1.7.0_10\jre\bin\java.dll
0x71210000 - 0x71223000 	C:\Program Files (x86)\Java\jdk1.7.0_10\jre\bin\zip.dll
0x6b1a0000 - 0x6b2e2000 	C:\Program Files (x86)\Java\jdk1.7.0_10\jre\bin\awt.dll
0x75af0000 - 0x75b7f000 	C:\Windows\syswow64\OLEAUT32.dll
0x75b80000 - 0x75cdc000 	C:\Windows\syswow64\ole32.dll
0x62f00000 - 0x6374f000 	C:\OpenCV\opencv\build\java\x86\opencv_java249.dll
0x71030000 - 0x71049000 	C:\Windows\system32\AVIFIL32.dll
0x70b00000 - 0x70b14000 	C:\Windows\system32\MSACM32.dll
0x6d2f0000 - 0x6d311000 	C:\Windows\system32\MSVFW32.dll
0x75d10000 - 0x7695a000 	C:\Windows\syswow64\SHELL32.dll
0x6d2d0000 - 0x6d2e3000 	C:\Windows\system32\AVICAP32.dll
0x73de0000 - 0x73de9000 	C:\Windows\system32\VERSION.dll
0x6f240000 - 0x6f2c0000 	C:\Windows\system32\uxtheme.dll
0x6f490000 - 0x6f4a3000 	C:\Windows\system32\dwmapi.dll
0x70d90000 - 0x70dba000 	C:\Program Files (x86)\Java\jdk1.7.0_10\jre\bin\fontmanager.dll
0x73230000 - 0x733f3000 	C:\Windows\system32\d3d9.dll
0x73220000 - 0x73226000 	C:\Windows\system32\d3d8thk.dll
0x73830000 - 0x738f4000 	C:\Windows\system32\aticfx32.dll
0x71e00000 - 0x71e0b000 	C:\Windows\system32\atiu9pag.dll
0x60b80000 - 0x6112e000 	C:\Windows\system32\atiumdag.dll
0x62af0000 - 0x62efc000 	C:\Windows\system32\atiumdva.dll
0x6eac0000 - 0x6eaf6000 	C:\Program Files\WIDCOMM\Bluetooth Software\SysWOW64\BtMmHook.dll
0x70dc0000 - 0x70dd4000 	C:\Program Files (x86)\Java\jdk1.7.0_10\jre\bin\net.dll
0x72590000 - 0x725cc000 	C:\Windows\system32\mswsock.dll
0x717b0000 - 0x717b6000 	C:\Windows\System32\wship6.dll
0x72920000 - 0x7292f000 	C:\Program Files (x86)\Java\jdk1.7.0_10\jre\bin\nio.dll
0x6d540000 - 0x6d571000 	C:\Program Files (x86)\Java\jdk1.7.0_10\jre\bin\t2k.dll
0x752a0000 - 0x75323000 	C:\Windows\syswow64\CLBCatQ.DLL
0x726a0000 - 0x726a8000 	C:\Program Files (x86)\DonJohnston\CoWriter\Resources\Libraries\CWTextService.dll
0x73f30000 - 0x73fd3000 	C:\Windows\WinSxS\x86_microsoft.vc90.crt_1fc8b3b9a1e18e3b_9.0.30729.6161_none_50934f2ebcb7eb57\MSVCR90.dll
0x71f30000 - 0x71f88000 	C:\Program Files (x86)\Common Files\microsoft shared\ink\tiptsf.dll
0x72580000 - 0x72585000 	C:\Windows\System32\wshtcpip.dll
0x716f0000 - 0x71734000 	C:\Windows\system32\DNSAPI.dll
0x715e0000 - 0x71607000 	C:\Program Files (x86)\Common Files\Microsoft Shared\Windows Live\WLIDNSP.DLL
0x715a0000 - 0x715c1000 	C:\Program Files (x86)\Bonjour\mdnsNSP.dll
0x72020000 - 0x7203c000 	C:\Windows\system32\Iphlpapi.DLL
0x72010000 - 0x72017000 	C:\Windows\system32\WINNSI.DLL
0x00e30000 - 0x00e38000 	C:\Program Files (x86)\National Instruments\Shared\mDNS Responder\nimdnsNSP.dll
0x00e50000 - 0x00e5b000 	C:\Windows\system32\nimdnsResponder.dll
0x71550000 - 0x71556000 	C:\Windows\system32\rasadhlp.dll
0x71560000 - 0x71598000 	C:\Windows\System32\fwpuclnt.dll
0x71fe0000 - 0x71ff7000 	C:\Windows\system32\CRYPTSP.dll
0x71fa0000 - 0x71fdb000 	C:\Windows\system32\rsaenh.dll
0x71f90000 - 0x71f9e000 	C:\Windows\system32\RpcRtRemote.dll
0x6f800000 - 0x6f824000 	C:\Program Files (x86)\Java\jdk1.7.0_10\jre\bin\dcpr.dll
0x756d0000 - 0x756e7000 	C:\Windows\syswow64\USERENV.dll
0x74b00000 - 0x74b0b000 	C:\Windows\syswow64\profapi.dll
0x71660000 - 0x71670000 	C:\Windows\system32\NLAapi.dll
0x71640000 - 0x71650000 	C:\Windows\system32\napinsp.dll
0x71620000 - 0x71632000 	C:\Windows\system32\pnrpnsp.dll
0x71610000 - 0x71618000 	C:\Windows\System32\winrnr.dll
0x715d0000 - 0x715dd000 	C:\Windows\system32\wshbth.dll
0x6d2a0000 - 0x6d2c5000 	C:\Program Files (x86)\Java\jdk1.7.0_10\jre\bin\jpeg.dll
0x6f9d0000 - 0x6fabb000 	C:\Windows\system32\dbghelp.dll

VM Arguments:
jvm_args: -Dfile.encoding=UTF-8 -Djava.library.path=C:\OpenCV\opencv\build\java\x86 
java_command: opencvhello.NewJFrame
Launcher Type: SUN_STANDARD

Environment Variables:
JAVA_HOME=C:\Program Files\Java\jdk1.7.0_07
PATH=C:\PROGRAM FILES\BROADCOM\BROADCOM 802.11\DRIVER;C:\PROGRAM FILES (X86)\AMD APP\BIN\X86_64;C:\PROGRAM FILES (X86)\AMD APP\BIN\X86;C:\PROGRAM FILES\COMMON FILES\MICROSOFT SHARED\WINDOWS LIVE;C:\PROGRAM FILES (X86)\COMMON FILES\MICROSOFT SHARED\WINDOWS LIVE;C:\Windows\SYSTEM32;C:\Windows;C:\Windows\SYSTEM32\WBEM;C:\Windows\SYSTEM32\WINDOWSPOWERSHELL\V1.0\;C:\PROGRAM FILES (X86)\WINDOWS LIVE\SHARED;C:\PROGRAM FILES (X86)\ATI TECHNOLOGIES\ATI.ACE\CORE-STATIC;C:\PROGRAM FILES (X86)\HEWLETT-PACKARD\HP SIMPLEPASS IDENTITY PROTECTION\X64;C:\PROGRAM FILES (X86)\IVI FOUNDATION\VISA\WINNT\BIN;C:\PROGRA~2\IVIFOU~1\VISA\WINNT\BIN;C:\PROGRAM FILES (X86)\LEJOS NXJ\BIN;C:\PROGRAM FILES\TORTOISEGIT\BIN;C:\PROGRAM FILES\MICROSOFT SQL SERVER\110\TOOLS\BINN\;;C:\PROGRAM FILES (X86)\GTKSHARP\2.12\BIN;C:\PROGRAM FILES\MICROSOFT\WEB PLATFORM INSTALLER\;C:\PROGRAM FILES (X86)\MICROSOFT ASP.NET\ASP.NET WEB PAGES\V1.0\;C:\Program Files\WIDCOMM\Bluetooth Software\;C:\Program Files\WIDCOMM\Bluetooth Software\syswow64;;.\Common\Libraries;C:\OpenCV\opencv\sources\3rdparty\ffmpeg
USERNAME=Alex
OS=Windows_NT
PROCESSOR_IDENTIFIER=AMD64 Family 20 Model 2 Stepping 0, AuthenticAMD



---------------  S Y S T E M  ---------------

OS: Windows 7 , 64 bit Build 7601 Service Pack 1

CPU:total 2 (2 cores per cpu, 1 threads per core) family 20 model 2 stepping 0, cmov, cx8, fxsr, mmx, sse, sse2, sse3, ssse3, popcnt, mmxext, lzcnt, sse4a, tsc, tscinvbit, tscinv

Memory: 4k page, physical 7971192k(4339896k free), swap 15940520k(11945240k free)

vm_info: Java HotSpot(TM) Client VM (23.6-b04) for windows-x86 JRE (1.7.0_10-b18), built on Nov 28 2012 08:34:29 by "java_re" with unknown MS VC++:1600

time: Sun Dec 07 13:02:24 2014
elapsed time: 77 seconds

