#
# A fatal error has been detected by the Java Runtime Environment:
#
#  EXCEPTION_ACCESS_VIOLATION (0xc0000005) at pc=0x6201ee09, pid=2792, tid=7948
#
# JRE version: 7.0_10-b18
# Java VM: Java HotSpot(TM) Client VM (23.6-b04 mixed mode, sharing windows-x86 )
# Problematic frame:
# C  [opencv_java249.dll+0x6ee09]  Java_org_opencv_contrib_Contrib_chamerMatching_11+0x2a859
#
# Failed to write core dump. Minidumps are not enabled by default on client versions of Windows
#
# If you would like to submit a bug report, please visit:
#   http://bugreport.sun.com/bugreport/crash.jsp
# The crash happened outside the Java Virtual Machine in native code.
# See problematic frame for where to report the bug.
#

---------------  T H R E A D  ---------------

Current thread (0x023a7c00):  JavaThread "Finalizer" daemon [_thread_in_native, id=7948, stack(0x047d0000,0x04820000)]

siginfo: ExceptionCode=0xc0000005, writing address 0x00000002

Registers:
EAX=0xffffffff, EBX=0x00000000, ECX=0x00000002, EDX=0x023a7d28
ESP=0x0481f580, EBP=0x0481f580, ESI=0x0b788558, EDI=0x00000000
EIP=0x6201ee09, EFLAGS=0x00010202

Top of Stack: (sp=0x0481f580)
0x0481f580:   0481f598 61fbc14d 00000002 ffffffff
0x0481f590:   023a7c00 0481f5b8 0481f5c8 0250a62b
0x0481f5a0:   023a7d28 0481f5b8 0b788558 00000000
0x0481f5b0:   3863205c 00000011 299b67f0 00000000
0x0481f5c0:   3913c360 00000000 0481f620 0250a3b4
0x0481f5d0:   0b788558 00000000 0481f5d8 3862ed91
0x0481f5e0:   248d61d8 39137ba8 0481f620 024003d7
0x0481f5f0:   00000000 0481f600 0481f620 024003d7 

Instructions: (pc=0x6201ee09)
0x6201ede9:   7c cc 40 00 83 c4 04 c7 06 00 00 00 00 5e c3 cc
0x6201edf9:   cc cc cc cc cc cc cc 55 8b ec 8b 45 0c 8b 4d 08
0x6201ee09:   f0 0f c1 01 5d c3 cc 55 8b ec 6a ff 68 2b 0d 4b
0x6201ee19:   62 64 a1 00 00 00 00 50 51 56 57 a1 10 44 71 62 


Register to memory mapping:

EAX=0xffffffff is an unknown value
EBX=0x00000000 is an unknown value
ECX=0x00000002 is an unknown value
EDX=0x023a7d28 is an unknown value
ESP=0x0481f580 is pointing into the stack for thread: 0x023a7c00
EBP=0x0481f580 is pointing into the stack for thread: 0x023a7c00
ESI=0x0b788558 is an unknown value
EDI=0x00000000 is an unknown value


Stack: [0x047d0000,0x04820000],  sp=0x0481f580,  free space=317k
Native frames: (J=compiled Java code, j=interpreted, Vv=VM code, C=native code)
C  [opencv_java249.dll+0x6ee09]  Java_org_opencv_contrib_Contrib_chamerMatching_11+0x2a859
C  [opencv_java249.dll+0xc14d]  Java_org_opencv_core_Mat_n_1delete+0x1d
J  org.opencv.core.Mat.n_delete(J)V
J  org.opencv.core.Mat.finalize()V
V  [jvm.dll+0x12a3ba]
V  [jvm.dll+0x1d97de]
V  [jvm.dll+0x12a43d]
V  [jvm.dll+0xaf12a]
V  [jvm.dll+0xb283f]
C  [java.dll+0x20f5]  Java_java_lang_ref_Finalizer_invokeFinalizeMethod+0x39
J  java.lang.ref.Finalizer.runFinalizer()V
V  [jvm.dll+0x12a3ba]
V  [jvm.dll+0x1d97de]
V  [jvm.dll+0x12a5a3]
V  [jvm.dll+0x12a607]
V  [jvm.dll+0xd315f]
V  [jvm.dll+0x14a6b7]
V  [jvm.dll+0x14a820]
V  [jvm.dll+0x17f009]
C  [msvcr100.dll+0x10fac]  freefls+0x130
C  [msvcr100.dll+0x110b1]  __fls_getvalue+0x58
C  [kernel32.dll+0x1338a]  BaseThreadInitThunk+0x12
C  [ntdll.dll+0x39f72]  RtlInitializeExceptionChain+0x63
C  [ntdll.dll+0x39f45]  RtlInitializeExceptionChain+0x36

Java frames: (J=compiled Java code, j=interpreted, Vv=VM code)
J  org.opencv.core.Mat.n_delete(J)V
J  org.opencv.core.Mat.finalize()V
v  ~StubRoutines::call_stub
J  java.lang.ref.Finalizer.invokeFinalizeMethod(Ljava/lang/Object;)V
J  java.lang.ref.Finalizer.runFinalizer()V
J  java.lang.ref.Finalizer$FinalizerThread.run()V
v  ~StubRoutines::call_stub

---------------  P R O C E S S  ---------------

Java Threads: ( => current thread )
  0x04dc5800 JavaThread "TimerQueue" daemon [_thread_blocked, id=6964, stack(0x0d660000,0x0d6b0000)]
  0x04d7f800 JavaThread "D3D Screen Updater" daemon [_thread_blocked, id=3260, stack(0x09f00000,0x09f50000)]
  0x04d5d400 JavaThread "Thread-5" [_thread_blocked, id=7436, stack(0x09ea0000,0x09ef0000)]
  0x04d5ac00 JavaThread "Thread-4" [_thread_in_native, id=2452, stack(0x09950000,0x099a0000)]
  0x04d53800 JavaThread "Thread-2" [_thread_blocked, id=6744, stack(0x099a0000,0x099f0000)]
  0x022fb800 JavaThread "DestroyJavaVM" [_thread_blocked, id=3208, stack(0x02290000,0x022e0000)]
  0x04cb4c00 JavaThread "AWT-EventQueue-0" [_thread_in_native, id=6532, stack(0x06960000,0x069b0000)]
  0x04c30c00 JavaThread "AWT-Windows" daemon [_thread_in_native, id=7380, stack(0x058c0000,0x05910000)]
  0x04c30000 JavaThread "AWT-Shutdown" [_thread_blocked, id=5296, stack(0x057f0000,0x05840000)]
  0x04c2d800 JavaThread "Java2D Disposer" daemon [_thread_blocked, id=4516, stack(0x04960000,0x049b0000)]
  0x023c7c00 JavaThread "Service Thread" daemon [_thread_blocked, id=4632, stack(0x049f0000,0x04a40000)]
  0x023c2c00 JavaThread "C1 CompilerThread0" daemon [_thread_blocked, id=7868, stack(0x048a0000,0x048f0000)]
  0x023c1800 JavaThread "Attach Listener" daemon [_thread_blocked, id=2772, stack(0x045d0000,0x04620000)]
  0x023be400 JavaThread "Signal Dispatcher" daemon [_thread_blocked, id=7788, stack(0x046b0000,0x04700000)]
=>0x023a7c00 JavaThread "Finalizer" daemon [_thread_in_native, id=7948, stack(0x047d0000,0x04820000)]
  0x023a6400 JavaThread "Reference Handler" daemon [_thread_blocked, id=3428, stack(0x04710000,0x04760000)]

Other Threads:
  0x023a4c00 VMThread [stack: 0x04570000,0x045c0000] [id=7064]
  0x023ea800 WatcherThread [stack: 0x04bc0000,0x04c10000] [id=3932]

VM state:not at safepoint (normal execution)

VM Mutex/Monitor currently owned by a thread: None

Heap
 def new generation   total 4992K, used 1828K [0x243e0000, 0x24940000, 0x29930000)
  eden space 4480K,  38% used [0x243e0000, 0x245927a0, 0x24840000)
  from space 512K,  17% used [0x248c0000, 0x248d69c0, 0x24940000)
  to   space 512K,   0% used [0x24840000, 0x24840000, 0x248c0000)
 tenured generation   total 10948K, used 3333K [0x29930000, 0x2a3e1000, 0x343e0000)
   the space 10948K,  30% used [0x29930000, 0x29c714e0, 0x29c71600, 0x2a3e1000)
 compacting perm gen  total 12288K, used 2595K [0x343e0000, 0x34fe0000, 0x383e0000)
   the space 12288K,  21% used [0x343e0000, 0x34668e98, 0x34669000, 0x34fe0000)
    ro space 10240K,  45% used [0x383e0000, 0x38865e50, 0x38866000, 0x38de0000)
    rw space 12288K,  54% used [0x38de0000, 0x39468f78, 0x39469000, 0x399e0000)

Card table byte_map: [0x02150000,0x02200000] byte_map_base: 0x0202e100

Polling page: 0x00130000

Code Cache  [0x02400000, 0x02630000, 0x04400000)
 total_blobs=1413 nmethods=1020 adapters=327 free_code_cache=30533Kb largest_free_block=31265856

Compilation events (10 events):
Event: 127.515 Thread 0x023c2c00 1017             java.awt.EventQueue::coalesceEvent (86 bytes)
Event: 127.516 Thread 0x023c2c00 nmethod 1017 0x0262d008 code [0x0262d150, 0x0262d400]
Event: 127.560 Thread 0x023c2c00 1018             sun.java2d.d3d.D3DRTTSurfaceToSurfaceBlit::Blit (46 bytes)
Event: 127.560 Thread 0x023c2c00 nmethod 1018 0x0262d588 code [0x0262d680, 0x0262d7bc]
Event: 127.918 Thread 0x023c2c00 1019             sun.font.FileFontStrike::getCachedGlyphPtr (120 bytes)
Event: 127.918 Thread 0x023c2c00 nmethod 1019 0x0262d848 code [0x0262d970, 0x0262dbd0]
Event: 128.326 Thread 0x023c2c00 1020             sun.awt.windows.WObjectPeer::getTarget (5 bytes)
Event: 128.326 Thread 0x023c2c00 nmethod 1020 0x0262df08 code [0x0262e000, 0x0262e080]
Event: 128.612 Thread 0x023c2c00 1021             javax.swing.RepaintManager::scheduleProcessingRunnable (69 bytes)
Event: 128.614 Thread 0x023c2c00 nmethod 1021 0x0262e0c8 code [0x0262e280, 0x0262e78c]

GC Heap History (10 events):
Event: 128.235 GC heap before
{Heap before GC invocations=928 (full 34):
 def new generation   total 4992K, used 4480K [0x243e0000, 0x24940000, 0x29930000)
  eden space 4480K, 100% used [0x243e0000, 0x24840000, 0x24840000)
  from space 512K,   0% used [0x24840000, 0x24840000, 0x248c0000)
  to   space 512K,   0% used [0x248c0000, 0x248c0000, 0x24940000)
 tenured generation   total 10948K, used 1931K [0x29930000, 0x2a3e1000, 0x343e0000)
   the space 10948K,  17% used [0x29930000, 0x29b12df0, 0x29b12e00, 0x2a3e1000)
 compacting perm gen  total 12288K, used 2593K [0x343e0000, 0x34fe0000, 0x383e0000)
   the space 12288K,  21% used [0x343e0000, 0x34668540, 0x34668600, 0x34fe0000)
    ro space 10240K,  45% used [0x383e0000, 0x38865e50, 0x38866000, 0x38de0000)
    rw space 12288K,  54% used [0x38de0000, 0x39468f78, 0x39469000, 0x399e0000)
Event: 128.238 GC heap after
Heap after GC invocations=929 (full 34):
 def new generation   total 4992K, used 512K [0x243e0000, 0x24940000, 0x29930000)
  eden space 4480K,   0% used [0x243e0000, 0x243e0000, 0x24840000)
  from space 512K, 100% used [0x248c0000, 0x24940000, 0x24940000)
  to   space 512K,   0% used [0x24840000, 0x24840000, 0x248c0000)
 tenured generation   total 10948K, used 2657K [0x29930000, 0x2a3e1000, 0x343e0000)
   the space 10948K,  24% used [0x29930000, 0x29bc85d0, 0x29bc8600, 0x2a3e1000)
 compacting perm gen  total 12288K, used 2593K [0x343e0000, 0x34fe0000, 0x383e0000)
   the space 12288K,  21% used [0x343e0000, 0x34668540, 0x34668600, 0x34fe0000)
    ro space 10240K,  45% used [0x383e0000, 0x38865e50, 0x38866000, 0x38de0000)
    rw space 12288K,  54% used [0x38de0000, 0x39468f78, 0x39469000, 0x399e0000)
}
Event: 128.382 GC heap before
{Heap before GC invocations=929 (full 34):
 def new generation   total 4992K, used 4776K [0x243e0000, 0x24940000, 0x29930000)
  eden space 4480K,  95% used [0x243e0000, 0x2480a2f0, 0x24840000)
  from space 512K, 100% used [0x248c0000, 0x24940000, 0x24940000)
  to   space 512K,   0% used [0x24840000, 0x24840000, 0x248c0000)
 tenured generation   total 10948K, used 2657K [0x29930000, 0x2a3e1000, 0x343e0000)
   the space 10948K,  24% used [0x29930000, 0x29bc85d0, 0x29bc8600, 0x2a3e1000)
 compacting perm gen  total 12288K, used 2593K [0x343e0000, 0x34fe0000, 0x383e0000)
   the space 12288K,  21% used [0x343e0000, 0x34668540, 0x34668600, 0x34fe0000)
    ro space 10240K,  45% used [0x383e0000, 0x38865e50, 0x38866000, 0x38de0000)
    rw space 12288K,  54% used [0x38de0000, 0x39468f78, 0x39469000, 0x399e0000)
Event: 128.384 GC heap after
Heap after GC invocations=930 (full 34):
 def new generation   total 4992K, used 37K [0x243e0000, 0x24940000, 0x29930000)
  eden space 4480K,   0% used [0x243e0000, 0x243e0000, 0x24840000)
  from space 512K,   7% used [0x24840000, 0x248497d0, 0x248c0000)
  to   space 512K,   0% used [0x248c0000, 0x248c0000, 0x24940000)
 tenured generation   total 10948K, used 2658K [0x29930000, 0x2a3e1000, 0x343e0000)
   the space 10948K,  24% used [0x29930000, 0x29bc88d0, 0x29bc8a00, 0x2a3e1000)
 compacting perm gen  total 12288K, used 2593K [0x343e0000, 0x34fe0000, 0x383e0000)
   the space 12288K,  21% used [0x343e0000, 0x34668540, 0x34668600, 0x34fe0000)
    ro space 10240K,  45% used [0x383e0000, 0x38865e50, 0x38866000, 0x38de0000)
    rw space 12288K,  54% used [0x38de0000, 0x39468f78, 0x39469000, 0x399e0000)
}
Event: 128.544 GC heap before
{Heap before GC invocations=930 (full 34):
 def new generation   total 4992K, used 4402K [0x243e0000, 0x24940000, 0x29930000)
  eden space 4480K,  97% used [0x243e0000, 0x248233c0, 0x24840000)
  from space 512K,   7% used [0x24840000, 0x248497d0, 0x248c0000)
  to   space 512K,   0% used [0x248c0000, 0x248c0000, 0x24940000)
 tenured generation   total 10948K, used 2658K [0x29930000, 0x2a3e1000, 0x343e0000)
   the space 10948K,  24% used [0x29930000, 0x29bc88d0, 0x29bc8a00, 0x2a3e1000)
 compacting perm gen  total 12288K, used 2593K [0x343e0000, 0x34fe0000, 0x383e0000)
   the space 12288K,  21% used [0x343e0000, 0x34668540, 0x34668600, 0x34fe0000)
    ro space 10240K,  45% used [0x383e0000, 0x38865e50, 0x38866000, 0x38de0000)
    rw space 12288K,  54% used [0x38de0000, 0x39468f78, 0x39469000, 0x399e0000)
Event: 128.545 GC heap after
Heap after GC invocations=931 (full 34):
 def new generation   total 4992K, used 92K [0x243e0000, 0x24940000, 0x29930000)
  eden space 4480K,   0% used [0x243e0000, 0x243e0000, 0x24840000)
  from space 512K,  18% used [0x248c0000, 0x248d72e0, 0x24940000)
  to   space 512K,   0% used [0x24840000, 0x24840000, 0x248c0000)
 tenured generation   total 10948K, used 2658K [0x29930000, 0x2a3e1000, 0x343e0000)
   the space 10948K,  24% used [0x29930000, 0x29bc88d0, 0x29bc8a00, 0x2a3e1000)
 compacting perm gen  total 12288K, used 2593K [0x343e0000, 0x34fe0000, 0x383e0000)
   the space 12288K,  21% used [0x343e0000, 0x34668540, 0x34668600, 0x34fe0000)
    ro space 10240K,  45% used [0x383e0000, 0x38865e50, 0x38866000, 0x38de0000)
    rw space 12288K,  54% used [0x38de0000, 0x39468f78, 0x39469000, 0x399e0000)
}
Event: 128.668 GC heap before
{Heap before GC invocations=931 (full 34):
 def new generation   total 4992K, used 3922K [0x243e0000, 0x24940000, 0x29930000)
  eden space 4480K,  85% used [0x243e0000, 0x2479d560, 0x24840000)
  from space 512K,  18% used [0x248c0000, 0x248d72e0, 0x24940000)
  to   space 512K,   0% used [0x24840000, 0x24840000, 0x248c0000)
 tenured generation   total 10948K, used 2658K [0x29930000, 0x2a3e1000, 0x343e0000)
   the space 10948K,  24% used [0x29930000, 0x29bc88d0, 0x29bc8a00, 0x2a3e1000)
 compacting perm gen  total 12288K, used 2593K [0x343e0000, 0x34fe0000, 0x383e0000)
   the space 12288K,  21% used [0x343e0000, 0x34668540, 0x34668600, 0x34fe0000)
    ro space 10240K,  45% used [0x383e0000, 0x38865e50, 0x38866000, 0x38de0000)
    rw space 12288K,  54% used [0x38de0000, 0x39468f78, 0x39469000, 0x399e0000)
Event: 128.669 GC heap after
Heap after GC invocations=932 (full 34):
 def new generation   total 4992K, used 95K [0x243e0000, 0x24940000, 0x29930000)
  eden space 4480K,   0% used [0x243e0000, 0x243e0000, 0x24840000)
  from space 512K,  18% used [0x24840000, 0x24857da8, 0x248c0000)
  to   space 512K,   0% used [0x248c0000, 0x248c0000, 0x24940000)
 tenured generation   total 10948K, used 2658K [0x29930000, 0x2a3e1000, 0x343e0000)
   the space 10948K,  24% used [0x29930000, 0x29bc88d0, 0x29bc8a00, 0x2a3e1000)
 compacting perm gen  total 12288K, used 2593K [0x343e0000, 0x34fe0000, 0x383e0000)
   the space 12288K,  21% used [0x343e0000, 0x34668540, 0x34668600, 0x34fe0000)
    ro space 10240K,  45% used [0x383e0000, 0x38865e50, 0x38866000, 0x38de0000)
    rw space 12288K,  54% used [0x38de0000, 0x39468f78, 0x39469000, 0x399e0000)
}
Event: 128.775 GC heap before
{Heap before GC invocations=932 (full 34):
 def new generation   total 4992K, used 4575K [0x243e0000, 0x24940000, 0x29930000)
  eden space 4480K, 100% used [0x243e0000, 0x24840000, 0x24840000)
  from space 512K,  18% used [0x24840000, 0x24857da8, 0x248c0000)
  to   space 512K,   0% used [0x248c0000, 0x248c0000, 0x24940000)
 tenured generation   total 10948K, used 2658K [0x29930000, 0x2a3e1000, 0x343e0000)
   the space 10948K,  24% used [0x29930000, 0x29bc88d0, 0x29bc8a00, 0x2a3e1000)
 compacting perm gen  total 12288K, used 2595K [0x343e0000, 0x34fe0000, 0x383e0000)
   the space 12288K,  21% used [0x343e0000, 0x34668e98, 0x34669000, 0x34fe0000)
    ro space 10240K,  45% used [0x383e0000, 0x38865e50, 0x38866000, 0x38de0000)
    rw space 12288K,  54% used [0x38de0000, 0x39468f78, 0x39469000, 0x399e0000)
Event: 128.777 GC heap after
Heap after GC invocations=933 (full 34):
 def new generation   total 4992K, used 90K [0x243e0000, 0x24940000, 0x29930000)
  eden space 4480K,   0% used [0x243e0000, 0x243e0000, 0x24840000)
  from space 512K,  17% used [0x248c0000, 0x248d69c0, 0x24940000)
  to   space 512K,   0% used [0x24840000, 0x24840000, 0x248c0000)
 tenured generation   total 10948K, used 3333K [0x29930000, 0x2a3e1000, 0x343e0000)
   the space 10948K,  30% used [0x29930000, 0x29c714e0, 0x29c71600, 0x2a3e1000)
 compacting perm gen  total 12288K, used 2595K [0x343e0000, 0x34fe0000, 0x383e0000)
   the space 12288K,  21% used [0x343e0000, 0x34668e98, 0x34669000, 0x34fe0000)
    ro space 10240K,  45% used [0x383e0000, 0x38865e50, 0x38866000, 0x38de0000)
    rw space 12288K,  54% used [0x38de0000, 0x39468f78, 0x39469000, 0x399e0000)
}

Deoptimization events (0 events):
No events

Internal exceptions (10 events):
Event: 1.543 Thread 0x04cb4c00 Threw 0x245a97f8 at C:\jdk7u2_32P\jdk7u10\hotspot\src\share\vm\prims\jvm.cpp:1166
Event: 1.545 Thread 0x04cb4c00 Threw 0x245ad758 at C:\jdk7u2_32P\jdk7u10\hotspot\src\share\vm\prims\jvm.cpp:1166
Event: 1.555 Thread 0x04cb4c00 Threw 0x245b1850 at C:\jdk7u2_32P\jdk7u10\hotspot\src\share\vm\prims\jvm.cpp:1166
Event: 1.581 Thread 0x04cb4c00 Threw 0x245b4f78 at C:\jdk7u2_32P\jdk7u10\hotspot\src\share\vm\prims\jvm.cpp:1166
Event: 1.586 Thread 0x04cb4c00 Threw 0x246715b0 at C:\jdk7u2_32P\jdk7u10\hotspot\src\share\vm\prims\jvm.cpp:1166
Event: 1.588 Thread 0x04cb4c00 Threw 0x24674c00 at C:\jdk7u2_32P\jdk7u10\hotspot\src\share\vm\prims\jvm.cpp:1166
Event: 1.590 Thread 0x04cb4c00 Threw 0x2467af58 at C:\jdk7u2_32P\jdk7u10\hotspot\src\share\vm\prims\jvm.cpp:1166
Event: 4.310 Thread 0x04cb4c00 Threw 0x246a4dd8 at C:\jdk7u2_32P\jdk7u10\hotspot\src\share\vm\prims\jvm.cpp:1166
Event: 22.039 Thread 0x04d58c00 Threw 0x245013e8 at C:\jdk7u2_32P\jdk7u10\hotspot\src\share\vm\prims\jni.cpp:742
Event: 128.752 Thread 0x04cb4c00 Threw 0x2471d150 at C:\jdk7u2_32P\jdk7u10\hotspot\src\share\vm\prims\jni.cpp:742

Events (10 events):
Event: 128.544 Executing VM operation: GenCollectForAllocation
Event: 128.546 Executing VM operation: GenCollectForAllocation done
Event: 128.668 Executing VM operation: GenCollectForAllocation
Event: 128.669 Executing VM operation: GenCollectForAllocation done
Event: 128.752 loading class 0x399ed528
Event: 128.752 loading class 0x399ed6d0
Event: 128.752 loading class 0x399ed6d0 done
Event: 128.752 loading class 0x399ed528 done
Event: 128.775 Executing VM operation: GenCollectForAllocation
Event: 128.777 Executing VM operation: GenCollectForAllocation done


Dynamic libraries:
0x00c20000 - 0x00c4f000 	C:\Program Files (x86)\Java\jdk1.7.0_10\bin\java.exe
0x77830000 - 0x779b0000 	C:\Windows\SysWOW64\ntdll.dll
0x753f0000 - 0x75500000 	C:\Windows\syswow64\kernel32.dll
0x77260000 - 0x772a7000 	C:\Windows\syswow64\KERNELBASE.dll
0x75a40000 - 0x75ae0000 	C:\Windows\syswow64\ADVAPI32.dll
0x75ae0000 - 0x75b8c000 	C:\Windows\syswow64\msvcrt.dll
0x76800000 - 0x76819000 	C:\Windows\SysWOW64\sechost.dll
0x76b20000 - 0x76c10000 	C:\Windows\syswow64\RPCRT4.dll
0x75220000 - 0x75280000 	C:\Windows\syswow64\SspiCli.dll
0x75210000 - 0x7521c000 	C:\Windows\syswow64\CRYPTBASE.dll
0x758b0000 - 0x759b0000 	C:\Windows\syswow64\USER32.dll
0x759b0000 - 0x75a40000 	C:\Windows\syswow64\GDI32.dll
0x76c10000 - 0x76c1a000 	C:\Windows\syswow64\LPK.dll
0x76850000 - 0x768ed000 	C:\Windows\syswow64\USP10.dll
0x74910000 - 0x74aae000 	C:\Windows\WinSxS\x86_microsoft.windows.common-controls_6595b64144ccf1df_6.0.7601.17514_none_41e6975e2bd6f2b2\COMCTL32.dll
0x75610000 - 0x75667000 	C:\Windows\syswow64\SHLWAPI.dll
0x772b0000 - 0x77310000 	C:\Windows\system32\IMM32.DLL
0x76e40000 - 0x76f0c000 	C:\Windows\syswow64\MSCTF.dll
0x73970000 - 0x73a2d000 	C:\Program Files (x86)\Java\jdk1.7.0_10\jre\bin\msvcr100.dll
0x6b8c0000 - 0x6bc0c000 	C:\Program Files (x86)\Java\jdk1.7.0_10\jre\bin\client\jvm.dll
0x74820000 - 0x74827000 	C:\Windows\system32\WSOCK32.dll
0x75280000 - 0x752b5000 	C:\Windows\syswow64\WS2_32.dll
0x76c20000 - 0x76c26000 	C:\Windows\syswow64\NSI.dll
0x74480000 - 0x744b2000 	C:\Windows\system32\WINMM.dll
0x76840000 - 0x76845000 	C:\Windows\syswow64\PSAPI.DLL
0x73960000 - 0x7396c000 	C:\Program Files (x86)\Java\jdk1.7.0_10\jre\bin\verify.dll
0x73940000 - 0x73960000 	C:\Program Files (x86)\Java\jdk1.7.0_10\jre\bin\java.dll
0x738d0000 - 0x738e3000 	C:\Program Files (x86)\Java\jdk1.7.0_10\jre\bin\zip.dll
0x73450000 - 0x73592000 	C:\Program Files (x86)\Java\jdk1.7.0_10\jre\bin\awt.dll
0x76c30000 - 0x76cbf000 	C:\Windows\syswow64\OLEAUT32.dll
0x76ce0000 - 0x76e3c000 	C:\Windows\syswow64\ole32.dll
0x61fb0000 - 0x627ff000 	C:\OpenCV\opencv\build\java\x86\opencv_java249.dll
0x713c0000 - 0x713d9000 	C:\Windows\system32\AVIFIL32.dll
0x71970000 - 0x71984000 	C:\Windows\system32\MSACM32.dll
0x74430000 - 0x74451000 	C:\Windows\system32\MSVFW32.dll
0x75bb0000 - 0x767fa000 	C:\Windows\syswow64\SHELL32.dll
0x73ab0000 - 0x73ac3000 	C:\Windows\system32\AVICAP32.dll
0x746a0000 - 0x746a9000 	C:\Windows\system32\VERSION.dll
0x71cd0000 - 0x71d50000 	C:\Windows\system32\uxtheme.dll
0x72020000 - 0x72033000 	C:\Windows\system32\dwmapi.dll
0x73880000 - 0x738aa000 	C:\Program Files (x86)\Java\jdk1.7.0_10\jre\bin\fontmanager.dll
0x73da0000 - 0x73f63000 	C:\Windows\system32\d3d9.dll
0x74800000 - 0x74806000 	C:\Windows\system32\d3d8thk.dll
0x731e0000 - 0x732a4000 	C:\Windows\system32\aticfx32.dll
0x731a0000 - 0x731ab000 	C:\Windows\system32\atiu9pag.dll
0x5d140000 - 0x5d6ee000 	C:\Windows\system32\atiumdag.dll
0x5d890000 - 0x5dc9c000 	C:\Windows\system32\atiumdva.dll
0x67d00000 - 0x67d36000 	C:\Program Files\WIDCOMM\Bluetooth Software\SysWOW64\BtMmHook.dll
0x738b0000 - 0x738c4000 	C:\Program Files (x86)\Java\jdk1.7.0_10\jre\bin\net.dll
0x72ed0000 - 0x72f0c000 	C:\Windows\system32\mswsock.dll
0x711a0000 - 0x711a6000 	C:\Windows\System32\wship6.dll
0x74030000 - 0x7403f000 	C:\Program Files (x86)\Java\jdk1.7.0_10\jre\bin\nio.dll
0x73410000 - 0x73441000 	C:\Program Files (x86)\Java\jdk1.7.0_10\jre\bin\t2k.dll
0x75670000 - 0x756f3000 	C:\Windows\syswow64\CLBCatQ.DLL
0x735c0000 - 0x735c8000 	C:\Program Files (x86)\DonJohnston\CoWriter\Resources\Libraries\CWTextService.dll
0x74850000 - 0x748f3000 	C:\Windows\WinSxS\x86_microsoft.vc90.crt_1fc8b3b9a1e18e3b_9.0.30729.6161_none_50934f2ebcb7eb57\MSVCR90.dll
0x73140000 - 0x73198000 	C:\Program Files (x86)\Common Files\microsoft shared\ink\tiptsf.dll
0x72920000 - 0x72936000 	C:\Windows\system32\CRYPTSP.dll
0x728e0000 - 0x7291b000 	C:\Windows\system32\rsaenh.dll
0x728d0000 - 0x728de000 	C:\Windows\system32\RpcRtRemote.dll
0x731b0000 - 0x731d4000 	C:\Program Files (x86)\Java\jdk1.7.0_10\jre\bin\dcpr.dll
0x76cc0000 - 0x76cd7000 	C:\Windows\syswow64\USERENV.dll
0x76820000 - 0x7682b000 	C:\Windows\syswow64\profapi.dll
0x71540000 - 0x71550000 	C:\Windows\system32\NLAapi.dll
0x71530000 - 0x71540000 	C:\Windows\system32\napinsp.dll
0x71510000 - 0x71522000 	C:\Windows\system32\pnrpnsp.dll
0x717f0000 - 0x71834000 	C:\Windows\system32\DNSAPI.dll
0x71500000 - 0x71508000 	C:\Windows\System32\winrnr.dll
0x71270000 - 0x71297000 	C:\Program Files (x86)\Common Files\Microsoft Shared\Windows Live\WLIDNSP.DLL
0x71260000 - 0x7126d000 	C:\Windows\system32\wshbth.dll
0x71230000 - 0x71251000 	C:\Program Files (x86)\Bonjour\mdnsNSP.dll
0x72960000 - 0x7297c000 	C:\Windows\system32\Iphlpapi.DLL
0x72950000 - 0x72957000 	C:\Windows\system32\WINNSI.DLL
0x63560000 - 0x63568000 	C:\Program Files (x86)\National Instruments\Shared\mDNS Responder\nimdnsNSP.dll
0x63550000 - 0x6355b000 	C:\Windows\system32\nimdnsResponder.dll
0x72ec0000 - 0x72ec5000 	C:\Windows\System32\wshtcpip.dll
0x714b0000 - 0x714b6000 	C:\Windows\system32\rasadhlp.dll
0x714c0000 - 0x714f8000 	C:\Windows\System32\fwpuclnt.dll
0x70d90000 - 0x70db5000 	C:\Program Files (x86)\Java\jdk1.7.0_10\jre\bin\jpeg.dll
0x6f3b0000 - 0x6f49b000 	C:\Windows\system32\dbghelp.dll

VM Arguments:
jvm_args: -Dfile.encoding=UTF-8 -Djava.library.path=C:\OpenCV\opencv\build\java\x86 
java_command: opencvhello.NewJFrame
Launcher Type: SUN_STANDARD

Environment Variables:
JAVA_HOME=C:\Program Files\Java\jdk1.7.0_07
PATH=C:\PROGRAM FILES\BROADCOM\BROADCOM 802.11\DRIVER;C:\PROGRAM FILES (X86)\AMD APP\BIN\X86_64;C:\PROGRAM FILES (X86)\AMD APP\BIN\X86;C:\PROGRAM FILES\COMMON FILES\MICROSOFT SHARED\WINDOWS LIVE;C:\PROGRAM FILES (X86)\COMMON FILES\MICROSOFT SHARED\WINDOWS LIVE;C:\Windows\SYSTEM32;C:\Windows;C:\Windows\SYSTEM32\WBEM;C:\Windows\SYSTEM32\WINDOWSPOWERSHELL\V1.0\;C:\PROGRAM FILES (X86)\WINDOWS LIVE\SHARED;C:\PROGRAM FILES (X86)\ATI TECHNOLOGIES\ATI.ACE\CORE-STATIC;C:\PROGRAM FILES (X86)\HEWLETT-PACKARD\HP SIMPLEPASS IDENTITY PROTECTION\X64;C:\PROGRAM FILES (X86)\IVI FOUNDATION\VISA\WINNT\BIN;C:\PROGRA~2\IVIFOU~1\VISA\WINNT\BIN;C:\PROGRAM FILES (X86)\LEJOS NXJ\BIN;C:\PROGRAM FILES\TORTOISEGIT\BIN;C:\PROGRAM FILES\MICROSOFT SQL SERVER\110\TOOLS\BINN\;;C:\PROGRAM FILES (X86)\GTKSHARP\2.12\BIN;C:\PROGRAM FILES\MICROSOFT\WEB PLATFORM INSTALLER\;C:\PROGRAM FILES (X86)\MICROSOFT ASP.NET\ASP.NET WEB PAGES\V1.0\;C:\Program Files\WIDCOMM\Bluetooth Software\;C:\Program Files\WIDCOMM\Bluetooth Software\syswow64;;.\Common\Libraries;C:\python2;C:\Program Files (x86)\Nmap
USERNAME=Alex
OS=Windows_NT
PROCESSOR_IDENTIFIER=AMD64 Family 20 Model 2 Stepping 0, AuthenticAMD



---------------  S Y S T E M  ---------------

OS: Windows 7 , 64 bit Build 7601 Service Pack 1

CPU:total 2 (2 cores per cpu, 1 threads per core) family 20 model 2 stepping 0, cmov, cx8, fxsr, mmx, sse, sse2, sse3, ssse3, popcnt, mmxext, lzcnt, sse4a, tsc, tscinvbit, tscinv

Memory: 4k page, physical 7971192k(4872392k free), swap 15940520k(12322528k free)

vm_info: Java HotSpot(TM) Client VM (23.6-b04) for windows-x86 JRE (1.7.0_10-b18), built on Nov 28 2012 08:34:29 by "java_re" with unknown MS VC++:1600

time: Sat Sep 20 09:40:56 2014
elapsed time: 128 seconds

